# Logfile created on 2026-03-31 18:27:58 +0200 by logger.rb/v1.5.3
2026-03-31 18:27:58 +0200: Memory Usage (444944K) : Starting running IHP-SG13G2 KLayout DRC runset on /foss/designs/IHP__SoC7610/release/v.1.0.0/gds/octowave.gds
2026-03-31 18:27:58 +0200: Memory Usage (444944K) : Ruby Version for klayout: 3.2.3
2026-03-31 18:28:01 +0200: Memory Usage (659588K) : Loading database to memory is complete.
2026-03-31 18:28:01 +0200: Memory Usage (659588K) : IHP-SG13G2 KLayout DRC runset output at: /foss/designs/IHP__SoC7610/release/v.1.0.0/gds/drc_run_2026_03_31_16_27_33/octowave_octowave_forbidden.lyrdb
2026-03-31 18:28:01 +0200: Memory Usage (659588K) : Evaluate switches.
2026-03-31 18:28:01 +0200: Memory Usage (659588K) : tables selected: forbidden
2026-03-31 18:28:01 +0200: Memory Usage (659588K) : KLayout will use 32 thread(s) in tiling mode.
2026-03-31 18:28:01 +0200: Memory Usage (659588K) : deep mode is enabled.
2026-03-31 18:28:01 +0200: Memory Usage (659588K) : FEOL enabled: false
2026-03-31 18:28:01 +0200: Memory Usage (659588K) : BEOL enabled: false
2026-03-31 18:28:01 +0200: Memory Usage (659588K) : OFFGRID enabled: false
2026-03-31 18:28:01 +0200: Memory Usage (659588K) : ANGLE enabled: true
2026-03-31 18:28:01 +0200: Memory Usage (659588K) : PIN enabled: false
2026-03-31 18:28:01 +0200: Memory Usage (659588K) : FORBIDDEN enabled: false
2026-03-31 18:28:01 +0200: Memory Usage (659588K) : RECOMMENDED enabled: false
2026-03-31 18:28:01 +0200: Memory Usage (659588K) : PreCheck DRC enabled: true
2026-03-31 18:28:01 +0200: Memory Usage (659588K) : CONNECTIVITY_RULES enabled: false.
2026-03-31 18:28:01 +0200: Memory Usage (659588K) : Read in polygons from layers.
2026-03-31 18:28:02 +0200: Memory Usage (675288K) : activ_drw has 403323 polygons
2026-03-31 18:28:02 +0200: Memory Usage (675288K) : activ_pin has 0 polygons
2026-03-31 18:28:02 +0200: Memory Usage (675288K) : activ_mask has 0 polygons
2026-03-31 18:28:02 +0200: Memory Usage (675288K) : activ_filler has 0 polygons
2026-03-31 18:28:02 +0200: Memory Usage (675288K) : activ_nofill has 0 polygons
2026-03-31 18:28:02 +0200: Memory Usage (675288K) : activ_opc has 0 polygons
2026-03-31 18:28:02 +0200: Memory Usage (675288K) : activ_iopc has 0 polygons
2026-03-31 18:28:02 +0200: Memory Usage (675288K) : activ_noqrc has 0 polygons
2026-03-31 18:28:02 +0200: Memory Usage (675288K) : biwind_drw has 0 polygons
2026-03-31 18:28:02 +0200: Memory Usage (675288K) : biwind_opc has 0 polygons
2026-03-31 18:28:02 +0200: Memory Usage (675288K) : pemwind_drw has 0 polygons
2026-03-31 18:28:03 +0200: Memory Usage (685176K) : gatpoly_drw has 363609 polygons
2026-03-31 18:28:03 +0200: Memory Usage (685176K) : gatpoly_pin has 774 polygons
2026-03-31 18:28:03 +0200: Memory Usage (685176K) : gatpoly_filler has 0 polygons
2026-03-31 18:28:03 +0200: Memory Usage (685176K) : gatpoly_nofill has 0 polygons
2026-03-31 18:28:03 +0200: Memory Usage (685176K) : gatpoly_opc has 0 polygons
2026-03-31 18:28:03 +0200: Memory Usage (685176K) : gatpoly_iopc has 0 polygons
2026-03-31 18:28:03 +0200: Memory Usage (685176K) : gatpoly_noqrc has 0 polygons
2026-03-31 18:28:06 +0200: Memory Usage (753084K) : cont_drw has 11013776 polygons
2026-03-31 18:28:06 +0200: Memory Usage (753084K) : cont_opc has 0 polygons
2026-03-31 18:28:06 +0200: Memory Usage (753084K) : nsd_drw has 0 polygons
2026-03-31 18:28:06 +0200: Memory Usage (753084K) : nsd_block has 0 polygons
2026-03-31 18:28:08 +0200: Memory Usage (761532K) : metal1_drw has 833614 polygons
2026-03-31 18:28:08 +0200: Memory Usage (761532K) : metal1_pin has 347782 polygons
2026-03-31 18:28:08 +0200: Memory Usage (761532K) : metal1_mask has 0 polygons
2026-03-31 18:28:08 +0200: Memory Usage (761532K) : metal1_filler has 0 polygons
2026-03-31 18:28:08 +0200: Memory Usage (761532K) : metal1_nofill has 0 polygons
2026-03-31 18:28:08 +0200: Memory Usage (761532K) : metal1_slit has 0 polygons
2026-03-31 18:28:08 +0200: Memory Usage (766992K) : metal1_text has 338966 polygons
2026-03-31 18:28:08 +0200: Memory Usage (766992K) : metal1_opc has 0 polygons
2026-03-31 18:28:08 +0200: Memory Usage (766992K) : metal1_noqrc has 0 polygons
2026-03-31 18:28:08 +0200: Memory Usage (766992K) : metal1_res has 0 polygons
2026-03-31 18:28:08 +0200: Memory Usage (766992K) : metal1_iprobe has 0 polygons
2026-03-31 18:28:08 +0200: Memory Usage (766992K) : metal1_diffprb has 0 polygons
2026-03-31 18:28:08 +0200: Memory Usage (766992K) : passiv_drw has 120 polygons
2026-03-31 18:28:08 +0200: Memory Usage (766992K) : passiv_pin has 0 polygons
2026-03-31 18:28:08 +0200: Memory Usage (766992K) : passiv_sbump has 0 polygons
2026-03-31 18:28:08 +0200: Memory Usage (766992K) : passiv_pillar has 0 polygons
2026-03-31 18:28:08 +0200: Memory Usage (766992K) : passiv_pdl has 0 polygons
2026-03-31 18:28:09 +0200: Memory Usage (785208K) : metal2_drw has 659685 polygons
2026-03-31 18:28:09 +0200: Memory Usage (785208K) : metal2_pin has 2290 polygons
2026-03-31 18:28:09 +0200: Memory Usage (785208K) : metal2_mask has 0 polygons
2026-03-31 18:28:09 +0200: Memory Usage (785208K) : metal2_filler has 1143 polygons
2026-03-31 18:28:09 +0200: Memory Usage (785208K) : metal2_nofill has 0 polygons
2026-03-31 18:28:09 +0200: Memory Usage (785208K) : metal2_slit has 0 polygons
2026-03-31 18:28:09 +0200: Memory Usage (785208K) : metal2_text has 2158 polygons
2026-03-31 18:28:09 +0200: Memory Usage (785208K) : metal2_opc has 0 polygons
2026-03-31 18:28:09 +0200: Memory Usage (785208K) : metal2_noqrc has 0 polygons
2026-03-31 18:28:09 +0200: Memory Usage (785208K) : metal2_res has 0 polygons
2026-03-31 18:28:09 +0200: Memory Usage (785208K) : metal2_iprobe has 0 polygons
2026-03-31 18:28:09 +0200: Memory Usage (785208K) : metal2_diffprb has 0 polygons
2026-03-31 18:28:09 +0200: Memory Usage (785208K) : baspoly_drw has 0 polygons
2026-03-31 18:28:09 +0200: Memory Usage (785208K) : baspoly_pin has 0 polygons
2026-03-31 18:28:09 +0200: Memory Usage (785208K) : psd_drw has 190070 polygons
2026-03-31 18:28:09 +0200: Memory Usage (785208K) : nldb_drw has 0 polygons
2026-03-31 18:28:09 +0200: Memory Usage (785208K) : digibnd_drw has 0 polygons
2026-03-31 18:28:10 +0200: Memory Usage (791280K) : via1_drw has 641588 polygons
2026-03-31 18:28:10 +0200: Memory Usage (791280K) : backmetal1_drw has 0 polygons
2026-03-31 18:28:10 +0200: Memory Usage (791280K) : backmetal1_pin has 0 polygons
2026-03-31 18:28:10 +0200: Memory Usage (791280K) : backmetal1_mask has 0 polygons
2026-03-31 18:28:10 +0200: Memory Usage (791280K) : backmetal1_filler has 0 polygons
2026-03-31 18:28:10 +0200: Memory Usage (791280K) : backmetal1_nofill has 0 polygons
2026-03-31 18:28:10 +0200: Memory Usage (791280K) : backmetal1_slit has 0 polygons
2026-03-31 18:28:10 +0200: Memory Usage (791280K) : backmetal1_text has 0 polygons
2026-03-31 18:28:10 +0200: Memory Usage (791280K) : backmetal1_opc has 0 polygons
2026-03-31 18:28:10 +0200: Memory Usage (791280K) : backmetal1_noqrc has 0 polygons
2026-03-31 18:28:10 +0200: Memory Usage (791280K) : backmetal1_res has 0 polygons
2026-03-31 18:28:10 +0200: Memory Usage (791280K) : backmetal1_iprobe has 0 polygons
2026-03-31 18:28:10 +0200: Memory Usage (791280K) : backmetal1_diffprb has 0 polygons
2026-03-31 18:28:10 +0200: Memory Usage (791280K) : backpassiv_drw has 0 polygons
2026-03-31 18:28:10 +0200: Memory Usage (791280K) : res_drw has 0 polygons
2026-03-31 18:28:10 +0200: Memory Usage (791280K) : sram_drw has 0 polygons
2026-03-31 18:28:10 +0200: Memory Usage (791280K) : trans_drw has 0 polygons
2026-03-31 18:28:10 +0200: Memory Usage (791280K) : ind_drw has 0 polygons
2026-03-31 18:28:10 +0200: Memory Usage (791280K) : ind_pin has 0 polygons
2026-03-31 18:28:10 +0200: Memory Usage (791280K) : ind_text has 0 polygons
2026-03-31 18:28:10 +0200: Memory Usage (791280K) : salblock_drw has 1125 polygons
2026-03-31 18:28:10 +0200: Memory Usage (795768K) : via2_drw has 688861 polygons
2026-03-31 18:28:10 +0200: Memory Usage (801048K) : metal3_drw has 331012 polygons
2026-03-31 18:28:10 +0200: Memory Usage (801048K) : metal3_pin has 1918 polygons
2026-03-31 18:28:10 +0200: Memory Usage (801048K) : metal3_mask has 0 polygons
2026-03-31 18:28:10 +0200: Memory Usage (801048K) : metal3_filler has 1636 polygons
2026-03-31 18:28:10 +0200: Memory Usage (801048K) : metal3_nofill has 0 polygons
2026-03-31 18:28:10 +0200: Memory Usage (801048K) : metal3_slit has 0 polygons
2026-03-31 18:28:10 +0200: Memory Usage (801048K) : metal3_text has 1467 polygons
2026-03-31 18:28:10 +0200: Memory Usage (801048K) : metal3_opc has 0 polygons
2026-03-31 18:28:10 +0200: Memory Usage (801048K) : metal3_noqrc has 0 polygons
2026-03-31 18:28:10 +0200: Memory Usage (801048K) : metal3_res has 0 polygons
2026-03-31 18:28:10 +0200: Memory Usage (801048K) : metal3_iprobe has 0 polygons
2026-03-31 18:28:10 +0200: Memory Usage (801048K) : metal3_diffprb has 0 polygons
2026-03-31 18:28:10 +0200: Memory Usage (801048K) : nwell_drw has 93113 polygons
2026-03-31 18:28:10 +0200: Memory Usage (801048K) : nwell_pin has 0 polygons
2026-03-31 18:28:10 +0200: Memory Usage (801048K) : nbulay_drw has 1974 polygons
2026-03-31 18:28:10 +0200: Memory Usage (801048K) : nbulay_pin has 0 polygons
2026-03-31 18:28:10 +0200: Memory Usage (801048K) : nbulay_block has 0 polygons
2026-03-31 18:28:10 +0200: Memory Usage (801048K) : emwind_drw has 0 polygons
2026-03-31 18:28:10 +0200: Memory Usage (801048K) : emwind_opc has 0 polygons
2026-03-31 18:28:10 +0200: Memory Usage (801048K) : deepco_drw has 0 polygons
2026-03-31 18:28:10 +0200: Memory Usage (801048K) : deepco_drw has 0 polygons
2026-03-31 18:28:10 +0200: Memory Usage (801048K) : mim_drw has 176 polygons
2026-03-31 18:28:10 +0200: Memory Usage (801048K) : edgeseal_drw has 24 polygons
2026-03-31 18:28:10 +0200: Memory Usage (801048K) : edgeseal_bound has 1 polygons
2026-03-31 18:28:10 +0200: Memory Usage (801048K) : substrate_drw has 6577 polygons
2026-03-31 18:28:10 +0200: Memory Usage (801048K) : substrate_text has 0 polygons
2026-03-31 18:28:10 +0200: Memory Usage (801048K) : dfpad_drw has 108 polygons
2026-03-31 18:28:10 +0200: Memory Usage (801048K) : dfpad_pillar has 0 polygons
2026-03-31 18:28:10 +0200: Memory Usage (801048K) : dfpad_sbump has 0 polygons
2026-03-31 18:28:10 +0200: Memory Usage (801048K) : thickgateox_drw has 197 polygons
2026-03-31 18:28:10 +0200: Memory Usage (801048K) : pldb_drw has 0 polygons
2026-03-31 18:28:10 +0200: Memory Usage (801048K) : pwell_drw has 0 polygons
2026-03-31 18:28:10 +0200: Memory Usage (801048K) : pwell_pin has 0 polygons
2026-03-31 18:28:10 +0200: Memory Usage (801048K) : pwell_block has 0 polygons
2026-03-31 18:28:10 +0200: Memory Usage (801048K) : ic_drw has 0 polygons
2026-03-31 18:28:11 +0200: Memory Usage (801048K) : via3_drw has 345358 polygons
2026-03-31 18:28:11 +0200: Memory Usage (802104K) : metal4_drw has 74299 polygons
2026-03-31 18:28:11 +0200: Memory Usage (802104K) : metal4_pin has 1805 polygons
2026-03-31 18:28:11 +0200: Memory Usage (802104K) : metal4_mask has 0 polygons
2026-03-31 18:28:11 +0200: Memory Usage (802104K) : metal4_filler has 21889 polygons
2026-03-31 18:28:11 +0200: Memory Usage (802104K) : metal4_nofill has 0 polygons
2026-03-31 18:28:11 +0200: Memory Usage (802104K) : metal4_slit has 0 polygons
2026-03-31 18:28:11 +0200: Memory Usage (802104K) : metal4_text has 1357 polygons
2026-03-31 18:28:11 +0200: Memory Usage (802104K) : metal4_opc has 0 polygons
2026-03-31 18:28:11 +0200: Memory Usage (802104K) : metal4_noqrc has 0 polygons
2026-03-31 18:28:11 +0200: Memory Usage (802104K) : metal4_res has 0 polygons
2026-03-31 18:28:11 +0200: Memory Usage (802104K) : metal4_iprobe has 0 polygons
2026-03-31 18:28:11 +0200: Memory Usage (802104K) : metal4_diffprb has 0 polygons
2026-03-31 18:28:11 +0200: Memory Usage (802104K) : heattrans_drw has 9084 polygons
2026-03-31 18:28:11 +0200: Memory Usage (802104K) : heatres_drw has 1042 polygons
2026-03-31 18:28:11 +0200: Memory Usage (802104K) : pempoly_drw has 0 polygons
2026-03-31 18:28:11 +0200: Memory Usage (802104K) : fbe_drw has 0 polygons
2026-03-31 18:28:11 +0200: Memory Usage (802104K) : empoly_drw has 0 polygons
2026-03-31 18:28:11 +0200: Memory Usage (802104K) : ldmos_drw has 0 polygons
2026-03-31 18:28:11 +0200: Memory Usage (802104K) : pbiwind_drw has 0 polygons
2026-03-31 18:28:11 +0200: Memory Usage (802104K) : digisub_drw has 0 polygons
2026-03-31 18:28:11 +0200: Memory Usage (802104K) : nodrc_drw has 0 polygons
2026-03-31 18:28:11 +0200: Memory Usage (802104K) : text_drw has 4679 polygons
2026-03-31 18:28:11 +0200: Memory Usage (804744K) : via4_drw has 329885 polygons
2026-03-31 18:28:11 +0200: Memory Usage (804744K) : metal5_drw has 33477 polygons
2026-03-31 18:28:11 +0200: Memory Usage (804744K) : metal5_pin has 1746 polygons
2026-03-31 18:28:11 +0200: Memory Usage (804744K) : metal5_mask has 0 polygons
2026-03-31 18:28:11 +0200: Memory Usage (805272K) : metal5_filler has 24498 polygons
2026-03-31 18:28:11 +0200: Memory Usage (805272K) : metal5_nofill has 0 polygons
2026-03-31 18:28:11 +0200: Memory Usage (805272K) : metal5_slit has 0 polygons
2026-03-31 18:28:11 +0200: Memory Usage (805272K) : metal5_text has 1298 polygons
2026-03-31 18:28:11 +0200: Memory Usage (805272K) : metal5_opc has 0 polygons
2026-03-31 18:28:11 +0200: Memory Usage (805272K) : metal5_noqrc has 0 polygons
2026-03-31 18:28:11 +0200: Memory Usage (805272K) : metal5_res has 0 polygons
2026-03-31 18:28:11 +0200: Memory Usage (805272K) : metal5_iprobe has 0 polygons
2026-03-31 18:28:11 +0200: Memory Usage (805272K) : metal5_diffprb has 0 polygons
2026-03-31 18:28:11 +0200: Memory Usage (805272K) : radhard_drw has 0 polygons
2026-03-31 18:28:11 +0200: Memory Usage (805272K) : memcap_drw has 0 polygons
2026-03-31 18:28:11 +0200: Memory Usage (805272K) : varicap_drw has 0 polygons
2026-03-31 18:28:11 +0200: Memory Usage (805272K) : flash_drw has 0 polygons
2026-03-31 18:28:11 +0200: Memory Usage (805272K) : intbondvia_drw has 0 polygons
2026-03-31 18:28:11 +0200: Memory Usage (805272K) : intbondmet_drw has 0 polygons
2026-03-31 18:28:11 +0200: Memory Usage (805272K) : devbondvia_drw has 0 polygons
2026-03-31 18:28:11 +0200: Memory Usage (805272K) : devbondmet_drw has 0 polygons
2026-03-31 18:28:11 +0200: Memory Usage (805272K) : devtrench_drw has 0 polygons
2026-03-31 18:28:11 +0200: Memory Usage (805272K) : redist_drw has 0 polygons
2026-03-31 18:28:11 +0200: Memory Usage (805272K) : graphbot_drw has 0 polygons
2026-03-31 18:28:11 +0200: Memory Usage (805272K) : graphtop_drw has 0 polygons
2026-03-31 18:28:11 +0200: Memory Usage (805272K) : antvia1_drw has 0 polygons
2026-03-31 18:28:11 +0200: Memory Usage (805272K) : antmetal2_drw has 0 polygons
2026-03-31 18:28:11 +0200: Memory Usage (805272K) : graphcont_drw has 0 polygons
2026-03-31 18:28:11 +0200: Memory Usage (805272K) : siwg_drw has 0 polygons
2026-03-31 18:28:11 +0200: Memory Usage (805272K) : siwg_filler has 0 polygons
2026-03-31 18:28:11 +0200: Memory Usage (805272K) : siwg_nofill has 0 polygons
2026-03-31 18:28:11 +0200: Memory Usage (805272K) : sigrating_drw has 0 polygons
2026-03-31 18:28:11 +0200: Memory Usage (805272K) : singrating_drw has 0 polygons
2026-03-31 18:28:11 +0200: Memory Usage (805272K) : graphpas_drw has 0 polygons
2026-03-31 18:28:11 +0200: Memory Usage (805272K) : emwind3_drw has 0 polygons
2026-03-31 18:28:11 +0200: Memory Usage (805272K) : emwihv3_drw has 0 polygons
2026-03-31 18:28:11 +0200: Memory Usage (805272K) : redbulay_drw has 0 polygons
2026-03-31 18:28:11 +0200: Memory Usage (805272K) : smos_drw has 0 polygons
2026-03-31 18:28:11 +0200: Memory Usage (805272K) : graphpad_drw has 0 polygons
2026-03-31 18:28:11 +0200: Memory Usage (805272K) : polimide_drw has 0 polygons
2026-03-31 18:28:11 +0200: Memory Usage (805272K) : polimide_pin has 0 polygons
2026-03-31 18:28:11 +0200: Memory Usage (805272K) : recog_drw has 0 polygons
2026-03-31 18:28:11 +0200: Memory Usage (805272K) : recog_pin has 0 polygons
2026-03-31 18:28:11 +0200: Memory Usage (805272K) : recog_esd has 0 polygons
2026-03-31 18:28:11 +0200: Memory Usage (805272K) : recog_diode has 537 polygons
2026-03-31 18:28:11 +0200: Memory Usage (805272K) : recog_tsv has 0 polygons
2026-03-31 18:28:11 +0200: Memory Usage (805272K) : recog_iprobe has 0 polygons
2026-03-31 18:28:11 +0200: Memory Usage (805272K) : recog_diffprb has 0 polygons
2026-03-31 18:28:11 +0200: Memory Usage (805272K) : recog_pillar has 0 polygons
2026-03-31 18:28:11 +0200: Memory Usage (805272K) : recog_sbump has 0 polygons
2026-03-31 18:28:11 +0200: Memory Usage (805272K) : recog_otp has 0 polygons
2026-03-31 18:28:11 +0200: Memory Usage (805272K) : recog_pdiode has 0 polygons
2026-03-31 18:28:11 +0200: Memory Usage (805272K) : recog_mom has 0 polygons
2026-03-31 18:28:11 +0200: Memory Usage (805272K) : recog_pcm has 0 polygons
2026-03-31 18:28:11 +0200: Memory Usage (805272K) : colopen_drw has 0 polygons
2026-03-31 18:28:11 +0200: Memory Usage (805272K) : graphmetal1_drw has 0 polygons
2026-03-31 18:28:11 +0200: Memory Usage (805272K) : graphmetal1_filler has 0 polygons
2026-03-31 18:28:11 +0200: Memory Usage (805272K) : graphmetal1_nofill has 0 polygons
2026-03-31 18:28:11 +0200: Memory Usage (805272K) : graphmetal1_slit has 0 polygons
2026-03-31 18:28:11 +0200: Memory Usage (805272K) : graphmetal1_opc has 0 polygons
2026-03-31 18:28:11 +0200: Memory Usage (805272K) : graphmet1l_drw has 0 polygons
2026-03-31 18:28:11 +0200: Memory Usage (805272K) : graphmet1l_filler has 0 polygons
2026-03-31 18:28:11 +0200: Memory Usage (805272K) : graphmet1l_nofill has 0 polygons
2026-03-31 18:28:11 +0200: Memory Usage (805272K) : graphmet1l_slit has 0 polygons
2026-03-31 18:28:11 +0200: Memory Usage (805272K) : graphmet1l_opc has 0 polygons
2026-03-31 18:28:11 +0200: Memory Usage (805272K) : extblock_drw has 475 polygons
2026-03-31 18:28:11 +0200: Memory Usage (805272K) : nldd_drw has 0 polygons
2026-03-31 18:28:11 +0200: Memory Usage (805272K) : pldd_drw has 0 polygons
2026-03-31 18:28:11 +0200: Memory Usage (805272K) : next_drw has 0 polygons
2026-03-31 18:28:11 +0200: Memory Usage (805272K) : pext_drw has 0 polygons
2026-03-31 18:28:11 +0200: Memory Usage (805272K) : nexthv_drw has 0 polygons
2026-03-31 18:28:11 +0200: Memory Usage (805272K) : pexthv_drw has 0 polygons
2026-03-31 18:28:11 +0200: Memory Usage (805272K) : graphgate_drw has 0 polygons
2026-03-31 18:28:11 +0200: Memory Usage (805272K) : sinwg_drw has 0 polygons
2026-03-31 18:28:11 +0200: Memory Usage (805272K) : sinwg_filler has 0 polygons
2026-03-31 18:28:11 +0200: Memory Usage (805272K) : sinwg_nofill has 0 polygons
2026-03-31 18:28:11 +0200: Memory Usage (805272K) : mempad_drw has 0 polygons
2026-03-31 18:28:11 +0200: Memory Usage (805272K) : topvia1_drw has 266080 polygons
2026-03-31 18:28:11 +0200: Memory Usage (805536K) : topmetal1_drw has 7868 polygons
2026-03-31 18:28:11 +0200: Memory Usage (805536K) : topmetal1_pin has 1915 polygons
2026-03-31 18:28:11 +0200: Memory Usage (805536K) : topmetal1_mask has 0 polygons
2026-03-31 18:28:11 +0200: Memory Usage (805536K) : topmetal1_filler has 5304 polygons
2026-03-31 18:28:11 +0200: Memory Usage (805800K) : topmetal1_nofill has 0 polygons
2026-03-31 18:28:11 +0200: Memory Usage (805800K) : topmetal1_slit has 0 polygons
2026-03-31 18:28:11 +0200: Memory Usage (805800K) : topmetal1_text has 1417 polygons
2026-03-31 18:28:11 +0200: Memory Usage (805800K) : topmetal1_noqrc has 0 polygons
2026-03-31 18:28:11 +0200: Memory Usage (806064K) : topmetal1_res has 0 polygons
2026-03-31 18:28:11 +0200: Memory Usage (806064K) : topmetal1_iprobe has 0 polygons
2026-03-31 18:28:11 +0200: Memory Usage (806064K) : topmetal1_diffprb has 0 polygons
2026-03-31 18:28:11 +0200: Memory Usage (806064K) : inldpwl_drw has 0 polygons
2026-03-31 18:28:11 +0200: Memory Usage (806064K) : polyres_drw has 1042 polygons
2026-03-31 18:28:11 +0200: Memory Usage (806328K) : polyres_pin has 0 polygons
2026-03-31 18:28:11 +0200: Memory Usage (806328K) : vmim_drw has 0 polygons
2026-03-31 18:28:11 +0200: Memory Usage (806328K) : nbulaycut_drw has 0 polygons
2026-03-31 18:28:11 +0200: Memory Usage (806328K) : antmetal1_drw has 0 polygons
2026-03-31 18:28:11 +0200: Memory Usage (806592K) : topvia2_drw has 175194 polygons
2026-03-31 18:28:11 +0200: Memory Usage (806856K) : topmetal2_drw has 2219 polygons
2026-03-31 18:28:11 +0200: Memory Usage (806856K) : topmetal2_pin has 1489 polygons
2026-03-31 18:28:11 +0200: Memory Usage (806856K) : topmetal2_mask has 0 polygons
2026-03-31 18:28:11 +0200: Memory Usage (807120K) : topmetal2_filler has 5280 polygons
2026-03-31 18:28:11 +0200: Memory Usage (807120K) : topmetal2_nofill has 0 polygons
2026-03-31 18:28:11 +0200: Memory Usage (807120K) : topmetal2_slit has 0 polygons
2026-03-31 18:28:11 +0200: Memory Usage (807120K) : topmetal2_text has 1457 polygons
2026-03-31 18:28:11 +0200: Memory Usage (807384K) : topmetal2_noqrc has 0 polygons
2026-03-31 18:28:11 +0200: Memory Usage (807384K) : topmetal2_res has 0 polygons
2026-03-31 18:28:11 +0200: Memory Usage (807384K) : topmetal2_iprobe has 0 polygons
2026-03-31 18:28:11 +0200: Memory Usage (807384K) : topmetal2_diffprb has 0 polygons
2026-03-31 18:28:11 +0200: Memory Usage (807384K) : snsring_drw has 0 polygons
2026-03-31 18:28:11 +0200: Memory Usage (807648K) : sensor_drw has 0 polygons
2026-03-31 18:28:11 +0200: Memory Usage (807648K) : snsarms_drw has 0 polygons
2026-03-31 18:28:11 +0200: Memory Usage (807648K) : snscmosvia_drw has 0 polygons
2026-03-31 18:28:11 +0200: Memory Usage (807648K) : colwind_drw has 0 polygons
2026-03-31 18:28:11 +0200: Memory Usage (807648K) : flm_drw has 0 polygons
2026-03-31 18:28:11 +0200: Memory Usage (807912K) : hafniumox_drw has 0 polygons
2026-03-31 18:28:11 +0200: Memory Usage (807912K) : memvia_drw has 0 polygons
2026-03-31 18:28:11 +0200: Memory Usage (807912K) : thinfilmres_drw has 0 polygons
2026-03-31 18:28:11 +0200: Memory Usage (807912K) : rfmem_drw has 0 polygons
2026-03-31 18:28:11 +0200: Memory Usage (808176K) : norcx_drw has 0 polygons
2026-03-31 18:28:11 +0200: Memory Usage (808176K) : norcx_m2m3 has 0 polygons
2026-03-31 18:28:11 +0200: Memory Usage (808176K) : norcx_m2m4 has 0 polygons
2026-03-31 18:28:11 +0200: Memory Usage (808176K) : norcx_m2m5 has 0 polygons
2026-03-31 18:28:11 +0200: Memory Usage (808176K) : norcx_m2tm1 has 0 polygons
2026-03-31 18:28:11 +0200: Memory Usage (808440K) : norcx_m2tm2 has 0 polygons
2026-03-31 18:28:11 +0200: Memory Usage (808440K) : norcx_m3m4 has 0 polygons
2026-03-31 18:28:11 +0200: Memory Usage (808440K) : norcx_m3m5 has 0 polygons
2026-03-31 18:28:11 +0200: Memory Usage (808440K) : norcx_m3tm1 has 0 polygons
2026-03-31 18:28:11 +0200: Memory Usage (808440K) : norcx_m3tm2 has 0 polygons
2026-03-31 18:28:11 +0200: Memory Usage (808704K) : norcx_m4m5 has 0 polygons
2026-03-31 18:28:11 +0200: Memory Usage (808704K) : norcx_m4tm1 has 0 polygons
2026-03-31 18:28:11 +0200: Memory Usage (808704K) : norcx_m4tm2 has 0 polygons
2026-03-31 18:28:11 +0200: Memory Usage (808704K) : norcx_m5tm1 has 0 polygons
2026-03-31 18:28:11 +0200: Memory Usage (808704K) : norcx_m5tm2 has 0 polygons
2026-03-31 18:28:11 +0200: Memory Usage (808968K) : norcx_tm1tm2 has 0 polygons
2026-03-31 18:28:11 +0200: Memory Usage (808968K) : norcx_m1sub has 0 polygons
2026-03-31 18:28:11 +0200: Memory Usage (808968K) : norcx_m2sub has 0 polygons
2026-03-31 18:28:11 +0200: Memory Usage (808968K) : norcx_m3sub has 0 polygons
2026-03-31 18:28:11 +0200: Memory Usage (809232K) : norcx_m4sub has 0 polygons
2026-03-31 18:28:11 +0200: Memory Usage (809232K) : norcx_m5sub has 0 polygons
2026-03-31 18:28:11 +0200: Memory Usage (809232K) : norcx_tm1sub has 0 polygons
2026-03-31 18:28:11 +0200: Memory Usage (809232K) : norcx_tm2sub has 0 polygons
2026-03-31 18:28:11 +0200: Memory Usage (809232K) : snsbotvia_drw has 0 polygons
2026-03-31 18:28:11 +0200: Memory Usage (809496K) : snstopvia_drw has 0 polygons
2026-03-31 18:28:11 +0200: Memory Usage (809496K) : deepvia_drw has 0 polygons
2026-03-31 18:28:11 +0200: Memory Usage (809496K) : fgetch_drw has 0 polygons
2026-03-31 18:28:11 +0200: Memory Usage (809496K) : ctrgat_drw has 0 polygons
2026-03-31 18:28:11 +0200: Memory Usage (809496K) : fgimp_drw has 0 polygons
2026-03-31 18:28:11 +0200: Memory Usage (809760K) : emwihv_drw has 0 polygons
2026-03-31 18:28:11 +0200: Memory Usage (809760K) : lbe_drw has 0 polygons
2026-03-31 18:28:11 +0200: Memory Usage (809760K) : alcustop_drw has 0 polygons
2026-03-31 18:28:11 +0200: Memory Usage (809760K) : nometfiller_drw has 0 polygons
2026-03-31 18:28:11 +0200: Memory Usage (809760K) : prboundary_drw has 0 polygons
2026-03-31 18:28:11 +0200: Memory Usage (810024K) : exchange0_drw has 0 polygons
2026-03-31 18:28:11 +0200: Memory Usage (810024K) : exchange0_pin has 0 polygons
2026-03-31 18:28:11 +0200: Memory Usage (810024K) : exchange0_text has 0 polygons
2026-03-31 18:28:11 +0200: Memory Usage (810024K) : exchange1_drw has 0 polygons
2026-03-31 18:28:11 +0200: Memory Usage (810024K) : exchange1_pin has 0 polygons
2026-03-31 18:28:11 +0200: Memory Usage (810288K) : exchange1_text has 0 polygons
2026-03-31 18:28:11 +0200: Memory Usage (810288K) : exchange2_drw has 0 polygons
2026-03-31 18:28:11 +0200: Memory Usage (810288K) : exchange2_pin has 0 polygons
2026-03-31 18:28:11 +0200: Memory Usage (810288K) : exchange2_text has 0 polygons
2026-03-31 18:28:11 +0200: Memory Usage (810288K) : exchange3_drw has 0 polygons
2026-03-31 18:28:11 +0200: Memory Usage (810552K) : exchange3_pin has 0 polygons
2026-03-31 18:28:11 +0200: Memory Usage (810552K) : exchange3_text has 0 polygons
2026-03-31 18:28:11 +0200: Memory Usage (810552K) : exchange4_drw has 0 polygons
2026-03-31 18:28:11 +0200: Memory Usage (810552K) : exchange4_pin has 0 polygons
2026-03-31 18:28:11 +0200: Memory Usage (810552K) : exchange4_text has 0 polygons
2026-03-31 18:28:11 +0200: Memory Usage (810816K) : isonwell_drw has 0 polygons
2026-03-31 18:28:11 +0200: Memory Usage (810816K) : Total no. of polygons in the design is 17247781
2026-03-31 18:28:11 +0200: Memory Usage (810816K) : Loaded TECH DRC rules values from /foss/pdks/ihp-sg13g2/libs.tech/klayout/python/sg13g2_pycell_lib/sg13g2_tech_mod.json
2026-03-31 18:28:11 +0200: Memory Usage (810816K) : Loaded default DRC rules values from /foss/pdks/ihp-sg13g2/libs.tech/klayout/tech/drc/rule_decks/sg13g2_tech_default.json
2026-03-31 18:28:11 +0200: Memory Usage (810816K) : The following rules values were missing in tech json and default values were used:
2026-03-31 18:28:11 +0200: Memory Usage (810816K) :   - NW_f1_digibnd
2026-03-31 18:28:11 +0200: Memory Usage (810816K) :   - Cnt_c_digibnd
2026-03-31 18:28:11 +0200: Memory Usage (810816K) :   - Cnt_c_sram
2026-03-31 18:28:11 +0200: Memory Usage (810816K) :   - Sdiod_b
2026-03-31 18:28:11 +0200: Memory Usage (810816K) :   - Sdiod_c
2026-03-31 18:28:11 +0200: Memory Usage (811080K) : Total area of the design is 11222500.0 um^2.
2026-03-31 18:28:11 +0200: Memory Usage (811080K) : The design dimensions are 3350.0 µm * 3350.0 µm.
2026-03-31 18:28:11 +0200: Memory Usage (811080K) : Starting general IHP-SG13G2 derivations.
2026-03-31 18:28:11 +0200: Memory Usage (811080K) : Starting Pwell derivations
2026-03-31 18:28:12 +0200: Memory Usage (846644K) : Starting IHP-SG13G2 DRC rules.
2026-03-31 18:28:12 +0200: Memory Usage (846644K) : Starting 3.2. FORBIDDEN table
2026-03-31 18:28:12 +0200: Memory Usage (846644K) : Executing rule forbidden.biwind
2026-03-31 18:28:12 +0200: Memory Usage (846644K) : Executing rule forbidden.pemwind
2026-03-31 18:28:12 +0200: Memory Usage (846644K) : Executing rule forbidden.baspoly
2026-03-31 18:28:12 +0200: Memory Usage (846644K) : Executing rule forbidden.deepco
2026-03-31 18:28:12 +0200: Memory Usage (846644K) : Executing rule forbidden.pempoly
2026-03-31 18:28:12 +0200: Memory Usage (846644K) : Executing rule forbidden.empoly
2026-03-31 18:28:12 +0200: Memory Usage (846644K) : Executing rule forbidden.ldmos
2026-03-31 18:28:12 +0200: Memory Usage (846644K) : Executing rule forbidden.pbiwind
2026-03-31 18:28:12 +0200: Memory Usage (846644K) : Executing rule forbidden.nodrc
2026-03-31 18:28:12 +0200: Memory Usage (846644K) : Executing rule forbidden.flash
2026-03-31 18:28:12 +0200: Memory Usage (846644K) : Executing rule forbidden.colwind
2026-03-31 18:28:12 +0200: Memory Usage (846644K) : KLayout DRC run for tables 'forbidden' completed in 14.17 seconds
