# Logfile created on 2026-03-31 18:27:38 +0200 by logger.rb/v1.5.3
2026-03-31 18:27:38 +0200: Memory Usage (443896K) : Starting running IHP-SG13G2 KLayout DRC runset on /foss/designs/IHP__SoC7610/release/v.1.0.0/gds/octowave.gds
2026-03-31 18:27:38 +0200: Memory Usage (443896K) : Ruby Version for klayout: 3.2.3
2026-03-31 18:27:42 +0200: Memory Usage (658760K) : Loading database to memory is complete.
2026-03-31 18:27:42 +0200: Memory Usage (658760K) : IHP-SG13G2 KLayout DRC runset output at: /foss/designs/IHP__SoC7610/release/v.1.0.0/gds/drc_run_2026_03_31_16_27_33/octowave_octowave_cont.lyrdb
2026-03-31 18:27:42 +0200: Memory Usage (658760K) : Evaluate switches.
2026-03-31 18:27:42 +0200: Memory Usage (658760K) : tables selected: cont
2026-03-31 18:27:42 +0200: Memory Usage (658760K) : KLayout will use 32 thread(s) in tiling mode.
2026-03-31 18:27:42 +0200: Memory Usage (658760K) : deep mode is enabled.
2026-03-31 18:27:42 +0200: Memory Usage (658760K) : FEOL enabled: false
2026-03-31 18:27:42 +0200: Memory Usage (658760K) : BEOL enabled: false
2026-03-31 18:27:42 +0200: Memory Usage (658760K) : OFFGRID enabled: false
2026-03-31 18:27:42 +0200: Memory Usage (658760K) : ANGLE enabled: true
2026-03-31 18:27:42 +0200: Memory Usage (658760K) : PIN enabled: false
2026-03-31 18:27:42 +0200: Memory Usage (658760K) : FORBIDDEN enabled: false
2026-03-31 18:27:42 +0200: Memory Usage (658760K) : RECOMMENDED enabled: false
2026-03-31 18:27:42 +0200: Memory Usage (658760K) : PreCheck DRC enabled: true
2026-03-31 18:27:42 +0200: Memory Usage (658760K) : CONNECTIVITY_RULES enabled: false.
2026-03-31 18:27:42 +0200: Memory Usage (658760K) : Read in polygons from layers.
2026-03-31 18:27:43 +0200: Memory Usage (674412K) : activ_drw has 403323 polygons
2026-03-31 18:27:43 +0200: Memory Usage (674412K) : activ_pin has 0 polygons
2026-03-31 18:27:43 +0200: Memory Usage (674412K) : activ_mask has 0 polygons
2026-03-31 18:27:43 +0200: Memory Usage (674412K) : activ_filler has 0 polygons
2026-03-31 18:27:43 +0200: Memory Usage (674412K) : activ_nofill has 0 polygons
2026-03-31 18:27:43 +0200: Memory Usage (674412K) : activ_opc has 0 polygons
2026-03-31 18:27:43 +0200: Memory Usage (674412K) : activ_iopc has 0 polygons
2026-03-31 18:27:43 +0200: Memory Usage (674412K) : activ_noqrc has 0 polygons
2026-03-31 18:27:43 +0200: Memory Usage (674412K) : biwind_drw has 0 polygons
2026-03-31 18:27:43 +0200: Memory Usage (674412K) : biwind_opc has 0 polygons
2026-03-31 18:27:43 +0200: Memory Usage (674412K) : pemwind_drw has 0 polygons
2026-03-31 18:27:44 +0200: Memory Usage (684180K) : gatpoly_drw has 363609 polygons
2026-03-31 18:27:44 +0200: Memory Usage (684180K) : gatpoly_pin has 774 polygons
2026-03-31 18:27:44 +0200: Memory Usage (684180K) : gatpoly_filler has 0 polygons
2026-03-31 18:27:44 +0200: Memory Usage (684180K) : gatpoly_nofill has 0 polygons
2026-03-31 18:27:44 +0200: Memory Usage (684180K) : gatpoly_opc has 0 polygons
2026-03-31 18:27:44 +0200: Memory Usage (684180K) : gatpoly_iopc has 0 polygons
2026-03-31 18:27:44 +0200: Memory Usage (684180K) : gatpoly_noqrc has 0 polygons
2026-03-31 18:27:48 +0200: Memory Usage (752164K) : cont_drw has 11013776 polygons
2026-03-31 18:27:48 +0200: Memory Usage (752164K) : cont_opc has 0 polygons
2026-03-31 18:27:48 +0200: Memory Usage (752164K) : nsd_drw has 0 polygons
2026-03-31 18:27:48 +0200: Memory Usage (752164K) : nsd_block has 0 polygons
2026-03-31 18:27:51 +0200: Memory Usage (760732K) : metal1_drw has 833614 polygons
2026-03-31 18:27:52 +0200: Memory Usage (760732K) : metal1_pin has 347782 polygons
2026-03-31 18:27:52 +0200: Memory Usage (760732K) : metal1_mask has 0 polygons
2026-03-31 18:27:52 +0200: Memory Usage (760732K) : metal1_filler has 0 polygons
2026-03-31 18:27:52 +0200: Memory Usage (760732K) : metal1_nofill has 0 polygons
2026-03-31 18:27:52 +0200: Memory Usage (760732K) : metal1_slit has 0 polygons
2026-03-31 18:27:53 +0200: Memory Usage (766192K) : metal1_text has 338966 polygons
2026-03-31 18:27:53 +0200: Memory Usage (766192K) : metal1_opc has 0 polygons
2026-03-31 18:27:53 +0200: Memory Usage (766192K) : metal1_noqrc has 0 polygons
2026-03-31 18:27:53 +0200: Memory Usage (766192K) : metal1_res has 0 polygons
2026-03-31 18:27:53 +0200: Memory Usage (766192K) : metal1_iprobe has 0 polygons
2026-03-31 18:27:53 +0200: Memory Usage (766192K) : metal1_diffprb has 0 polygons
2026-03-31 18:27:53 +0200: Memory Usage (766192K) : passiv_drw has 120 polygons
2026-03-31 18:27:53 +0200: Memory Usage (766192K) : passiv_pin has 0 polygons
2026-03-31 18:27:53 +0200: Memory Usage (766192K) : passiv_sbump has 0 polygons
2026-03-31 18:27:53 +0200: Memory Usage (766192K) : passiv_pillar has 0 polygons
2026-03-31 18:27:53 +0200: Memory Usage (766192K) : passiv_pdl has 0 polygons
2026-03-31 18:27:54 +0200: Memory Usage (784408K) : metal2_drw has 659685 polygons
2026-03-31 18:27:54 +0200: Memory Usage (784408K) : metal2_pin has 2290 polygons
2026-03-31 18:27:54 +0200: Memory Usage (784408K) : metal2_mask has 0 polygons
2026-03-31 18:27:54 +0200: Memory Usage (784408K) : metal2_filler has 1143 polygons
2026-03-31 18:27:54 +0200: Memory Usage (784408K) : metal2_nofill has 0 polygons
2026-03-31 18:27:54 +0200: Memory Usage (784408K) : metal2_slit has 0 polygons
2026-03-31 18:27:54 +0200: Memory Usage (784408K) : metal2_text has 2158 polygons
2026-03-31 18:27:54 +0200: Memory Usage (784408K) : metal2_opc has 0 polygons
2026-03-31 18:27:54 +0200: Memory Usage (784408K) : metal2_noqrc has 0 polygons
2026-03-31 18:27:54 +0200: Memory Usage (784408K) : metal2_res has 0 polygons
2026-03-31 18:27:54 +0200: Memory Usage (784408K) : metal2_iprobe has 0 polygons
2026-03-31 18:27:54 +0200: Memory Usage (784408K) : metal2_diffprb has 0 polygons
2026-03-31 18:27:54 +0200: Memory Usage (784408K) : baspoly_drw has 0 polygons
2026-03-31 18:27:54 +0200: Memory Usage (784408K) : baspoly_pin has 0 polygons
2026-03-31 18:27:54 +0200: Memory Usage (784408K) : psd_drw has 190070 polygons
2026-03-31 18:27:54 +0200: Memory Usage (784408K) : nldb_drw has 0 polygons
2026-03-31 18:27:54 +0200: Memory Usage (784408K) : digibnd_drw has 0 polygons
2026-03-31 18:27:54 +0200: Memory Usage (790480K) : via1_drw has 641588 polygons
2026-03-31 18:27:54 +0200: Memory Usage (790480K) : backmetal1_drw has 0 polygons
2026-03-31 18:27:54 +0200: Memory Usage (790480K) : backmetal1_pin has 0 polygons
2026-03-31 18:27:54 +0200: Memory Usage (790480K) : backmetal1_mask has 0 polygons
2026-03-31 18:27:54 +0200: Memory Usage (790480K) : backmetal1_filler has 0 polygons
2026-03-31 18:27:54 +0200: Memory Usage (790480K) : backmetal1_nofill has 0 polygons
2026-03-31 18:27:54 +0200: Memory Usage (790480K) : backmetal1_slit has 0 polygons
2026-03-31 18:27:54 +0200: Memory Usage (790480K) : backmetal1_text has 0 polygons
2026-03-31 18:27:54 +0200: Memory Usage (790480K) : backmetal1_opc has 0 polygons
2026-03-31 18:27:54 +0200: Memory Usage (790480K) : backmetal1_noqrc has 0 polygons
2026-03-31 18:27:54 +0200: Memory Usage (790480K) : backmetal1_res has 0 polygons
2026-03-31 18:27:54 +0200: Memory Usage (790480K) : backmetal1_iprobe has 0 polygons
2026-03-31 18:27:54 +0200: Memory Usage (790480K) : backmetal1_diffprb has 0 polygons
2026-03-31 18:27:54 +0200: Memory Usage (790480K) : backpassiv_drw has 0 polygons
2026-03-31 18:27:54 +0200: Memory Usage (790480K) : res_drw has 0 polygons
2026-03-31 18:27:54 +0200: Memory Usage (790480K) : sram_drw has 0 polygons
2026-03-31 18:27:54 +0200: Memory Usage (790480K) : trans_drw has 0 polygons
2026-03-31 18:27:54 +0200: Memory Usage (790480K) : ind_drw has 0 polygons
2026-03-31 18:27:54 +0200: Memory Usage (790480K) : ind_pin has 0 polygons
2026-03-31 18:27:54 +0200: Memory Usage (790480K) : ind_text has 0 polygons
2026-03-31 18:27:54 +0200: Memory Usage (790480K) : salblock_drw has 1125 polygons
2026-03-31 18:27:55 +0200: Memory Usage (795232K) : via2_drw has 688861 polygons
2026-03-31 18:27:55 +0200: Memory Usage (800248K) : metal3_drw has 331012 polygons
2026-03-31 18:27:55 +0200: Memory Usage (800248K) : metal3_pin has 1918 polygons
2026-03-31 18:27:55 +0200: Memory Usage (800248K) : metal3_mask has 0 polygons
2026-03-31 18:27:55 +0200: Memory Usage (800248K) : metal3_filler has 1636 polygons
2026-03-31 18:27:55 +0200: Memory Usage (800248K) : metal3_nofill has 0 polygons
2026-03-31 18:27:55 +0200: Memory Usage (800248K) : metal3_slit has 0 polygons
2026-03-31 18:27:55 +0200: Memory Usage (800248K) : metal3_text has 1467 polygons
2026-03-31 18:27:55 +0200: Memory Usage (800248K) : metal3_opc has 0 polygons
2026-03-31 18:27:55 +0200: Memory Usage (800248K) : metal3_noqrc has 0 polygons
2026-03-31 18:27:55 +0200: Memory Usage (800248K) : metal3_res has 0 polygons
2026-03-31 18:27:55 +0200: Memory Usage (800248K) : metal3_iprobe has 0 polygons
2026-03-31 18:27:55 +0200: Memory Usage (800248K) : metal3_diffprb has 0 polygons
2026-03-31 18:27:55 +0200: Memory Usage (800248K) : nwell_drw has 93113 polygons
2026-03-31 18:27:55 +0200: Memory Usage (800248K) : nwell_pin has 0 polygons
2026-03-31 18:27:55 +0200: Memory Usage (800248K) : nbulay_drw has 1974 polygons
2026-03-31 18:27:55 +0200: Memory Usage (800248K) : nbulay_pin has 0 polygons
2026-03-31 18:27:55 +0200: Memory Usage (800248K) : nbulay_block has 0 polygons
2026-03-31 18:27:55 +0200: Memory Usage (800248K) : emwind_drw has 0 polygons
2026-03-31 18:27:55 +0200: Memory Usage (800248K) : emwind_opc has 0 polygons
2026-03-31 18:27:55 +0200: Memory Usage (800248K) : deepco_drw has 0 polygons
2026-03-31 18:27:55 +0200: Memory Usage (800248K) : deepco_drw has 0 polygons
2026-03-31 18:27:55 +0200: Memory Usage (800248K) : mim_drw has 176 polygons
2026-03-31 18:27:55 +0200: Memory Usage (800248K) : edgeseal_drw has 24 polygons
2026-03-31 18:27:55 +0200: Memory Usage (800248K) : edgeseal_bound has 1 polygons
2026-03-31 18:27:55 +0200: Memory Usage (800248K) : substrate_drw has 6577 polygons
2026-03-31 18:27:55 +0200: Memory Usage (800248K) : substrate_text has 0 polygons
2026-03-31 18:27:55 +0200: Memory Usage (800248K) : dfpad_drw has 108 polygons
2026-03-31 18:27:55 +0200: Memory Usage (800248K) : dfpad_pillar has 0 polygons
2026-03-31 18:27:55 +0200: Memory Usage (800248K) : dfpad_sbump has 0 polygons
2026-03-31 18:27:55 +0200: Memory Usage (800248K) : thickgateox_drw has 197 polygons
2026-03-31 18:27:55 +0200: Memory Usage (800248K) : pldb_drw has 0 polygons
2026-03-31 18:27:55 +0200: Memory Usage (800248K) : pwell_drw has 0 polygons
2026-03-31 18:27:55 +0200: Memory Usage (800248K) : pwell_pin has 0 polygons
2026-03-31 18:27:55 +0200: Memory Usage (800248K) : pwell_block has 0 polygons
2026-03-31 18:27:55 +0200: Memory Usage (800248K) : ic_drw has 0 polygons
2026-03-31 18:27:56 +0200: Memory Usage (800248K) : via3_drw has 345358 polygons
2026-03-31 18:27:56 +0200: Memory Usage (801304K) : metal4_drw has 74299 polygons
2026-03-31 18:27:56 +0200: Memory Usage (801304K) : metal4_pin has 1805 polygons
2026-03-31 18:27:56 +0200: Memory Usage (801304K) : metal4_mask has 0 polygons
2026-03-31 18:27:56 +0200: Memory Usage (801304K) : metal4_filler has 21889 polygons
2026-03-31 18:27:56 +0200: Memory Usage (801304K) : metal4_nofill has 0 polygons
2026-03-31 18:27:56 +0200: Memory Usage (801304K) : metal4_slit has 0 polygons
2026-03-31 18:27:56 +0200: Memory Usage (801304K) : metal4_text has 1357 polygons
2026-03-31 18:27:56 +0200: Memory Usage (801304K) : metal4_opc has 0 polygons
2026-03-31 18:27:56 +0200: Memory Usage (801304K) : metal4_noqrc has 0 polygons
2026-03-31 18:27:56 +0200: Memory Usage (801304K) : metal4_res has 0 polygons
2026-03-31 18:27:56 +0200: Memory Usage (801304K) : metal4_iprobe has 0 polygons
2026-03-31 18:27:56 +0200: Memory Usage (801304K) : metal4_diffprb has 0 polygons
2026-03-31 18:27:56 +0200: Memory Usage (801304K) : heattrans_drw has 9084 polygons
2026-03-31 18:27:56 +0200: Memory Usage (801304K) : heatres_drw has 1042 polygons
2026-03-31 18:27:56 +0200: Memory Usage (801304K) : pempoly_drw has 0 polygons
2026-03-31 18:27:56 +0200: Memory Usage (801304K) : fbe_drw has 0 polygons
2026-03-31 18:27:56 +0200: Memory Usage (801304K) : empoly_drw has 0 polygons
2026-03-31 18:27:56 +0200: Memory Usage (801304K) : ldmos_drw has 0 polygons
2026-03-31 18:27:56 +0200: Memory Usage (801304K) : pbiwind_drw has 0 polygons
2026-03-31 18:27:56 +0200: Memory Usage (801304K) : digisub_drw has 0 polygons
2026-03-31 18:27:56 +0200: Memory Usage (801304K) : nodrc_drw has 0 polygons
2026-03-31 18:27:56 +0200: Memory Usage (801304K) : text_drw has 4679 polygons
2026-03-31 18:27:56 +0200: Memory Usage (802624K) : via4_drw has 329885 polygons
2026-03-31 18:27:56 +0200: Memory Usage (802624K) : metal5_drw has 33477 polygons
2026-03-31 18:27:56 +0200: Memory Usage (802624K) : metal5_pin has 1746 polygons
2026-03-31 18:27:56 +0200: Memory Usage (802624K) : metal5_mask has 0 polygons
2026-03-31 18:27:56 +0200: Memory Usage (802624K) : metal5_filler has 24498 polygons
2026-03-31 18:27:56 +0200: Memory Usage (802624K) : metal5_nofill has 0 polygons
2026-03-31 18:27:56 +0200: Memory Usage (802624K) : metal5_slit has 0 polygons
2026-03-31 18:27:56 +0200: Memory Usage (802624K) : metal5_text has 1298 polygons
2026-03-31 18:27:56 +0200: Memory Usage (802624K) : metal5_opc has 0 polygons
2026-03-31 18:27:56 +0200: Memory Usage (802624K) : metal5_noqrc has 0 polygons
2026-03-31 18:27:56 +0200: Memory Usage (802624K) : metal5_res has 0 polygons
2026-03-31 18:27:56 +0200: Memory Usage (802624K) : metal5_iprobe has 0 polygons
2026-03-31 18:27:56 +0200: Memory Usage (802624K) : metal5_diffprb has 0 polygons
2026-03-31 18:27:56 +0200: Memory Usage (802624K) : radhard_drw has 0 polygons
2026-03-31 18:27:56 +0200: Memory Usage (802624K) : memcap_drw has 0 polygons
2026-03-31 18:27:56 +0200: Memory Usage (802624K) : varicap_drw has 0 polygons
2026-03-31 18:27:56 +0200: Memory Usage (802624K) : flash_drw has 0 polygons
2026-03-31 18:27:56 +0200: Memory Usage (802624K) : intbondvia_drw has 0 polygons
2026-03-31 18:27:56 +0200: Memory Usage (802624K) : intbondmet_drw has 0 polygons
2026-03-31 18:27:56 +0200: Memory Usage (802624K) : devbondvia_drw has 0 polygons
2026-03-31 18:27:56 +0200: Memory Usage (802624K) : devbondmet_drw has 0 polygons
2026-03-31 18:27:56 +0200: Memory Usage (802624K) : devtrench_drw has 0 polygons
2026-03-31 18:27:56 +0200: Memory Usage (802624K) : redist_drw has 0 polygons
2026-03-31 18:27:56 +0200: Memory Usage (802888K) : graphbot_drw has 0 polygons
2026-03-31 18:27:56 +0200: Memory Usage (802888K) : graphtop_drw has 0 polygons
2026-03-31 18:27:56 +0200: Memory Usage (802888K) : antvia1_drw has 0 polygons
2026-03-31 18:27:56 +0200: Memory Usage (802888K) : antmetal2_drw has 0 polygons
2026-03-31 18:27:56 +0200: Memory Usage (802888K) : graphcont_drw has 0 polygons
2026-03-31 18:27:56 +0200: Memory Usage (802888K) : siwg_drw has 0 polygons
2026-03-31 18:27:56 +0200: Memory Usage (803152K) : siwg_filler has 0 polygons
2026-03-31 18:27:56 +0200: Memory Usage (803152K) : siwg_nofill has 0 polygons
2026-03-31 18:27:56 +0200: Memory Usage (803152K) : sigrating_drw has 0 polygons
2026-03-31 18:27:56 +0200: Memory Usage (803152K) : singrating_drw has 0 polygons
2026-03-31 18:27:56 +0200: Memory Usage (803152K) : graphpas_drw has 0 polygons
2026-03-31 18:27:56 +0200: Memory Usage (803416K) : emwind3_drw has 0 polygons
2026-03-31 18:27:56 +0200: Memory Usage (803416K) : emwihv3_drw has 0 polygons
2026-03-31 18:27:56 +0200: Memory Usage (803416K) : redbulay_drw has 0 polygons
2026-03-31 18:27:56 +0200: Memory Usage (803416K) : smos_drw has 0 polygons
2026-03-31 18:27:56 +0200: Memory Usage (803416K) : graphpad_drw has 0 polygons
2026-03-31 18:27:56 +0200: Memory Usage (803680K) : polimide_drw has 0 polygons
2026-03-31 18:27:56 +0200: Memory Usage (803680K) : polimide_pin has 0 polygons
2026-03-31 18:27:56 +0200: Memory Usage (803680K) : recog_drw has 0 polygons
2026-03-31 18:27:56 +0200: Memory Usage (803680K) : recog_pin has 0 polygons
2026-03-31 18:27:56 +0200: Memory Usage (803680K) : recog_esd has 0 polygons
2026-03-31 18:27:56 +0200: Memory Usage (803944K) : recog_diode has 537 polygons
2026-03-31 18:27:56 +0200: Memory Usage (803944K) : recog_tsv has 0 polygons
2026-03-31 18:27:56 +0200: Memory Usage (803944K) : recog_iprobe has 0 polygons
2026-03-31 18:27:56 +0200: Memory Usage (803944K) : recog_diffprb has 0 polygons
2026-03-31 18:27:56 +0200: Memory Usage (803944K) : recog_pillar has 0 polygons
2026-03-31 18:27:56 +0200: Memory Usage (804208K) : recog_sbump has 0 polygons
2026-03-31 18:27:56 +0200: Memory Usage (804208K) : recog_otp has 0 polygons
2026-03-31 18:27:56 +0200: Memory Usage (804208K) : recog_pdiode has 0 polygons
2026-03-31 18:27:56 +0200: Memory Usage (804208K) : recog_mom has 0 polygons
2026-03-31 18:27:56 +0200: Memory Usage (804472K) : recog_pcm has 0 polygons
2026-03-31 18:27:56 +0200: Memory Usage (804472K) : colopen_drw has 0 polygons
2026-03-31 18:27:56 +0200: Memory Usage (804472K) : graphmetal1_drw has 0 polygons
2026-03-31 18:27:56 +0200: Memory Usage (804472K) : graphmetal1_filler has 0 polygons
2026-03-31 18:27:56 +0200: Memory Usage (804472K) : graphmetal1_nofill has 0 polygons
2026-03-31 18:27:56 +0200: Memory Usage (804736K) : graphmetal1_slit has 0 polygons
2026-03-31 18:27:56 +0200: Memory Usage (804736K) : graphmetal1_opc has 0 polygons
2026-03-31 18:27:56 +0200: Memory Usage (804736K) : graphmet1l_drw has 0 polygons
2026-03-31 18:27:56 +0200: Memory Usage (804736K) : graphmet1l_filler has 0 polygons
2026-03-31 18:27:56 +0200: Memory Usage (804736K) : graphmet1l_nofill has 0 polygons
2026-03-31 18:27:56 +0200: Memory Usage (805000K) : graphmet1l_slit has 0 polygons
2026-03-31 18:27:56 +0200: Memory Usage (805000K) : graphmet1l_opc has 0 polygons
2026-03-31 18:27:56 +0200: Memory Usage (805000K) : extblock_drw has 475 polygons
2026-03-31 18:27:56 +0200: Memory Usage (805000K) : nldd_drw has 0 polygons
2026-03-31 18:27:56 +0200: Memory Usage (805000K) : pldd_drw has 0 polygons
2026-03-31 18:27:56 +0200: Memory Usage (805264K) : next_drw has 0 polygons
2026-03-31 18:27:56 +0200: Memory Usage (805264K) : pext_drw has 0 polygons
2026-03-31 18:27:56 +0200: Memory Usage (805264K) : nexthv_drw has 0 polygons
2026-03-31 18:27:56 +0200: Memory Usage (805264K) : pexthv_drw has 0 polygons
2026-03-31 18:27:56 +0200: Memory Usage (805264K) : graphgate_drw has 0 polygons
2026-03-31 18:27:56 +0200: Memory Usage (805528K) : sinwg_drw has 0 polygons
2026-03-31 18:27:56 +0200: Memory Usage (805528K) : sinwg_filler has 0 polygons
2026-03-31 18:27:56 +0200: Memory Usage (805528K) : sinwg_nofill has 0 polygons
2026-03-31 18:27:56 +0200: Memory Usage (805528K) : mempad_drw has 0 polygons
2026-03-31 18:27:56 +0200: Memory Usage (806320K) : topvia1_drw has 266080 polygons
2026-03-31 18:27:56 +0200: Memory Usage (806320K) : topmetal1_drw has 7868 polygons
2026-03-31 18:27:56 +0200: Memory Usage (806584K) : topmetal1_pin has 1915 polygons
2026-03-31 18:27:56 +0200: Memory Usage (806584K) : topmetal1_mask has 0 polygons
2026-03-31 18:27:56 +0200: Memory Usage (806584K) : topmetal1_filler has 5304 polygons
2026-03-31 18:27:56 +0200: Memory Usage (806848K) : topmetal1_nofill has 0 polygons
2026-03-31 18:27:56 +0200: Memory Usage (806848K) : topmetal1_slit has 0 polygons
2026-03-31 18:27:56 +0200: Memory Usage (806848K) : topmetal1_text has 1417 polygons
2026-03-31 18:27:56 +0200: Memory Usage (806848K) : topmetal1_noqrc has 0 polygons
2026-03-31 18:27:56 +0200: Memory Usage (807112K) : topmetal1_res has 0 polygons
2026-03-31 18:27:56 +0200: Memory Usage (807112K) : topmetal1_iprobe has 0 polygons
2026-03-31 18:27:56 +0200: Memory Usage (807112K) : topmetal1_diffprb has 0 polygons
2026-03-31 18:27:56 +0200: Memory Usage (807112K) : inldpwl_drw has 0 polygons
2026-03-31 18:27:56 +0200: Memory Usage (807112K) : polyres_drw has 1042 polygons
2026-03-31 18:27:56 +0200: Memory Usage (807376K) : polyres_pin has 0 polygons
2026-03-31 18:27:56 +0200: Memory Usage (807376K) : vmim_drw has 0 polygons
2026-03-31 18:27:56 +0200: Memory Usage (807376K) : nbulaycut_drw has 0 polygons
2026-03-31 18:27:56 +0200: Memory Usage (807376K) : antmetal1_drw has 0 polygons
2026-03-31 18:27:56 +0200: Memory Usage (807640K) : topvia2_drw has 175194 polygons
2026-03-31 18:27:56 +0200: Memory Usage (807640K) : topmetal2_drw has 2219 polygons
2026-03-31 18:27:56 +0200: Memory Usage (807904K) : topmetal2_pin has 1489 polygons
2026-03-31 18:27:56 +0200: Memory Usage (807904K) : topmetal2_mask has 0 polygons
2026-03-31 18:27:56 +0200: Memory Usage (807904K) : topmetal2_filler has 5280 polygons
2026-03-31 18:27:56 +0200: Memory Usage (808168K) : topmetal2_nofill has 0 polygons
2026-03-31 18:27:56 +0200: Memory Usage (808168K) : topmetal2_slit has 0 polygons
2026-03-31 18:27:56 +0200: Memory Usage (808168K) : topmetal2_text has 1457 polygons
2026-03-31 18:27:56 +0200: Memory Usage (808168K) : topmetal2_noqrc has 0 polygons
2026-03-31 18:27:56 +0200: Memory Usage (808432K) : topmetal2_res has 0 polygons
2026-03-31 18:27:56 +0200: Memory Usage (808432K) : topmetal2_iprobe has 0 polygons
2026-03-31 18:27:56 +0200: Memory Usage (808432K) : topmetal2_diffprb has 0 polygons
2026-03-31 18:27:56 +0200: Memory Usage (808432K) : snsring_drw has 0 polygons
2026-03-31 18:27:56 +0200: Memory Usage (808696K) : sensor_drw has 0 polygons
2026-03-31 18:27:56 +0200: Memory Usage (808696K) : snsarms_drw has 0 polygons
2026-03-31 18:27:56 +0200: Memory Usage (808696K) : snscmosvia_drw has 0 polygons
2026-03-31 18:27:56 +0200: Memory Usage (808696K) : colwind_drw has 0 polygons
2026-03-31 18:27:56 +0200: Memory Usage (808696K) : flm_drw has 0 polygons
2026-03-31 18:27:56 +0200: Memory Usage (808960K) : hafniumox_drw has 0 polygons
2026-03-31 18:27:56 +0200: Memory Usage (808960K) : memvia_drw has 0 polygons
2026-03-31 18:27:56 +0200: Memory Usage (808960K) : thinfilmres_drw has 0 polygons
2026-03-31 18:27:56 +0200: Memory Usage (808960K) : rfmem_drw has 0 polygons
2026-03-31 18:27:56 +0200: Memory Usage (808960K) : norcx_drw has 0 polygons
2026-03-31 18:27:56 +0200: Memory Usage (809224K) : norcx_m2m3 has 0 polygons
2026-03-31 18:27:56 +0200: Memory Usage (809224K) : norcx_m2m4 has 0 polygons
2026-03-31 18:27:56 +0200: Memory Usage (809224K) : norcx_m2m5 has 0 polygons
2026-03-31 18:27:56 +0200: Memory Usage (809224K) : norcx_m2tm1 has 0 polygons
2026-03-31 18:27:56 +0200: Memory Usage (809488K) : norcx_m2tm2 has 0 polygons
2026-03-31 18:27:56 +0200: Memory Usage (809488K) : norcx_m3m4 has 0 polygons
2026-03-31 18:27:56 +0200: Memory Usage (809488K) : norcx_m3m5 has 0 polygons
2026-03-31 18:27:56 +0200: Memory Usage (809488K) : norcx_m3tm1 has 0 polygons
2026-03-31 18:27:56 +0200: Memory Usage (809488K) : norcx_m3tm2 has 0 polygons
2026-03-31 18:27:56 +0200: Memory Usage (809752K) : norcx_m4m5 has 0 polygons
2026-03-31 18:27:56 +0200: Memory Usage (809752K) : norcx_m4tm1 has 0 polygons
2026-03-31 18:27:56 +0200: Memory Usage (809752K) : norcx_m4tm2 has 0 polygons
2026-03-31 18:27:56 +0200: Memory Usage (809752K) : norcx_m5tm1 has 0 polygons
2026-03-31 18:27:56 +0200: Memory Usage (809752K) : norcx_m5tm2 has 0 polygons
2026-03-31 18:27:56 +0200: Memory Usage (810016K) : norcx_tm1tm2 has 0 polygons
2026-03-31 18:27:56 +0200: Memory Usage (810016K) : norcx_m1sub has 0 polygons
2026-03-31 18:27:56 +0200: Memory Usage (810016K) : norcx_m2sub has 0 polygons
2026-03-31 18:27:56 +0200: Memory Usage (810016K) : norcx_m3sub has 0 polygons
2026-03-31 18:27:56 +0200: Memory Usage (810016K) : norcx_m4sub has 0 polygons
2026-03-31 18:27:56 +0200: Memory Usage (810280K) : norcx_m5sub has 0 polygons
2026-03-31 18:27:56 +0200: Memory Usage (810280K) : norcx_tm1sub has 0 polygons
2026-03-31 18:27:56 +0200: Memory Usage (810280K) : norcx_tm2sub has 0 polygons
2026-03-31 18:27:56 +0200: Memory Usage (810280K) : snsbotvia_drw has 0 polygons
2026-03-31 18:27:56 +0200: Memory Usage (810280K) : snstopvia_drw has 0 polygons
2026-03-31 18:27:56 +0200: Memory Usage (810544K) : deepvia_drw has 0 polygons
2026-03-31 18:27:56 +0200: Memory Usage (810544K) : fgetch_drw has 0 polygons
2026-03-31 18:27:56 +0200: Memory Usage (810544K) : ctrgat_drw has 0 polygons
2026-03-31 18:27:56 +0200: Memory Usage (810544K) : fgimp_drw has 0 polygons
2026-03-31 18:27:56 +0200: Memory Usage (810544K) : emwihv_drw has 0 polygons
2026-03-31 18:27:56 +0200: Memory Usage (810808K) : lbe_drw has 0 polygons
2026-03-31 18:27:56 +0200: Memory Usage (810808K) : alcustop_drw has 0 polygons
2026-03-31 18:27:56 +0200: Memory Usage (810808K) : nometfiller_drw has 0 polygons
2026-03-31 18:27:56 +0200: Memory Usage (810808K) : prboundary_drw has 0 polygons
2026-03-31 18:27:56 +0200: Memory Usage (810808K) : exchange0_drw has 0 polygons
2026-03-31 18:27:56 +0200: Memory Usage (811072K) : exchange0_pin has 0 polygons
2026-03-31 18:27:56 +0200: Memory Usage (811072K) : exchange0_text has 0 polygons
2026-03-31 18:27:56 +0200: Memory Usage (811072K) : exchange1_drw has 0 polygons
2026-03-31 18:27:56 +0200: Memory Usage (811072K) : exchange1_pin has 0 polygons
2026-03-31 18:27:56 +0200: Memory Usage (811336K) : exchange1_text has 0 polygons
2026-03-31 18:27:56 +0200: Memory Usage (811336K) : exchange2_drw has 0 polygons
2026-03-31 18:27:56 +0200: Memory Usage (811336K) : exchange2_pin has 0 polygons
2026-03-31 18:27:56 +0200: Memory Usage (811336K) : exchange2_text has 0 polygons
2026-03-31 18:27:56 +0200: Memory Usage (811336K) : exchange3_drw has 0 polygons
2026-03-31 18:27:56 +0200: Memory Usage (811600K) : exchange3_pin has 0 polygons
2026-03-31 18:27:56 +0200: Memory Usage (811600K) : exchange3_text has 0 polygons
2026-03-31 18:27:56 +0200: Memory Usage (811600K) : exchange4_drw has 0 polygons
2026-03-31 18:27:56 +0200: Memory Usage (811600K) : exchange4_pin has 0 polygons
2026-03-31 18:27:56 +0200: Memory Usage (811600K) : exchange4_text has 0 polygons
2026-03-31 18:27:56 +0200: Memory Usage (811864K) : isonwell_drw has 0 polygons
2026-03-31 18:27:56 +0200: Memory Usage (811864K) : Total no. of polygons in the design is 17247781
2026-03-31 18:27:56 +0200: Memory Usage (811864K) : Loaded TECH DRC rules values from /foss/pdks/ihp-sg13g2/libs.tech/klayout/python/sg13g2_pycell_lib/sg13g2_tech_mod.json
2026-03-31 18:27:56 +0200: Memory Usage (811864K) : Loaded default DRC rules values from /foss/pdks/ihp-sg13g2/libs.tech/klayout/tech/drc/rule_decks/sg13g2_tech_default.json
2026-03-31 18:27:56 +0200: Memory Usage (811864K) : The following rules values were missing in tech json and default values were used:
2026-03-31 18:27:56 +0200: Memory Usage (811864K) :   - NW_f1_digibnd
2026-03-31 18:27:56 +0200: Memory Usage (811864K) :   - Cnt_c_digibnd
2026-03-31 18:27:56 +0200: Memory Usage (811864K) :   - Cnt_c_sram
2026-03-31 18:27:56 +0200: Memory Usage (811864K) :   - Sdiod_b
2026-03-31 18:27:56 +0200: Memory Usage (811864K) :   - Sdiod_c
2026-03-31 18:27:56 +0200: Memory Usage (812248K) : Total area of the design is 11222500.0 um^2.
2026-03-31 18:27:56 +0200: Memory Usage (812248K) : The design dimensions are 3350.0 µm * 3350.0 µm.
2026-03-31 18:27:56 +0200: Memory Usage (812248K) : Starting general IHP-SG13G2 derivations.
2026-03-31 18:27:56 +0200: Memory Usage (812248K) : Starting Pwell derivations
2026-03-31 18:27:57 +0200: Memory Usage (847380K) : Starting n-Activ derivations
2026-03-31 18:28:05 +0200: Memory Usage (991268K) : Starting p-Activ derivations
2026-03-31 18:28:11 +0200: Memory Usage (1143268K) : Starting nact FET derivations
2026-03-31 18:28:12 +0200: Memory Usage (1198968K) : Starting cont/contbar general derivations
2026-03-31 18:28:38 +0200: Memory Usage (1866076K) : Starting SVaricap general derivations
2026-03-31 18:28:45 +0200: Memory Usage (1991328K) : Starting IHP-SG13G2 DRC rules.
2026-03-31 18:28:45 +0200: Memory Usage (1991328K) : Starting 5.14. Cont table
2026-03-31 18:28:45 +0200: Memory Usage (1991328K) : Executing rule Cnt.a
2026-03-31 18:28:59 +0200: Memory Usage (2275880K) : Executing rule Cnt.b
2026-03-31 18:29:06 +0200: Memory Usage (2584960K) : KLayout DRC run for tables 'cont' completed in 88.1 seconds
