# Logfile created on 2026-03-31 18:27:38 +0200 by logger.rb/v1.5.3
2026-03-31 18:27:38 +0200: Memory Usage (445196K) : Starting running IHP-SG13G2 KLayout DRC runset on /foss/designs/IHP__SoC7610/release/v.1.0.0/gds/octowave.gds
2026-03-31 18:27:38 +0200: Memory Usage (445196K) : Ruby Version for klayout: 3.2.3
2026-03-31 18:27:42 +0200: Memory Usage (660084K) : Loading database to memory is complete.
2026-03-31 18:27:42 +0200: Memory Usage (660084K) : IHP-SG13G2 KLayout DRC runset output at: /foss/designs/IHP__SoC7610/release/v.1.0.0/gds/drc_run_2026_03_31_16_27_33/octowave_octowave_contbar.lyrdb
2026-03-31 18:27:42 +0200: Memory Usage (660084K) : Evaluate switches.
2026-03-31 18:27:42 +0200: Memory Usage (660084K) : tables selected: contbar
2026-03-31 18:27:42 +0200: Memory Usage (660084K) : KLayout will use 32 thread(s) in tiling mode.
2026-03-31 18:27:42 +0200: Memory Usage (660084K) : deep mode is enabled.
2026-03-31 18:27:42 +0200: Memory Usage (660084K) : FEOL enabled: false
2026-03-31 18:27:42 +0200: Memory Usage (660084K) : BEOL enabled: false
2026-03-31 18:27:42 +0200: Memory Usage (660084K) : OFFGRID enabled: false
2026-03-31 18:27:42 +0200: Memory Usage (660084K) : ANGLE enabled: true
2026-03-31 18:27:42 +0200: Memory Usage (660084K) : PIN enabled: false
2026-03-31 18:27:42 +0200: Memory Usage (660084K) : FORBIDDEN enabled: false
2026-03-31 18:27:42 +0200: Memory Usage (660084K) : RECOMMENDED enabled: false
2026-03-31 18:27:42 +0200: Memory Usage (660084K) : PreCheck DRC enabled: true
2026-03-31 18:27:42 +0200: Memory Usage (660084K) : CONNECTIVITY_RULES enabled: false.
2026-03-31 18:27:42 +0200: Memory Usage (660084K) : Read in polygons from layers.
2026-03-31 18:27:42 +0200: Memory Usage (675864K) : activ_drw has 403323 polygons
2026-03-31 18:27:42 +0200: Memory Usage (675864K) : activ_pin has 0 polygons
2026-03-31 18:27:42 +0200: Memory Usage (675864K) : activ_mask has 0 polygons
2026-03-31 18:27:42 +0200: Memory Usage (675864K) : activ_filler has 0 polygons
2026-03-31 18:27:42 +0200: Memory Usage (675864K) : activ_nofill has 0 polygons
2026-03-31 18:27:42 +0200: Memory Usage (675864K) : activ_opc has 0 polygons
2026-03-31 18:27:42 +0200: Memory Usage (675864K) : activ_iopc has 0 polygons
2026-03-31 18:27:42 +0200: Memory Usage (675864K) : activ_noqrc has 0 polygons
2026-03-31 18:27:42 +0200: Memory Usage (675864K) : biwind_drw has 0 polygons
2026-03-31 18:27:42 +0200: Memory Usage (675864K) : biwind_opc has 0 polygons
2026-03-31 18:27:42 +0200: Memory Usage (675864K) : pemwind_drw has 0 polygons
2026-03-31 18:27:44 +0200: Memory Usage (685632K) : gatpoly_drw has 363609 polygons
2026-03-31 18:27:44 +0200: Memory Usage (685632K) : gatpoly_pin has 774 polygons
2026-03-31 18:27:44 +0200: Memory Usage (685632K) : gatpoly_filler has 0 polygons
2026-03-31 18:27:44 +0200: Memory Usage (685632K) : gatpoly_nofill has 0 polygons
2026-03-31 18:27:44 +0200: Memory Usage (685632K) : gatpoly_opc has 0 polygons
2026-03-31 18:27:44 +0200: Memory Usage (685632K) : gatpoly_iopc has 0 polygons
2026-03-31 18:27:44 +0200: Memory Usage (685632K) : gatpoly_noqrc has 0 polygons
2026-03-31 18:27:47 +0200: Memory Usage (753604K) : cont_drw has 11013776 polygons
2026-03-31 18:27:47 +0200: Memory Usage (753604K) : cont_opc has 0 polygons
2026-03-31 18:27:47 +0200: Memory Usage (753604K) : nsd_drw has 0 polygons
2026-03-31 18:27:47 +0200: Memory Usage (753604K) : nsd_block has 0 polygons
2026-03-31 18:27:50 +0200: Memory Usage (762112K) : metal1_drw has 833614 polygons
2026-03-31 18:27:50 +0200: Memory Usage (762112K) : metal1_pin has 347782 polygons
2026-03-31 18:27:50 +0200: Memory Usage (762112K) : metal1_mask has 0 polygons
2026-03-31 18:27:50 +0200: Memory Usage (762112K) : metal1_filler has 0 polygons
2026-03-31 18:27:50 +0200: Memory Usage (762112K) : metal1_nofill has 0 polygons
2026-03-31 18:27:50 +0200: Memory Usage (762112K) : metal1_slit has 0 polygons
2026-03-31 18:27:50 +0200: Memory Usage (767632K) : metal1_text has 338966 polygons
2026-03-31 18:27:50 +0200: Memory Usage (767632K) : metal1_opc has 0 polygons
2026-03-31 18:27:50 +0200: Memory Usage (767632K) : metal1_noqrc has 0 polygons
2026-03-31 18:27:50 +0200: Memory Usage (767632K) : metal1_res has 0 polygons
2026-03-31 18:27:50 +0200: Memory Usage (767632K) : metal1_iprobe has 0 polygons
2026-03-31 18:27:50 +0200: Memory Usage (767632K) : metal1_diffprb has 0 polygons
2026-03-31 18:27:50 +0200: Memory Usage (767632K) : passiv_drw has 120 polygons
2026-03-31 18:27:50 +0200: Memory Usage (767632K) : passiv_pin has 0 polygons
2026-03-31 18:27:50 +0200: Memory Usage (767632K) : passiv_sbump has 0 polygons
2026-03-31 18:27:50 +0200: Memory Usage (767632K) : passiv_pillar has 0 polygons
2026-03-31 18:27:50 +0200: Memory Usage (767632K) : passiv_pdl has 0 polygons
2026-03-31 18:27:51 +0200: Memory Usage (785848K) : metal2_drw has 659685 polygons
2026-03-31 18:27:51 +0200: Memory Usage (785848K) : metal2_pin has 2290 polygons
2026-03-31 18:27:51 +0200: Memory Usage (785848K) : metal2_mask has 0 polygons
2026-03-31 18:27:51 +0200: Memory Usage (785848K) : metal2_filler has 1143 polygons
2026-03-31 18:27:51 +0200: Memory Usage (785848K) : metal2_nofill has 0 polygons
2026-03-31 18:27:51 +0200: Memory Usage (785848K) : metal2_slit has 0 polygons
2026-03-31 18:27:51 +0200: Memory Usage (785848K) : metal2_text has 2158 polygons
2026-03-31 18:27:51 +0200: Memory Usage (785848K) : metal2_opc has 0 polygons
2026-03-31 18:27:51 +0200: Memory Usage (785848K) : metal2_noqrc has 0 polygons
2026-03-31 18:27:51 +0200: Memory Usage (785848K) : metal2_res has 0 polygons
2026-03-31 18:27:51 +0200: Memory Usage (785848K) : metal2_iprobe has 0 polygons
2026-03-31 18:27:51 +0200: Memory Usage (785848K) : metal2_diffprb has 0 polygons
2026-03-31 18:27:51 +0200: Memory Usage (785848K) : baspoly_drw has 0 polygons
2026-03-31 18:27:51 +0200: Memory Usage (785848K) : baspoly_pin has 0 polygons
2026-03-31 18:27:52 +0200: Memory Usage (785848K) : psd_drw has 190070 polygons
2026-03-31 18:27:52 +0200: Memory Usage (785848K) : nldb_drw has 0 polygons
2026-03-31 18:27:52 +0200: Memory Usage (785848K) : digibnd_drw has 0 polygons
2026-03-31 18:27:52 +0200: Memory Usage (791920K) : via1_drw has 641588 polygons
2026-03-31 18:27:52 +0200: Memory Usage (791920K) : backmetal1_drw has 0 polygons
2026-03-31 18:27:52 +0200: Memory Usage (791920K) : backmetal1_pin has 0 polygons
2026-03-31 18:27:52 +0200: Memory Usage (791920K) : backmetal1_mask has 0 polygons
2026-03-31 18:27:52 +0200: Memory Usage (791920K) : backmetal1_filler has 0 polygons
2026-03-31 18:27:52 +0200: Memory Usage (791920K) : backmetal1_nofill has 0 polygons
2026-03-31 18:27:52 +0200: Memory Usage (791920K) : backmetal1_slit has 0 polygons
2026-03-31 18:27:52 +0200: Memory Usage (791920K) : backmetal1_text has 0 polygons
2026-03-31 18:27:52 +0200: Memory Usage (791920K) : backmetal1_opc has 0 polygons
2026-03-31 18:27:52 +0200: Memory Usage (791920K) : backmetal1_noqrc has 0 polygons
2026-03-31 18:27:52 +0200: Memory Usage (791920K) : backmetal1_res has 0 polygons
2026-03-31 18:27:52 +0200: Memory Usage (791920K) : backmetal1_iprobe has 0 polygons
2026-03-31 18:27:52 +0200: Memory Usage (791920K) : backmetal1_diffprb has 0 polygons
2026-03-31 18:27:52 +0200: Memory Usage (791920K) : backpassiv_drw has 0 polygons
2026-03-31 18:27:52 +0200: Memory Usage (791920K) : res_drw has 0 polygons
2026-03-31 18:27:52 +0200: Memory Usage (791920K) : sram_drw has 0 polygons
2026-03-31 18:27:52 +0200: Memory Usage (791920K) : trans_drw has 0 polygons
2026-03-31 18:27:52 +0200: Memory Usage (791920K) : ind_drw has 0 polygons
2026-03-31 18:27:52 +0200: Memory Usage (791920K) : ind_pin has 0 polygons
2026-03-31 18:27:52 +0200: Memory Usage (791920K) : ind_text has 0 polygons
2026-03-31 18:27:52 +0200: Memory Usage (791920K) : salblock_drw has 1125 polygons
2026-03-31 18:27:52 +0200: Memory Usage (796408K) : via2_drw has 688861 polygons
2026-03-31 18:27:53 +0200: Memory Usage (805648K) : metal3_drw has 331012 polygons
2026-03-31 18:27:53 +0200: Memory Usage (805648K) : metal3_pin has 1918 polygons
2026-03-31 18:27:53 +0200: Memory Usage (805648K) : metal3_mask has 0 polygons
2026-03-31 18:27:53 +0200: Memory Usage (805648K) : metal3_filler has 1636 polygons
2026-03-31 18:27:53 +0200: Memory Usage (805648K) : metal3_nofill has 0 polygons
2026-03-31 18:27:53 +0200: Memory Usage (805648K) : metal3_slit has 0 polygons
2026-03-31 18:27:53 +0200: Memory Usage (805648K) : metal3_text has 1467 polygons
2026-03-31 18:27:53 +0200: Memory Usage (805648K) : metal3_opc has 0 polygons
2026-03-31 18:27:53 +0200: Memory Usage (805648K) : metal3_noqrc has 0 polygons
2026-03-31 18:27:53 +0200: Memory Usage (805648K) : metal3_res has 0 polygons
2026-03-31 18:27:53 +0200: Memory Usage (805648K) : metal3_iprobe has 0 polygons
2026-03-31 18:27:53 +0200: Memory Usage (805648K) : metal3_diffprb has 0 polygons
2026-03-31 18:27:53 +0200: Memory Usage (805648K) : nwell_drw has 93113 polygons
2026-03-31 18:27:53 +0200: Memory Usage (805648K) : nwell_pin has 0 polygons
2026-03-31 18:27:53 +0200: Memory Usage (805648K) : nbulay_drw has 1974 polygons
2026-03-31 18:27:53 +0200: Memory Usage (805648K) : nbulay_pin has 0 polygons
2026-03-31 18:27:53 +0200: Memory Usage (805648K) : nbulay_block has 0 polygons
2026-03-31 18:27:53 +0200: Memory Usage (805648K) : emwind_drw has 0 polygons
2026-03-31 18:27:53 +0200: Memory Usage (805648K) : emwind_opc has 0 polygons
2026-03-31 18:27:53 +0200: Memory Usage (805648K) : deepco_drw has 0 polygons
2026-03-31 18:27:53 +0200: Memory Usage (805648K) : deepco_drw has 0 polygons
2026-03-31 18:27:53 +0200: Memory Usage (805648K) : mim_drw has 176 polygons
2026-03-31 18:27:53 +0200: Memory Usage (805648K) : edgeseal_drw has 24 polygons
2026-03-31 18:27:53 +0200: Memory Usage (805648K) : edgeseal_bound has 1 polygons
2026-03-31 18:27:53 +0200: Memory Usage (805648K) : substrate_drw has 6577 polygons
2026-03-31 18:27:53 +0200: Memory Usage (805648K) : substrate_text has 0 polygons
2026-03-31 18:27:53 +0200: Memory Usage (805648K) : dfpad_drw has 108 polygons
2026-03-31 18:27:53 +0200: Memory Usage (805648K) : dfpad_pillar has 0 polygons
2026-03-31 18:27:53 +0200: Memory Usage (805648K) : dfpad_sbump has 0 polygons
2026-03-31 18:27:53 +0200: Memory Usage (805648K) : thickgateox_drw has 197 polygons
2026-03-31 18:27:53 +0200: Memory Usage (805648K) : pldb_drw has 0 polygons
2026-03-31 18:27:53 +0200: Memory Usage (805648K) : pwell_drw has 0 polygons
2026-03-31 18:27:53 +0200: Memory Usage (805648K) : pwell_pin has 0 polygons
2026-03-31 18:27:53 +0200: Memory Usage (805648K) : pwell_block has 0 polygons
2026-03-31 18:27:53 +0200: Memory Usage (805648K) : ic_drw has 0 polygons
2026-03-31 18:27:53 +0200: Memory Usage (805648K) : via3_drw has 345358 polygons
2026-03-31 18:27:53 +0200: Memory Usage (805648K) : metal4_drw has 74299 polygons
2026-03-31 18:27:53 +0200: Memory Usage (805648K) : metal4_pin has 1805 polygons
2026-03-31 18:27:53 +0200: Memory Usage (805648K) : metal4_mask has 0 polygons
2026-03-31 18:27:53 +0200: Memory Usage (805648K) : metal4_filler has 21889 polygons
2026-03-31 18:27:53 +0200: Memory Usage (805648K) : metal4_nofill has 0 polygons
2026-03-31 18:27:53 +0200: Memory Usage (805648K) : metal4_slit has 0 polygons
2026-03-31 18:27:53 +0200: Memory Usage (805648K) : metal4_text has 1357 polygons
2026-03-31 18:27:53 +0200: Memory Usage (805648K) : metal4_opc has 0 polygons
2026-03-31 18:27:53 +0200: Memory Usage (805648K) : metal4_noqrc has 0 polygons
2026-03-31 18:27:53 +0200: Memory Usage (805648K) : metal4_res has 0 polygons
2026-03-31 18:27:53 +0200: Memory Usage (805648K) : metal4_iprobe has 0 polygons
2026-03-31 18:27:53 +0200: Memory Usage (805648K) : metal4_diffprb has 0 polygons
2026-03-31 18:27:53 +0200: Memory Usage (805648K) : heattrans_drw has 9084 polygons
2026-03-31 18:27:53 +0200: Memory Usage (805648K) : heatres_drw has 1042 polygons
2026-03-31 18:27:53 +0200: Memory Usage (805648K) : pempoly_drw has 0 polygons
2026-03-31 18:27:53 +0200: Memory Usage (805648K) : fbe_drw has 0 polygons
2026-03-31 18:27:53 +0200: Memory Usage (805648K) : empoly_drw has 0 polygons
2026-03-31 18:27:53 +0200: Memory Usage (805648K) : ldmos_drw has 0 polygons
2026-03-31 18:27:53 +0200: Memory Usage (805648K) : pbiwind_drw has 0 polygons
2026-03-31 18:27:53 +0200: Memory Usage (805648K) : digisub_drw has 0 polygons
2026-03-31 18:27:53 +0200: Memory Usage (805648K) : nodrc_drw has 0 polygons
2026-03-31 18:27:53 +0200: Memory Usage (805648K) : text_drw has 4679 polygons
2026-03-31 18:27:53 +0200: Memory Usage (806968K) : via4_drw has 329885 polygons
2026-03-31 18:27:53 +0200: Memory Usage (806968K) : metal5_drw has 33477 polygons
2026-03-31 18:27:53 +0200: Memory Usage (806968K) : metal5_pin has 1746 polygons
2026-03-31 18:27:53 +0200: Memory Usage (806968K) : metal5_mask has 0 polygons
2026-03-31 18:27:53 +0200: Memory Usage (806968K) : metal5_filler has 24498 polygons
2026-03-31 18:27:53 +0200: Memory Usage (806968K) : metal5_nofill has 0 polygons
2026-03-31 18:27:53 +0200: Memory Usage (806968K) : metal5_slit has 0 polygons
2026-03-31 18:27:53 +0200: Memory Usage (806968K) : metal5_text has 1298 polygons
2026-03-31 18:27:53 +0200: Memory Usage (806968K) : metal5_opc has 0 polygons
2026-03-31 18:27:53 +0200: Memory Usage (806968K) : metal5_noqrc has 0 polygons
2026-03-31 18:27:53 +0200: Memory Usage (806968K) : metal5_res has 0 polygons
2026-03-31 18:27:53 +0200: Memory Usage (806968K) : metal5_iprobe has 0 polygons
2026-03-31 18:27:53 +0200: Memory Usage (806968K) : metal5_diffprb has 0 polygons
2026-03-31 18:27:53 +0200: Memory Usage (806968K) : radhard_drw has 0 polygons
2026-03-31 18:27:53 +0200: Memory Usage (806968K) : memcap_drw has 0 polygons
2026-03-31 18:27:53 +0200: Memory Usage (806968K) : varicap_drw has 0 polygons
2026-03-31 18:27:53 +0200: Memory Usage (806968K) : flash_drw has 0 polygons
2026-03-31 18:27:53 +0200: Memory Usage (806968K) : intbondvia_drw has 0 polygons
2026-03-31 18:27:53 +0200: Memory Usage (806968K) : intbondmet_drw has 0 polygons
2026-03-31 18:27:53 +0200: Memory Usage (806968K) : devbondvia_drw has 0 polygons
2026-03-31 18:27:53 +0200: Memory Usage (806968K) : devbondmet_drw has 0 polygons
2026-03-31 18:27:53 +0200: Memory Usage (806968K) : devtrench_drw has 0 polygons
2026-03-31 18:27:53 +0200: Memory Usage (806968K) : redist_drw has 0 polygons
2026-03-31 18:27:53 +0200: Memory Usage (806968K) : graphbot_drw has 0 polygons
2026-03-31 18:27:53 +0200: Memory Usage (806968K) : graphtop_drw has 0 polygons
2026-03-31 18:27:53 +0200: Memory Usage (806968K) : antvia1_drw has 0 polygons
2026-03-31 18:27:53 +0200: Memory Usage (806968K) : antmetal2_drw has 0 polygons
2026-03-31 18:27:53 +0200: Memory Usage (806968K) : graphcont_drw has 0 polygons
2026-03-31 18:27:53 +0200: Memory Usage (806968K) : siwg_drw has 0 polygons
2026-03-31 18:27:53 +0200: Memory Usage (806968K) : siwg_filler has 0 polygons
2026-03-31 18:27:53 +0200: Memory Usage (806968K) : siwg_nofill has 0 polygons
2026-03-31 18:27:53 +0200: Memory Usage (806968K) : sigrating_drw has 0 polygons
2026-03-31 18:27:53 +0200: Memory Usage (806968K) : singrating_drw has 0 polygons
2026-03-31 18:27:53 +0200: Memory Usage (806968K) : graphpas_drw has 0 polygons
2026-03-31 18:27:53 +0200: Memory Usage (806968K) : emwind3_drw has 0 polygons
2026-03-31 18:27:53 +0200: Memory Usage (806968K) : emwihv3_drw has 0 polygons
2026-03-31 18:27:53 +0200: Memory Usage (806968K) : redbulay_drw has 0 polygons
2026-03-31 18:27:53 +0200: Memory Usage (806968K) : smos_drw has 0 polygons
2026-03-31 18:27:53 +0200: Memory Usage (806968K) : graphpad_drw has 0 polygons
2026-03-31 18:27:53 +0200: Memory Usage (806968K) : polimide_drw has 0 polygons
2026-03-31 18:27:53 +0200: Memory Usage (806968K) : polimide_pin has 0 polygons
2026-03-31 18:27:53 +0200: Memory Usage (806968K) : recog_drw has 0 polygons
2026-03-31 18:27:53 +0200: Memory Usage (806968K) : recog_pin has 0 polygons
2026-03-31 18:27:53 +0200: Memory Usage (806968K) : recog_esd has 0 polygons
2026-03-31 18:27:53 +0200: Memory Usage (806968K) : recog_diode has 537 polygons
2026-03-31 18:27:53 +0200: Memory Usage (806968K) : recog_tsv has 0 polygons
2026-03-31 18:27:53 +0200: Memory Usage (806968K) : recog_iprobe has 0 polygons
2026-03-31 18:27:53 +0200: Memory Usage (806968K) : recog_diffprb has 0 polygons
2026-03-31 18:27:53 +0200: Memory Usage (806968K) : recog_pillar has 0 polygons
2026-03-31 18:27:53 +0200: Memory Usage (806968K) : recog_sbump has 0 polygons
2026-03-31 18:27:53 +0200: Memory Usage (806968K) : recog_otp has 0 polygons
2026-03-31 18:27:53 +0200: Memory Usage (806968K) : recog_pdiode has 0 polygons
2026-03-31 18:27:53 +0200: Memory Usage (806968K) : recog_mom has 0 polygons
2026-03-31 18:27:54 +0200: Memory Usage (806968K) : recog_pcm has 0 polygons
2026-03-31 18:27:54 +0200: Memory Usage (806968K) : colopen_drw has 0 polygons
2026-03-31 18:27:54 +0200: Memory Usage (806968K) : graphmetal1_drw has 0 polygons
2026-03-31 18:27:54 +0200: Memory Usage (806968K) : graphmetal1_filler has 0 polygons
2026-03-31 18:27:54 +0200: Memory Usage (806968K) : graphmetal1_nofill has 0 polygons
2026-03-31 18:27:54 +0200: Memory Usage (806968K) : graphmetal1_slit has 0 polygons
2026-03-31 18:27:54 +0200: Memory Usage (806968K) : graphmetal1_opc has 0 polygons
2026-03-31 18:27:54 +0200: Memory Usage (806968K) : graphmet1l_drw has 0 polygons
2026-03-31 18:27:54 +0200: Memory Usage (806968K) : graphmet1l_filler has 0 polygons
2026-03-31 18:27:54 +0200: Memory Usage (806968K) : graphmet1l_nofill has 0 polygons
2026-03-31 18:27:54 +0200: Memory Usage (806968K) : graphmet1l_slit has 0 polygons
2026-03-31 18:27:54 +0200: Memory Usage (806968K) : graphmet1l_opc has 0 polygons
2026-03-31 18:27:54 +0200: Memory Usage (806968K) : extblock_drw has 475 polygons
2026-03-31 18:27:54 +0200: Memory Usage (806968K) : nldd_drw has 0 polygons
2026-03-31 18:27:54 +0200: Memory Usage (806968K) : pldd_drw has 0 polygons
2026-03-31 18:27:54 +0200: Memory Usage (806968K) : next_drw has 0 polygons
2026-03-31 18:27:54 +0200: Memory Usage (806968K) : pext_drw has 0 polygons
2026-03-31 18:27:54 +0200: Memory Usage (806968K) : nexthv_drw has 0 polygons
2026-03-31 18:27:54 +0200: Memory Usage (806968K) : pexthv_drw has 0 polygons
2026-03-31 18:27:54 +0200: Memory Usage (806968K) : graphgate_drw has 0 polygons
2026-03-31 18:27:54 +0200: Memory Usage (806968K) : sinwg_drw has 0 polygons
2026-03-31 18:27:54 +0200: Memory Usage (806968K) : sinwg_filler has 0 polygons
2026-03-31 18:27:54 +0200: Memory Usage (806968K) : sinwg_nofill has 0 polygons
2026-03-31 18:27:54 +0200: Memory Usage (806968K) : mempad_drw has 0 polygons
2026-03-31 18:27:54 +0200: Memory Usage (807232K) : topvia1_drw has 266080 polygons
2026-03-31 18:27:54 +0200: Memory Usage (807496K) : topmetal1_drw has 7868 polygons
2026-03-31 18:27:54 +0200: Memory Usage (807760K) : topmetal1_pin has 1915 polygons
2026-03-31 18:27:54 +0200: Memory Usage (807760K) : topmetal1_mask has 0 polygons
2026-03-31 18:27:54 +0200: Memory Usage (807760K) : topmetal1_filler has 5304 polygons
2026-03-31 18:27:54 +0200: Memory Usage (808024K) : topmetal1_nofill has 0 polygons
2026-03-31 18:27:54 +0200: Memory Usage (808024K) : topmetal1_slit has 0 polygons
2026-03-31 18:27:54 +0200: Memory Usage (808024K) : topmetal1_text has 1417 polygons
2026-03-31 18:27:54 +0200: Memory Usage (808024K) : topmetal1_noqrc has 0 polygons
2026-03-31 18:27:54 +0200: Memory Usage (808024K) : topmetal1_res has 0 polygons
2026-03-31 18:27:54 +0200: Memory Usage (808288K) : topmetal1_iprobe has 0 polygons
2026-03-31 18:27:54 +0200: Memory Usage (808288K) : topmetal1_diffprb has 0 polygons
2026-03-31 18:27:54 +0200: Memory Usage (808288K) : inldpwl_drw has 0 polygons
2026-03-31 18:27:54 +0200: Memory Usage (808288K) : polyres_drw has 1042 polygons
2026-03-31 18:27:54 +0200: Memory Usage (808288K) : polyres_pin has 0 polygons
2026-03-31 18:27:54 +0200: Memory Usage (808552K) : vmim_drw has 0 polygons
2026-03-31 18:27:54 +0200: Memory Usage (808552K) : nbulaycut_drw has 0 polygons
2026-03-31 18:27:54 +0200: Memory Usage (808552K) : antmetal1_drw has 0 polygons
2026-03-31 18:27:54 +0200: Memory Usage (808816K) : topvia2_drw has 175194 polygons
2026-03-31 18:27:54 +0200: Memory Usage (808816K) : topmetal2_drw has 2219 polygons
2026-03-31 18:27:54 +0200: Memory Usage (809080K) : topmetal2_pin has 1489 polygons
2026-03-31 18:27:54 +0200: Memory Usage (809080K) : topmetal2_mask has 0 polygons
2026-03-31 18:27:54 +0200: Memory Usage (809080K) : topmetal2_filler has 5280 polygons
2026-03-31 18:27:54 +0200: Memory Usage (809344K) : topmetal2_nofill has 0 polygons
2026-03-31 18:27:54 +0200: Memory Usage (809344K) : topmetal2_slit has 0 polygons
2026-03-31 18:27:54 +0200: Memory Usage (809344K) : topmetal2_text has 1457 polygons
2026-03-31 18:27:54 +0200: Memory Usage (809344K) : topmetal2_noqrc has 0 polygons
2026-03-31 18:27:54 +0200: Memory Usage (809608K) : topmetal2_res has 0 polygons
2026-03-31 18:27:54 +0200: Memory Usage (809608K) : topmetal2_iprobe has 0 polygons
2026-03-31 18:27:54 +0200: Memory Usage (809608K) : topmetal2_diffprb has 0 polygons
2026-03-31 18:27:54 +0200: Memory Usage (809608K) : snsring_drw has 0 polygons
2026-03-31 18:27:54 +0200: Memory Usage (809608K) : sensor_drw has 0 polygons
2026-03-31 18:27:54 +0200: Memory Usage (809872K) : snsarms_drw has 0 polygons
2026-03-31 18:27:54 +0200: Memory Usage (809872K) : snscmosvia_drw has 0 polygons
2026-03-31 18:27:54 +0200: Memory Usage (809872K) : colwind_drw has 0 polygons
2026-03-31 18:27:54 +0200: Memory Usage (809872K) : flm_drw has 0 polygons
2026-03-31 18:27:54 +0200: Memory Usage (809872K) : hafniumox_drw has 0 polygons
2026-03-31 18:27:54 +0200: Memory Usage (810136K) : memvia_drw has 0 polygons
2026-03-31 18:27:54 +0200: Memory Usage (810136K) : thinfilmres_drw has 0 polygons
2026-03-31 18:27:54 +0200: Memory Usage (810136K) : rfmem_drw has 0 polygons
2026-03-31 18:27:54 +0200: Memory Usage (810136K) : norcx_drw has 0 polygons
2026-03-31 18:27:54 +0200: Memory Usage (810136K) : norcx_m2m3 has 0 polygons
2026-03-31 18:27:54 +0200: Memory Usage (810400K) : norcx_m2m4 has 0 polygons
2026-03-31 18:27:54 +0200: Memory Usage (810400K) : norcx_m2m5 has 0 polygons
2026-03-31 18:27:54 +0200: Memory Usage (810400K) : norcx_m2tm1 has 0 polygons
2026-03-31 18:27:54 +0200: Memory Usage (810400K) : norcx_m2tm2 has 0 polygons
2026-03-31 18:27:54 +0200: Memory Usage (810664K) : norcx_m3m4 has 0 polygons
2026-03-31 18:27:54 +0200: Memory Usage (810664K) : norcx_m3m5 has 0 polygons
2026-03-31 18:27:54 +0200: Memory Usage (810664K) : norcx_m3tm1 has 0 polygons
2026-03-31 18:27:54 +0200: Memory Usage (810664K) : norcx_m3tm2 has 0 polygons
2026-03-31 18:27:54 +0200: Memory Usage (810664K) : norcx_m4m5 has 0 polygons
2026-03-31 18:27:54 +0200: Memory Usage (810928K) : norcx_m4tm1 has 0 polygons
2026-03-31 18:27:54 +0200: Memory Usage (810928K) : norcx_m4tm2 has 0 polygons
2026-03-31 18:27:54 +0200: Memory Usage (810928K) : norcx_m5tm1 has 0 polygons
2026-03-31 18:27:54 +0200: Memory Usage (810928K) : norcx_m5tm2 has 0 polygons
2026-03-31 18:27:54 +0200: Memory Usage (810928K) : norcx_tm1tm2 has 0 polygons
2026-03-31 18:27:54 +0200: Memory Usage (811192K) : norcx_m1sub has 0 polygons
2026-03-31 18:27:54 +0200: Memory Usage (811192K) : norcx_m2sub has 0 polygons
2026-03-31 18:27:54 +0200: Memory Usage (811192K) : norcx_m3sub has 0 polygons
2026-03-31 18:27:54 +0200: Memory Usage (811192K) : norcx_m4sub has 0 polygons
2026-03-31 18:27:54 +0200: Memory Usage (811192K) : norcx_m5sub has 0 polygons
2026-03-31 18:27:54 +0200: Memory Usage (811456K) : norcx_tm1sub has 0 polygons
2026-03-31 18:27:54 +0200: Memory Usage (811456K) : norcx_tm2sub has 0 polygons
2026-03-31 18:27:54 +0200: Memory Usage (811456K) : snsbotvia_drw has 0 polygons
2026-03-31 18:27:54 +0200: Memory Usage (811456K) : snstopvia_drw has 0 polygons
2026-03-31 18:27:54 +0200: Memory Usage (811720K) : deepvia_drw has 0 polygons
2026-03-31 18:27:54 +0200: Memory Usage (811720K) : fgetch_drw has 0 polygons
2026-03-31 18:27:54 +0200: Memory Usage (811720K) : ctrgat_drw has 0 polygons
2026-03-31 18:27:54 +0200: Memory Usage (811720K) : fgimp_drw has 0 polygons
2026-03-31 18:27:54 +0200: Memory Usage (811720K) : emwihv_drw has 0 polygons
2026-03-31 18:27:54 +0200: Memory Usage (811984K) : lbe_drw has 0 polygons
2026-03-31 18:27:54 +0200: Memory Usage (811984K) : alcustop_drw has 0 polygons
2026-03-31 18:27:54 +0200: Memory Usage (811984K) : nometfiller_drw has 0 polygons
2026-03-31 18:27:54 +0200: Memory Usage (811984K) : prboundary_drw has 0 polygons
2026-03-31 18:27:54 +0200: Memory Usage (811984K) : exchange0_drw has 0 polygons
2026-03-31 18:27:54 +0200: Memory Usage (812248K) : exchange0_pin has 0 polygons
2026-03-31 18:27:54 +0200: Memory Usage (812248K) : exchange0_text has 0 polygons
2026-03-31 18:27:54 +0200: Memory Usage (812248K) : exchange1_drw has 0 polygons
2026-03-31 18:27:54 +0200: Memory Usage (812248K) : exchange1_pin has 0 polygons
2026-03-31 18:27:54 +0200: Memory Usage (812248K) : exchange1_text has 0 polygons
2026-03-31 18:27:54 +0200: Memory Usage (812512K) : exchange2_drw has 0 polygons
2026-03-31 18:27:54 +0200: Memory Usage (812512K) : exchange2_pin has 0 polygons
2026-03-31 18:27:54 +0200: Memory Usage (812512K) : exchange2_text has 0 polygons
2026-03-31 18:27:54 +0200: Memory Usage (812512K) : exchange3_drw has 0 polygons
2026-03-31 18:27:54 +0200: Memory Usage (812512K) : exchange3_pin has 0 polygons
2026-03-31 18:27:54 +0200: Memory Usage (812776K) : exchange3_text has 0 polygons
2026-03-31 18:27:54 +0200: Memory Usage (812776K) : exchange4_drw has 0 polygons
2026-03-31 18:27:54 +0200: Memory Usage (812776K) : exchange4_pin has 0 polygons
2026-03-31 18:27:54 +0200: Memory Usage (812776K) : exchange4_text has 0 polygons
2026-03-31 18:27:54 +0200: Memory Usage (812776K) : isonwell_drw has 0 polygons
2026-03-31 18:27:54 +0200: Memory Usage (812776K) : Total no. of polygons in the design is 17247781
2026-03-31 18:27:54 +0200: Memory Usage (812776K) : Loaded TECH DRC rules values from /foss/pdks/ihp-sg13g2/libs.tech/klayout/python/sg13g2_pycell_lib/sg13g2_tech_mod.json
2026-03-31 18:27:54 +0200: Memory Usage (812776K) : Loaded default DRC rules values from /foss/pdks/ihp-sg13g2/libs.tech/klayout/tech/drc/rule_decks/sg13g2_tech_default.json
2026-03-31 18:27:54 +0200: Memory Usage (812776K) : The following rules values were missing in tech json and default values were used:
2026-03-31 18:27:54 +0200: Memory Usage (812776K) :   - NW_f1_digibnd
2026-03-31 18:27:54 +0200: Memory Usage (812776K) :   - Cnt_c_digibnd
2026-03-31 18:27:54 +0200: Memory Usage (812776K) :   - Cnt_c_sram
2026-03-31 18:27:54 +0200: Memory Usage (812776K) :   - Sdiod_b
2026-03-31 18:27:54 +0200: Memory Usage (812776K) :   - Sdiod_c
2026-03-31 18:27:54 +0200: Memory Usage (814024K) : Total area of the design is 11222500.0 um^2.
2026-03-31 18:27:54 +0200: Memory Usage (814024K) : The design dimensions are 3350.0 µm * 3350.0 µm.
2026-03-31 18:27:54 +0200: Memory Usage (814024K) : Starting general IHP-SG13G2 derivations.
2026-03-31 18:27:54 +0200: Memory Usage (814024K) : Starting Pwell derivations
2026-03-31 18:27:55 +0200: Memory Usage (848248K) : Starting p-Activ derivations
2026-03-31 18:28:02 +0200: Memory Usage (980204K) : Starting ptap derivations
2026-03-31 18:28:03 +0200: Memory Usage (1015584K) : Starting cont/contbar general derivations
2026-03-31 18:28:32 +0200: Memory Usage (1720092K) : Starting schottky_nbl general derivations
2026-03-31 18:28:32 +0200: Memory Usage (1723428K) : Starting HBT general derivations
2026-03-31 18:28:32 +0200: Memory Usage (1723428K) : Starting IHP-SG13G2 DRC rules.
2026-03-31 18:28:32 +0200: Memory Usage (1723428K) : Starting 5.15. ContBar table
2026-03-31 18:28:32 +0200: Memory Usage (1723428K) : Executing rule CntB.a
2026-03-31 18:28:58 +0200: Memory Usage (2128160K) : Executing rule CntB.a1
2026-03-31 18:28:58 +0200: Memory Usage (2128160K) : KLayout DRC run for tables 'contbar' completed in 80.34 seconds
