# Logfile created on 2026-03-31 18:27:58 +0200 by logger.rb/v1.5.3
2026-03-31 18:27:58 +0200: Memory Usage (445552K) : Starting running IHP-SG13G2 KLayout DRC runset on /foss/designs/IHP__SoC7610/release/v.1.0.0/gds/octowave.gds
2026-03-31 18:27:58 +0200: Memory Usage (445552K) : Ruby Version for klayout: 3.2.3
2026-03-31 18:28:02 +0200: Memory Usage (660096K) : Loading database to memory is complete.
2026-03-31 18:28:02 +0200: Memory Usage (660096K) : IHP-SG13G2 KLayout DRC runset output at: /foss/designs/IHP__SoC7610/release/v.1.0.0/gds/drc_run_2026_03_31_16_27_33/octowave_octowave_pin.lyrdb
2026-03-31 18:28:02 +0200: Memory Usage (660096K) : Evaluate switches.
2026-03-31 18:28:02 +0200: Memory Usage (660096K) : tables selected: pin
2026-03-31 18:28:02 +0200: Memory Usage (660096K) : KLayout will use 32 thread(s) in tiling mode.
2026-03-31 18:28:02 +0200: Memory Usage (660096K) : deep mode is enabled.
2026-03-31 18:28:02 +0200: Memory Usage (660096K) : FEOL enabled: false
2026-03-31 18:28:02 +0200: Memory Usage (660096K) : BEOL enabled: false
2026-03-31 18:28:02 +0200: Memory Usage (660096K) : OFFGRID enabled: false
2026-03-31 18:28:02 +0200: Memory Usage (660096K) : ANGLE enabled: true
2026-03-31 18:28:02 +0200: Memory Usage (660096K) : PIN enabled: false
2026-03-31 18:28:02 +0200: Memory Usage (660096K) : FORBIDDEN enabled: false
2026-03-31 18:28:02 +0200: Memory Usage (660096K) : RECOMMENDED enabled: false
2026-03-31 18:28:02 +0200: Memory Usage (660096K) : PreCheck DRC enabled: true
2026-03-31 18:28:02 +0200: Memory Usage (660096K) : CONNECTIVITY_RULES enabled: false.
2026-03-31 18:28:02 +0200: Memory Usage (660096K) : Read in polygons from layers.
2026-03-31 18:28:02 +0200: Memory Usage (675788K) : activ_drw has 403323 polygons
2026-03-31 18:28:02 +0200: Memory Usage (675788K) : activ_pin has 0 polygons
2026-03-31 18:28:02 +0200: Memory Usage (675788K) : activ_mask has 0 polygons
2026-03-31 18:28:02 +0200: Memory Usage (675788K) : activ_filler has 0 polygons
2026-03-31 18:28:02 +0200: Memory Usage (675788K) : activ_nofill has 0 polygons
2026-03-31 18:28:02 +0200: Memory Usage (675788K) : activ_opc has 0 polygons
2026-03-31 18:28:02 +0200: Memory Usage (675788K) : activ_iopc has 0 polygons
2026-03-31 18:28:02 +0200: Memory Usage (675788K) : activ_noqrc has 0 polygons
2026-03-31 18:28:02 +0200: Memory Usage (675788K) : biwind_drw has 0 polygons
2026-03-31 18:28:02 +0200: Memory Usage (675788K) : biwind_opc has 0 polygons
2026-03-31 18:28:02 +0200: Memory Usage (675788K) : pemwind_drw has 0 polygons
2026-03-31 18:28:03 +0200: Memory Usage (685556K) : gatpoly_drw has 363609 polygons
2026-03-31 18:28:04 +0200: Memory Usage (685556K) : gatpoly_pin has 774 polygons
2026-03-31 18:28:04 +0200: Memory Usage (685556K) : gatpoly_filler has 0 polygons
2026-03-31 18:28:04 +0200: Memory Usage (685556K) : gatpoly_nofill has 0 polygons
2026-03-31 18:28:04 +0200: Memory Usage (685556K) : gatpoly_opc has 0 polygons
2026-03-31 18:28:04 +0200: Memory Usage (685556K) : gatpoly_iopc has 0 polygons
2026-03-31 18:28:04 +0200: Memory Usage (685556K) : gatpoly_noqrc has 0 polygons
2026-03-31 18:28:07 +0200: Memory Usage (753532K) : cont_drw has 11013776 polygons
2026-03-31 18:28:07 +0200: Memory Usage (753532K) : cont_opc has 0 polygons
2026-03-31 18:28:07 +0200: Memory Usage (753532K) : nsd_drw has 0 polygons
2026-03-31 18:28:07 +0200: Memory Usage (753532K) : nsd_block has 0 polygons
2026-03-31 18:28:09 +0200: Memory Usage (762040K) : metal1_drw has 833614 polygons
2026-03-31 18:28:09 +0200: Memory Usage (762040K) : metal1_pin has 347782 polygons
2026-03-31 18:28:09 +0200: Memory Usage (762040K) : metal1_mask has 0 polygons
2026-03-31 18:28:09 +0200: Memory Usage (762040K) : metal1_filler has 0 polygons
2026-03-31 18:28:09 +0200: Memory Usage (762040K) : metal1_nofill has 0 polygons
2026-03-31 18:28:09 +0200: Memory Usage (762040K) : metal1_slit has 0 polygons
2026-03-31 18:28:09 +0200: Memory Usage (767500K) : metal1_text has 338966 polygons
2026-03-31 18:28:09 +0200: Memory Usage (767500K) : metal1_opc has 0 polygons
2026-03-31 18:28:09 +0200: Memory Usage (767500K) : metal1_noqrc has 0 polygons
2026-03-31 18:28:09 +0200: Memory Usage (767500K) : metal1_res has 0 polygons
2026-03-31 18:28:09 +0200: Memory Usage (767500K) : metal1_iprobe has 0 polygons
2026-03-31 18:28:09 +0200: Memory Usage (767500K) : metal1_diffprb has 0 polygons
2026-03-31 18:28:09 +0200: Memory Usage (767500K) : passiv_drw has 120 polygons
2026-03-31 18:28:09 +0200: Memory Usage (767500K) : passiv_pin has 0 polygons
2026-03-31 18:28:09 +0200: Memory Usage (767500K) : passiv_sbump has 0 polygons
2026-03-31 18:28:09 +0200: Memory Usage (767500K) : passiv_pillar has 0 polygons
2026-03-31 18:28:09 +0200: Memory Usage (767500K) : passiv_pdl has 0 polygons
2026-03-31 18:28:10 +0200: Memory Usage (785716K) : metal2_drw has 659685 polygons
2026-03-31 18:28:10 +0200: Memory Usage (785716K) : metal2_pin has 2290 polygons
2026-03-31 18:28:10 +0200: Memory Usage (785716K) : metal2_mask has 0 polygons
2026-03-31 18:28:10 +0200: Memory Usage (785716K) : metal2_filler has 1143 polygons
2026-03-31 18:28:10 +0200: Memory Usage (785716K) : metal2_nofill has 0 polygons
2026-03-31 18:28:10 +0200: Memory Usage (785716K) : metal2_slit has 0 polygons
2026-03-31 18:28:10 +0200: Memory Usage (785716K) : metal2_text has 2158 polygons
2026-03-31 18:28:10 +0200: Memory Usage (785716K) : metal2_opc has 0 polygons
2026-03-31 18:28:10 +0200: Memory Usage (785716K) : metal2_noqrc has 0 polygons
2026-03-31 18:28:10 +0200: Memory Usage (785716K) : metal2_res has 0 polygons
2026-03-31 18:28:10 +0200: Memory Usage (785716K) : metal2_iprobe has 0 polygons
2026-03-31 18:28:10 +0200: Memory Usage (785716K) : metal2_diffprb has 0 polygons
2026-03-31 18:28:10 +0200: Memory Usage (785716K) : baspoly_drw has 0 polygons
2026-03-31 18:28:10 +0200: Memory Usage (785716K) : baspoly_pin has 0 polygons
2026-03-31 18:28:10 +0200: Memory Usage (785716K) : psd_drw has 190070 polygons
2026-03-31 18:28:10 +0200: Memory Usage (785716K) : nldb_drw has 0 polygons
2026-03-31 18:28:10 +0200: Memory Usage (785716K) : digibnd_drw has 0 polygons
2026-03-31 18:28:10 +0200: Memory Usage (791788K) : via1_drw has 641588 polygons
2026-03-31 18:28:10 +0200: Memory Usage (791788K) : backmetal1_drw has 0 polygons
2026-03-31 18:28:10 +0200: Memory Usage (791788K) : backmetal1_pin has 0 polygons
2026-03-31 18:28:10 +0200: Memory Usage (791788K) : backmetal1_mask has 0 polygons
2026-03-31 18:28:10 +0200: Memory Usage (791788K) : backmetal1_filler has 0 polygons
2026-03-31 18:28:10 +0200: Memory Usage (791788K) : backmetal1_nofill has 0 polygons
2026-03-31 18:28:10 +0200: Memory Usage (791788K) : backmetal1_slit has 0 polygons
2026-03-31 18:28:10 +0200: Memory Usage (791788K) : backmetal1_text has 0 polygons
2026-03-31 18:28:10 +0200: Memory Usage (791788K) : backmetal1_opc has 0 polygons
2026-03-31 18:28:10 +0200: Memory Usage (791788K) : backmetal1_noqrc has 0 polygons
2026-03-31 18:28:10 +0200: Memory Usage (791788K) : backmetal1_res has 0 polygons
2026-03-31 18:28:10 +0200: Memory Usage (791788K) : backmetal1_iprobe has 0 polygons
2026-03-31 18:28:10 +0200: Memory Usage (791788K) : backmetal1_diffprb has 0 polygons
2026-03-31 18:28:10 +0200: Memory Usage (791788K) : backpassiv_drw has 0 polygons
2026-03-31 18:28:10 +0200: Memory Usage (791788K) : res_drw has 0 polygons
2026-03-31 18:28:10 +0200: Memory Usage (791788K) : sram_drw has 0 polygons
2026-03-31 18:28:10 +0200: Memory Usage (791788K) : trans_drw has 0 polygons
2026-03-31 18:28:10 +0200: Memory Usage (791788K) : ind_drw has 0 polygons
2026-03-31 18:28:10 +0200: Memory Usage (791788K) : ind_pin has 0 polygons
2026-03-31 18:28:10 +0200: Memory Usage (791788K) : ind_text has 0 polygons
2026-03-31 18:28:10 +0200: Memory Usage (791788K) : salblock_drw has 1125 polygons
2026-03-31 18:28:11 +0200: Memory Usage (796540K) : via2_drw has 688861 polygons
2026-03-31 18:28:11 +0200: Memory Usage (801556K) : metal3_drw has 331012 polygons
2026-03-31 18:28:11 +0200: Memory Usage (801556K) : metal3_pin has 1918 polygons
2026-03-31 18:28:11 +0200: Memory Usage (801556K) : metal3_mask has 0 polygons
2026-03-31 18:28:11 +0200: Memory Usage (801556K) : metal3_filler has 1636 polygons
2026-03-31 18:28:11 +0200: Memory Usage (801556K) : metal3_nofill has 0 polygons
2026-03-31 18:28:11 +0200: Memory Usage (801556K) : metal3_slit has 0 polygons
2026-03-31 18:28:11 +0200: Memory Usage (801556K) : metal3_text has 1467 polygons
2026-03-31 18:28:11 +0200: Memory Usage (801556K) : metal3_opc has 0 polygons
2026-03-31 18:28:11 +0200: Memory Usage (801556K) : metal3_noqrc has 0 polygons
2026-03-31 18:28:11 +0200: Memory Usage (801556K) : metal3_res has 0 polygons
2026-03-31 18:28:11 +0200: Memory Usage (801556K) : metal3_iprobe has 0 polygons
2026-03-31 18:28:11 +0200: Memory Usage (801556K) : metal3_diffprb has 0 polygons
2026-03-31 18:28:11 +0200: Memory Usage (801556K) : nwell_drw has 93113 polygons
2026-03-31 18:28:11 +0200: Memory Usage (801556K) : nwell_pin has 0 polygons
2026-03-31 18:28:11 +0200: Memory Usage (801556K) : nbulay_drw has 1974 polygons
2026-03-31 18:28:11 +0200: Memory Usage (801556K) : nbulay_pin has 0 polygons
2026-03-31 18:28:11 +0200: Memory Usage (801556K) : nbulay_block has 0 polygons
2026-03-31 18:28:11 +0200: Memory Usage (801556K) : emwind_drw has 0 polygons
2026-03-31 18:28:11 +0200: Memory Usage (801556K) : emwind_opc has 0 polygons
2026-03-31 18:28:11 +0200: Memory Usage (801556K) : deepco_drw has 0 polygons
2026-03-31 18:28:11 +0200: Memory Usage (801556K) : deepco_drw has 0 polygons
2026-03-31 18:28:11 +0200: Memory Usage (801556K) : mim_drw has 176 polygons
2026-03-31 18:28:11 +0200: Memory Usage (801556K) : edgeseal_drw has 24 polygons
2026-03-31 18:28:11 +0200: Memory Usage (801556K) : edgeseal_bound has 1 polygons
2026-03-31 18:28:11 +0200: Memory Usage (801556K) : substrate_drw has 6577 polygons
2026-03-31 18:28:11 +0200: Memory Usage (801556K) : substrate_text has 0 polygons
2026-03-31 18:28:11 +0200: Memory Usage (801556K) : dfpad_drw has 108 polygons
2026-03-31 18:28:11 +0200: Memory Usage (801556K) : dfpad_pillar has 0 polygons
2026-03-31 18:28:11 +0200: Memory Usage (801556K) : dfpad_sbump has 0 polygons
2026-03-31 18:28:11 +0200: Memory Usage (801556K) : thickgateox_drw has 197 polygons
2026-03-31 18:28:11 +0200: Memory Usage (801556K) : pldb_drw has 0 polygons
2026-03-31 18:28:11 +0200: Memory Usage (801556K) : pwell_drw has 0 polygons
2026-03-31 18:28:11 +0200: Memory Usage (801556K) : pwell_pin has 0 polygons
2026-03-31 18:28:11 +0200: Memory Usage (801556K) : pwell_block has 0 polygons
2026-03-31 18:28:11 +0200: Memory Usage (801556K) : ic_drw has 0 polygons
2026-03-31 18:28:11 +0200: Memory Usage (801556K) : via3_drw has 345358 polygons
2026-03-31 18:28:11 +0200: Memory Usage (802672K) : metal4_drw has 74299 polygons
2026-03-31 18:28:11 +0200: Memory Usage (802672K) : metal4_pin has 1805 polygons
2026-03-31 18:28:11 +0200: Memory Usage (802672K) : metal4_mask has 0 polygons
2026-03-31 18:28:11 +0200: Memory Usage (802672K) : metal4_filler has 21889 polygons
2026-03-31 18:28:11 +0200: Memory Usage (802672K) : metal4_nofill has 0 polygons
2026-03-31 18:28:11 +0200: Memory Usage (802672K) : metal4_slit has 0 polygons
2026-03-31 18:28:11 +0200: Memory Usage (802672K) : metal4_text has 1357 polygons
2026-03-31 18:28:11 +0200: Memory Usage (802672K) : metal4_opc has 0 polygons
2026-03-31 18:28:11 +0200: Memory Usage (802672K) : metal4_noqrc has 0 polygons
2026-03-31 18:28:11 +0200: Memory Usage (802672K) : metal4_res has 0 polygons
2026-03-31 18:28:11 +0200: Memory Usage (802672K) : metal4_iprobe has 0 polygons
2026-03-31 18:28:11 +0200: Memory Usage (802672K) : metal4_diffprb has 0 polygons
2026-03-31 18:28:11 +0200: Memory Usage (802672K) : heattrans_drw has 9084 polygons
2026-03-31 18:28:11 +0200: Memory Usage (802672K) : heatres_drw has 1042 polygons
2026-03-31 18:28:11 +0200: Memory Usage (802672K) : pempoly_drw has 0 polygons
2026-03-31 18:28:11 +0200: Memory Usage (802672K) : fbe_drw has 0 polygons
2026-03-31 18:28:11 +0200: Memory Usage (802672K) : empoly_drw has 0 polygons
2026-03-31 18:28:11 +0200: Memory Usage (802672K) : ldmos_drw has 0 polygons
2026-03-31 18:28:11 +0200: Memory Usage (802672K) : pbiwind_drw has 0 polygons
2026-03-31 18:28:11 +0200: Memory Usage (802672K) : digisub_drw has 0 polygons
2026-03-31 18:28:11 +0200: Memory Usage (802672K) : nodrc_drw has 0 polygons
2026-03-31 18:28:11 +0200: Memory Usage (802672K) : text_drw has 4679 polygons
2026-03-31 18:28:11 +0200: Memory Usage (803992K) : via4_drw has 329885 polygons
2026-03-31 18:28:11 +0200: Memory Usage (803992K) : metal5_drw has 33477 polygons
2026-03-31 18:28:11 +0200: Memory Usage (803992K) : metal5_pin has 1746 polygons
2026-03-31 18:28:11 +0200: Memory Usage (803992K) : metal5_mask has 0 polygons
2026-03-31 18:28:12 +0200: Memory Usage (803992K) : metal5_filler has 24498 polygons
2026-03-31 18:28:12 +0200: Memory Usage (803992K) : metal5_nofill has 0 polygons
2026-03-31 18:28:12 +0200: Memory Usage (803992K) : metal5_slit has 0 polygons
2026-03-31 18:28:12 +0200: Memory Usage (803992K) : metal5_text has 1298 polygons
2026-03-31 18:28:12 +0200: Memory Usage (803992K) : metal5_opc has 0 polygons
2026-03-31 18:28:12 +0200: Memory Usage (803992K) : metal5_noqrc has 0 polygons
2026-03-31 18:28:12 +0200: Memory Usage (803992K) : metal5_res has 0 polygons
2026-03-31 18:28:12 +0200: Memory Usage (803992K) : metal5_iprobe has 0 polygons
2026-03-31 18:28:12 +0200: Memory Usage (803992K) : metal5_diffprb has 0 polygons
2026-03-31 18:28:12 +0200: Memory Usage (803992K) : radhard_drw has 0 polygons
2026-03-31 18:28:12 +0200: Memory Usage (803992K) : memcap_drw has 0 polygons
2026-03-31 18:28:12 +0200: Memory Usage (803992K) : varicap_drw has 0 polygons
2026-03-31 18:28:12 +0200: Memory Usage (803992K) : flash_drw has 0 polygons
2026-03-31 18:28:12 +0200: Memory Usage (803992K) : intbondvia_drw has 0 polygons
2026-03-31 18:28:12 +0200: Memory Usage (803992K) : intbondmet_drw has 0 polygons
2026-03-31 18:28:12 +0200: Memory Usage (803992K) : devbondvia_drw has 0 polygons
2026-03-31 18:28:12 +0200: Memory Usage (803992K) : devbondmet_drw has 0 polygons
2026-03-31 18:28:12 +0200: Memory Usage (803992K) : devtrench_drw has 0 polygons
2026-03-31 18:28:12 +0200: Memory Usage (803992K) : redist_drw has 0 polygons
2026-03-31 18:28:12 +0200: Memory Usage (803992K) : graphbot_drw has 0 polygons
2026-03-31 18:28:12 +0200: Memory Usage (804256K) : graphtop_drw has 0 polygons
2026-03-31 18:28:12 +0200: Memory Usage (804256K) : antvia1_drw has 0 polygons
2026-03-31 18:28:12 +0200: Memory Usage (804256K) : antmetal2_drw has 0 polygons
2026-03-31 18:28:12 +0200: Memory Usage (804256K) : graphcont_drw has 0 polygons
2026-03-31 18:28:12 +0200: Memory Usage (804520K) : siwg_drw has 0 polygons
2026-03-31 18:28:12 +0200: Memory Usage (804520K) : siwg_filler has 0 polygons
2026-03-31 18:28:12 +0200: Memory Usage (804520K) : siwg_nofill has 0 polygons
2026-03-31 18:28:12 +0200: Memory Usage (804520K) : sigrating_drw has 0 polygons
2026-03-31 18:28:12 +0200: Memory Usage (804520K) : singrating_drw has 0 polygons
2026-03-31 18:28:12 +0200: Memory Usage (804784K) : graphpas_drw has 0 polygons
2026-03-31 18:28:12 +0200: Memory Usage (804784K) : emwind3_drw has 0 polygons
2026-03-31 18:28:12 +0200: Memory Usage (804784K) : emwihv3_drw has 0 polygons
2026-03-31 18:28:12 +0200: Memory Usage (804784K) : redbulay_drw has 0 polygons
2026-03-31 18:28:12 +0200: Memory Usage (804784K) : smos_drw has 0 polygons
2026-03-31 18:28:12 +0200: Memory Usage (805048K) : graphpad_drw has 0 polygons
2026-03-31 18:28:12 +0200: Memory Usage (805048K) : polimide_drw has 0 polygons
2026-03-31 18:28:12 +0200: Memory Usage (805048K) : polimide_pin has 0 polygons
2026-03-31 18:28:12 +0200: Memory Usage (805048K) : recog_drw has 0 polygons
2026-03-31 18:28:12 +0200: Memory Usage (805048K) : recog_pin has 0 polygons
2026-03-31 18:28:12 +0200: Memory Usage (805312K) : recog_esd has 0 polygons
2026-03-31 18:28:12 +0200: Memory Usage (805312K) : recog_diode has 537 polygons
2026-03-31 18:28:12 +0200: Memory Usage (805312K) : recog_tsv has 0 polygons
2026-03-31 18:28:12 +0200: Memory Usage (805312K) : recog_iprobe has 0 polygons
2026-03-31 18:28:12 +0200: Memory Usage (805312K) : recog_diffprb has 0 polygons
2026-03-31 18:28:12 +0200: Memory Usage (805576K) : recog_pillar has 0 polygons
2026-03-31 18:28:12 +0200: Memory Usage (805576K) : recog_sbump has 0 polygons
2026-03-31 18:28:12 +0200: Memory Usage (805576K) : recog_otp has 0 polygons
2026-03-31 18:28:12 +0200: Memory Usage (805576K) : recog_pdiode has 0 polygons
2026-03-31 18:28:12 +0200: Memory Usage (805576K) : recog_mom has 0 polygons
2026-03-31 18:28:12 +0200: Memory Usage (805840K) : recog_pcm has 0 polygons
2026-03-31 18:28:12 +0200: Memory Usage (805840K) : colopen_drw has 0 polygons
2026-03-31 18:28:12 +0200: Memory Usage (805840K) : graphmetal1_drw has 0 polygons
2026-03-31 18:28:12 +0200: Memory Usage (805840K) : graphmetal1_filler has 0 polygons
2026-03-31 18:28:12 +0200: Memory Usage (806104K) : graphmetal1_nofill has 0 polygons
2026-03-31 18:28:12 +0200: Memory Usage (806104K) : graphmetal1_slit has 0 polygons
2026-03-31 18:28:12 +0200: Memory Usage (806104K) : graphmetal1_opc has 0 polygons
2026-03-31 18:28:12 +0200: Memory Usage (806104K) : graphmet1l_drw has 0 polygons
2026-03-31 18:28:12 +0200: Memory Usage (806104K) : graphmet1l_filler has 0 polygons
2026-03-31 18:28:12 +0200: Memory Usage (806368K) : graphmet1l_nofill has 0 polygons
2026-03-31 18:28:12 +0200: Memory Usage (806368K) : graphmet1l_slit has 0 polygons
2026-03-31 18:28:12 +0200: Memory Usage (806368K) : graphmet1l_opc has 0 polygons
2026-03-31 18:28:12 +0200: Memory Usage (806368K) : extblock_drw has 475 polygons
2026-03-31 18:28:12 +0200: Memory Usage (806368K) : nldd_drw has 0 polygons
2026-03-31 18:28:12 +0200: Memory Usage (806632K) : pldd_drw has 0 polygons
2026-03-31 18:28:12 +0200: Memory Usage (806632K) : next_drw has 0 polygons
2026-03-31 18:28:12 +0200: Memory Usage (806632K) : pext_drw has 0 polygons
2026-03-31 18:28:12 +0200: Memory Usage (806632K) : nexthv_drw has 0 polygons
2026-03-31 18:28:12 +0200: Memory Usage (806632K) : pexthv_drw has 0 polygons
2026-03-31 18:28:12 +0200: Memory Usage (806896K) : graphgate_drw has 0 polygons
2026-03-31 18:28:12 +0200: Memory Usage (806896K) : sinwg_drw has 0 polygons
2026-03-31 18:28:12 +0200: Memory Usage (806896K) : sinwg_filler has 0 polygons
2026-03-31 18:28:12 +0200: Memory Usage (806896K) : sinwg_nofill has 0 polygons
2026-03-31 18:28:12 +0200: Memory Usage (806896K) : mempad_drw has 0 polygons
2026-03-31 18:28:12 +0200: Memory Usage (807688K) : topvia1_drw has 266080 polygons
2026-03-31 18:28:12 +0200: Memory Usage (807688K) : topmetal1_drw has 7868 polygons
2026-03-31 18:28:12 +0200: Memory Usage (807952K) : topmetal1_pin has 1915 polygons
2026-03-31 18:28:12 +0200: Memory Usage (807952K) : topmetal1_mask has 0 polygons
2026-03-31 18:28:12 +0200: Memory Usage (808216K) : topmetal1_filler has 5304 polygons
2026-03-31 18:28:12 +0200: Memory Usage (808216K) : topmetal1_nofill has 0 polygons
2026-03-31 18:28:12 +0200: Memory Usage (808216K) : topmetal1_slit has 0 polygons
2026-03-31 18:28:12 +0200: Memory Usage (808216K) : topmetal1_text has 1417 polygons
2026-03-31 18:28:12 +0200: Memory Usage (808216K) : topmetal1_noqrc has 0 polygons
2026-03-31 18:28:12 +0200: Memory Usage (808480K) : topmetal1_res has 0 polygons
2026-03-31 18:28:12 +0200: Memory Usage (808480K) : topmetal1_iprobe has 0 polygons
2026-03-31 18:28:12 +0200: Memory Usage (808480K) : topmetal1_diffprb has 0 polygons
2026-03-31 18:28:12 +0200: Memory Usage (808480K) : inldpwl_drw has 0 polygons
2026-03-31 18:28:12 +0200: Memory Usage (808744K) : polyres_drw has 1042 polygons
2026-03-31 18:28:12 +0200: Memory Usage (808744K) : polyres_pin has 0 polygons
2026-03-31 18:28:12 +0200: Memory Usage (808744K) : vmim_drw has 0 polygons
2026-03-31 18:28:12 +0200: Memory Usage (808744K) : nbulaycut_drw has 0 polygons
2026-03-31 18:28:12 +0200: Memory Usage (808744K) : antmetal1_drw has 0 polygons
2026-03-31 18:28:12 +0200: Memory Usage (809008K) : topvia2_drw has 175194 polygons
2026-03-31 18:28:12 +0200: Memory Usage (809272K) : topmetal2_drw has 2219 polygons
2026-03-31 18:28:12 +0200: Memory Usage (809272K) : topmetal2_pin has 1489 polygons
2026-03-31 18:28:12 +0200: Memory Usage (809272K) : topmetal2_mask has 0 polygons
2026-03-31 18:28:12 +0200: Memory Usage (809536K) : topmetal2_filler has 5280 polygons
2026-03-31 18:28:12 +0200: Memory Usage (809536K) : topmetal2_nofill has 0 polygons
2026-03-31 18:28:12 +0200: Memory Usage (809536K) : topmetal2_slit has 0 polygons
2026-03-31 18:28:12 +0200: Memory Usage (809800K) : topmetal2_text has 1457 polygons
2026-03-31 18:28:12 +0200: Memory Usage (809800K) : topmetal2_noqrc has 0 polygons
2026-03-31 18:28:12 +0200: Memory Usage (809800K) : topmetal2_res has 0 polygons
2026-03-31 18:28:12 +0200: Memory Usage (809800K) : topmetal2_iprobe has 0 polygons
2026-03-31 18:28:12 +0200: Memory Usage (809800K) : topmetal2_diffprb has 0 polygons
2026-03-31 18:28:12 +0200: Memory Usage (810064K) : snsring_drw has 0 polygons
2026-03-31 18:28:12 +0200: Memory Usage (810064K) : sensor_drw has 0 polygons
2026-03-31 18:28:12 +0200: Memory Usage (810064K) : snsarms_drw has 0 polygons
2026-03-31 18:28:12 +0200: Memory Usage (810064K) : snscmosvia_drw has 0 polygons
2026-03-31 18:28:12 +0200: Memory Usage (810064K) : colwind_drw has 0 polygons
2026-03-31 18:28:12 +0200: Memory Usage (810328K) : flm_drw has 0 polygons
2026-03-31 18:28:12 +0200: Memory Usage (810328K) : hafniumox_drw has 0 polygons
2026-03-31 18:28:12 +0200: Memory Usage (810328K) : memvia_drw has 0 polygons
2026-03-31 18:28:12 +0200: Memory Usage (810328K) : thinfilmres_drw has 0 polygons
2026-03-31 18:28:12 +0200: Memory Usage (810328K) : rfmem_drw has 0 polygons
2026-03-31 18:28:12 +0200: Memory Usage (810592K) : norcx_drw has 0 polygons
2026-03-31 18:28:12 +0200: Memory Usage (810592K) : norcx_m2m3 has 0 polygons
2026-03-31 18:28:12 +0200: Memory Usage (810592K) : norcx_m2m4 has 0 polygons
2026-03-31 18:28:12 +0200: Memory Usage (810592K) : norcx_m2m5 has 0 polygons
2026-03-31 18:28:12 +0200: Memory Usage (810592K) : norcx_m2tm1 has 0 polygons
2026-03-31 18:28:12 +0200: Memory Usage (810856K) : norcx_m2tm2 has 0 polygons
2026-03-31 18:28:12 +0200: Memory Usage (810856K) : norcx_m3m4 has 0 polygons
2026-03-31 18:28:12 +0200: Memory Usage (810856K) : norcx_m3m5 has 0 polygons
2026-03-31 18:28:12 +0200: Memory Usage (810856K) : norcx_m3tm1 has 0 polygons
2026-03-31 18:28:12 +0200: Memory Usage (811120K) : norcx_m3tm2 has 0 polygons
2026-03-31 18:28:12 +0200: Memory Usage (811120K) : norcx_m4m5 has 0 polygons
2026-03-31 18:28:12 +0200: Memory Usage (811120K) : norcx_m4tm1 has 0 polygons
2026-03-31 18:28:12 +0200: Memory Usage (811120K) : norcx_m4tm2 has 0 polygons
2026-03-31 18:28:12 +0200: Memory Usage (811120K) : norcx_m5tm1 has 0 polygons
2026-03-31 18:28:12 +0200: Memory Usage (811384K) : norcx_m5tm2 has 0 polygons
2026-03-31 18:28:12 +0200: Memory Usage (811384K) : norcx_tm1tm2 has 0 polygons
2026-03-31 18:28:12 +0200: Memory Usage (811384K) : norcx_m1sub has 0 polygons
2026-03-31 18:28:12 +0200: Memory Usage (811384K) : norcx_m2sub has 0 polygons
2026-03-31 18:28:12 +0200: Memory Usage (811384K) : norcx_m3sub has 0 polygons
2026-03-31 18:28:12 +0200: Memory Usage (811648K) : norcx_m4sub has 0 polygons
2026-03-31 18:28:12 +0200: Memory Usage (811648K) : norcx_m5sub has 0 polygons
2026-03-31 18:28:12 +0200: Memory Usage (811648K) : norcx_tm1sub has 0 polygons
2026-03-31 18:28:12 +0200: Memory Usage (811648K) : norcx_tm2sub has 0 polygons
2026-03-31 18:28:12 +0200: Memory Usage (811648K) : snsbotvia_drw has 0 polygons
2026-03-31 18:28:12 +0200: Memory Usage (811912K) : snstopvia_drw has 0 polygons
2026-03-31 18:28:12 +0200: Memory Usage (811912K) : deepvia_drw has 0 polygons
2026-03-31 18:28:12 +0200: Memory Usage (811912K) : fgetch_drw has 0 polygons
2026-03-31 18:28:12 +0200: Memory Usage (811912K) : ctrgat_drw has 0 polygons
2026-03-31 18:28:12 +0200: Memory Usage (811912K) : fgimp_drw has 0 polygons
2026-03-31 18:28:12 +0200: Memory Usage (812176K) : emwihv_drw has 0 polygons
2026-03-31 18:28:12 +0200: Memory Usage (812176K) : lbe_drw has 0 polygons
2026-03-31 18:28:12 +0200: Memory Usage (812176K) : alcustop_drw has 0 polygons
2026-03-31 18:28:12 +0200: Memory Usage (812176K) : nometfiller_drw has 0 polygons
2026-03-31 18:28:12 +0200: Memory Usage (812176K) : prboundary_drw has 0 polygons
2026-03-31 18:28:12 +0200: Memory Usage (812440K) : exchange0_drw has 0 polygons
2026-03-31 18:28:12 +0200: Memory Usage (812440K) : exchange0_pin has 0 polygons
2026-03-31 18:28:12 +0200: Memory Usage (812440K) : exchange0_text has 0 polygons
2026-03-31 18:28:12 +0200: Memory Usage (812440K) : exchange1_drw has 0 polygons
2026-03-31 18:28:12 +0200: Memory Usage (812704K) : exchange1_pin has 0 polygons
2026-03-31 18:28:12 +0200: Memory Usage (812704K) : exchange1_text has 0 polygons
2026-03-31 18:28:12 +0200: Memory Usage (812704K) : exchange2_drw has 0 polygons
2026-03-31 18:28:12 +0200: Memory Usage (812704K) : exchange2_pin has 0 polygons
2026-03-31 18:28:12 +0200: Memory Usage (812704K) : exchange2_text has 0 polygons
2026-03-31 18:28:12 +0200: Memory Usage (812968K) : exchange3_drw has 0 polygons
2026-03-31 18:28:12 +0200: Memory Usage (812968K) : exchange3_pin has 0 polygons
2026-03-31 18:28:12 +0200: Memory Usage (812968K) : exchange3_text has 0 polygons
2026-03-31 18:28:12 +0200: Memory Usage (812968K) : exchange4_drw has 0 polygons
2026-03-31 18:28:12 +0200: Memory Usage (812968K) : exchange4_pin has 0 polygons
2026-03-31 18:28:12 +0200: Memory Usage (813232K) : exchange4_text has 0 polygons
2026-03-31 18:28:12 +0200: Memory Usage (813232K) : isonwell_drw has 0 polygons
2026-03-31 18:28:12 +0200: Memory Usage (813232K) : Total no. of polygons in the design is 17247781
2026-03-31 18:28:12 +0200: Memory Usage (813232K) : Loaded TECH DRC rules values from /foss/pdks/ihp-sg13g2/libs.tech/klayout/python/sg13g2_pycell_lib/sg13g2_tech_mod.json
2026-03-31 18:28:12 +0200: Memory Usage (813232K) : Loaded default DRC rules values from /foss/pdks/ihp-sg13g2/libs.tech/klayout/tech/drc/rule_decks/sg13g2_tech_default.json
2026-03-31 18:28:12 +0200: Memory Usage (813232K) : The following rules values were missing in tech json and default values were used:
2026-03-31 18:28:12 +0200: Memory Usage (813232K) :   - NW_f1_digibnd
2026-03-31 18:28:12 +0200: Memory Usage (813232K) :   - Cnt_c_digibnd
2026-03-31 18:28:12 +0200: Memory Usage (813232K) :   - Cnt_c_sram
2026-03-31 18:28:12 +0200: Memory Usage (813232K) :   - Sdiod_b
2026-03-31 18:28:12 +0200: Memory Usage (813232K) :   - Sdiod_c
2026-03-31 18:28:12 +0200: Memory Usage (813496K) : Total area of the design is 11222500.0 um^2.
2026-03-31 18:28:12 +0200: Memory Usage (813496K) : The design dimensions are 3350.0 µm * 3350.0 µm.
2026-03-31 18:28:12 +0200: Memory Usage (813496K) : Starting general IHP-SG13G2 derivations.
2026-03-31 18:28:12 +0200: Memory Usage (813496K) : Starting Pwell derivations
2026-03-31 18:28:12 +0200: Memory Usage (848940K) : Starting IHP-SG13G2 DRC rules.
2026-03-31 18:28:12 +0200: Memory Usage (848940K) : Starting 7.4. PIN table
2026-03-31 18:28:12 +0200: Memory Usage (848940K) : Executing rule Pin.a
2026-03-31 18:28:12 +0200: Memory Usage (848940K) : Executing rule Pin.b
2026-03-31 18:28:13 +0200: Memory Usage (855404K) : Executing rule Pin.e
2026-03-31 18:28:21 +0200: Memory Usage (920316K) : Executing rule Pin.f_M2
2026-03-31 18:28:21 +0200: Memory Usage (973632K) : Executing rule Pin.f_M3
2026-03-31 18:28:22 +0200: Memory Usage (1000044K) : Executing rule Pin.f_M4
2026-03-31 18:28:22 +0200: Memory Usage (1006520K) : Executing rule Pin.f_M5
2026-03-31 18:28:22 +0200: Memory Usage (1008580K) : Executing rule Pin.g
2026-03-31 18:28:22 +0200: Memory Usage (1008852K) : Executing rule Pin.h
2026-03-31 18:28:22 +0200: Memory Usage (1009008K) : KLayout DRC run for tables 'pin' completed in 23.7 seconds
