# Logfile created on 2026-03-31 18:27:38 +0200 by logger.rb/v1.5.3
2026-03-31 18:27:38 +0200: Memory Usage (443720K) : Starting running IHP-SG13G2 KLayout DRC runset on /foss/designs/IHP__SoC7610/release/v.1.0.0/gds/octowave.gds
2026-03-31 18:27:38 +0200: Memory Usage (443720K) : Ruby Version for klayout: 3.2.3
2026-03-31 18:27:42 +0200: Memory Usage (658328K) : Loading database to memory is complete.
2026-03-31 18:27:42 +0200: Memory Usage (658328K) : IHP-SG13G2 KLayout DRC runset output at: /foss/designs/IHP__SoC7610/release/v.1.0.0/gds/drc_run_2026_03_31_16_27_33/octowave_octowave_nbulay.lyrdb
2026-03-31 18:27:42 +0200: Memory Usage (658328K) : Evaluate switches.
2026-03-31 18:27:42 +0200: Memory Usage (658328K) : tables selected: nbulay
2026-03-31 18:27:42 +0200: Memory Usage (658328K) : KLayout will use 32 thread(s) in tiling mode.
2026-03-31 18:27:42 +0200: Memory Usage (658328K) : deep mode is enabled.
2026-03-31 18:27:42 +0200: Memory Usage (658328K) : FEOL enabled: false
2026-03-31 18:27:42 +0200: Memory Usage (658328K) : BEOL enabled: false
2026-03-31 18:27:42 +0200: Memory Usage (658328K) : OFFGRID enabled: false
2026-03-31 18:27:42 +0200: Memory Usage (658328K) : ANGLE enabled: true
2026-03-31 18:27:42 +0200: Memory Usage (658328K) : PIN enabled: false
2026-03-31 18:27:42 +0200: Memory Usage (658328K) : FORBIDDEN enabled: false
2026-03-31 18:27:42 +0200: Memory Usage (658328K) : RECOMMENDED enabled: false
2026-03-31 18:27:42 +0200: Memory Usage (658328K) : PreCheck DRC enabled: true
2026-03-31 18:27:42 +0200: Memory Usage (658328K) : CONNECTIVITY_RULES enabled: true.
2026-03-31 18:27:42 +0200: Memory Usage (658328K) : Read in polygons from layers.
2026-03-31 18:27:43 +0200: Memory Usage (674004K) : activ_drw has 403323 polygons
2026-03-31 18:27:43 +0200: Memory Usage (674004K) : activ_pin has 0 polygons
2026-03-31 18:27:43 +0200: Memory Usage (674004K) : activ_mask has 0 polygons
2026-03-31 18:27:43 +0200: Memory Usage (674004K) : activ_filler has 0 polygons
2026-03-31 18:27:43 +0200: Memory Usage (674004K) : activ_nofill has 0 polygons
2026-03-31 18:27:43 +0200: Memory Usage (674004K) : activ_opc has 0 polygons
2026-03-31 18:27:43 +0200: Memory Usage (674004K) : activ_iopc has 0 polygons
2026-03-31 18:27:43 +0200: Memory Usage (674004K) : activ_noqrc has 0 polygons
2026-03-31 18:27:43 +0200: Memory Usage (674004K) : biwind_drw has 0 polygons
2026-03-31 18:27:43 +0200: Memory Usage (674004K) : biwind_opc has 0 polygons
2026-03-31 18:27:43 +0200: Memory Usage (674004K) : pemwind_drw has 0 polygons
2026-03-31 18:27:44 +0200: Memory Usage (683892K) : gatpoly_drw has 363609 polygons
2026-03-31 18:27:44 +0200: Memory Usage (683892K) : gatpoly_pin has 774 polygons
2026-03-31 18:27:44 +0200: Memory Usage (683892K) : gatpoly_filler has 0 polygons
2026-03-31 18:27:44 +0200: Memory Usage (683892K) : gatpoly_nofill has 0 polygons
2026-03-31 18:27:44 +0200: Memory Usage (683892K) : gatpoly_opc has 0 polygons
2026-03-31 18:27:44 +0200: Memory Usage (683892K) : gatpoly_iopc has 0 polygons
2026-03-31 18:27:44 +0200: Memory Usage (683892K) : gatpoly_noqrc has 0 polygons
2026-03-31 18:27:47 +0200: Memory Usage (751872K) : cont_drw has 11013776 polygons
2026-03-31 18:27:47 +0200: Memory Usage (751872K) : cont_opc has 0 polygons
2026-03-31 18:27:47 +0200: Memory Usage (751872K) : nsd_drw has 0 polygons
2026-03-31 18:27:47 +0200: Memory Usage (751872K) : nsd_block has 0 polygons
2026-03-31 18:27:50 +0200: Memory Usage (760440K) : metal1_drw has 833614 polygons
2026-03-31 18:27:50 +0200: Memory Usage (760440K) : metal1_pin has 347782 polygons
2026-03-31 18:27:50 +0200: Memory Usage (760440K) : metal1_mask has 0 polygons
2026-03-31 18:27:50 +0200: Memory Usage (760440K) : metal1_filler has 0 polygons
2026-03-31 18:27:50 +0200: Memory Usage (760440K) : metal1_nofill has 0 polygons
2026-03-31 18:27:50 +0200: Memory Usage (760440K) : metal1_slit has 0 polygons
2026-03-31 18:27:50 +0200: Memory Usage (765960K) : metal1_text has 338966 polygons
2026-03-31 18:27:51 +0200: Memory Usage (765960K) : metal1_opc has 0 polygons
2026-03-31 18:27:51 +0200: Memory Usage (765960K) : metal1_noqrc has 0 polygons
2026-03-31 18:27:51 +0200: Memory Usage (765960K) : metal1_res has 0 polygons
2026-03-31 18:27:51 +0200: Memory Usage (765960K) : metal1_iprobe has 0 polygons
2026-03-31 18:27:51 +0200: Memory Usage (765960K) : metal1_diffprb has 0 polygons
2026-03-31 18:27:51 +0200: Memory Usage (765960K) : passiv_drw has 120 polygons
2026-03-31 18:27:51 +0200: Memory Usage (765960K) : passiv_pin has 0 polygons
2026-03-31 18:27:51 +0200: Memory Usage (765960K) : passiv_sbump has 0 polygons
2026-03-31 18:27:51 +0200: Memory Usage (765960K) : passiv_pillar has 0 polygons
2026-03-31 18:27:51 +0200: Memory Usage (765960K) : passiv_pdl has 0 polygons
2026-03-31 18:27:51 +0200: Memory Usage (784176K) : metal2_drw has 659685 polygons
2026-03-31 18:27:51 +0200: Memory Usage (784176K) : metal2_pin has 2290 polygons
2026-03-31 18:27:51 +0200: Memory Usage (784176K) : metal2_mask has 0 polygons
2026-03-31 18:27:51 +0200: Memory Usage (784176K) : metal2_filler has 1143 polygons
2026-03-31 18:27:51 +0200: Memory Usage (784176K) : metal2_nofill has 0 polygons
2026-03-31 18:27:51 +0200: Memory Usage (784176K) : metal2_slit has 0 polygons
2026-03-31 18:27:52 +0200: Memory Usage (784176K) : metal2_text has 2158 polygons
2026-03-31 18:27:52 +0200: Memory Usage (784176K) : metal2_opc has 0 polygons
2026-03-31 18:27:52 +0200: Memory Usage (784176K) : metal2_noqrc has 0 polygons
2026-03-31 18:27:52 +0200: Memory Usage (784176K) : metal2_res has 0 polygons
2026-03-31 18:27:52 +0200: Memory Usage (784176K) : metal2_iprobe has 0 polygons
2026-03-31 18:27:52 +0200: Memory Usage (784176K) : metal2_diffprb has 0 polygons
2026-03-31 18:27:52 +0200: Memory Usage (784176K) : baspoly_drw has 0 polygons
2026-03-31 18:27:52 +0200: Memory Usage (784176K) : baspoly_pin has 0 polygons
2026-03-31 18:27:52 +0200: Memory Usage (784176K) : psd_drw has 190070 polygons
2026-03-31 18:27:52 +0200: Memory Usage (784176K) : nldb_drw has 0 polygons
2026-03-31 18:27:52 +0200: Memory Usage (784176K) : digibnd_drw has 0 polygons
2026-03-31 18:27:52 +0200: Memory Usage (790248K) : via1_drw has 641588 polygons
2026-03-31 18:27:52 +0200: Memory Usage (790248K) : backmetal1_drw has 0 polygons
2026-03-31 18:27:52 +0200: Memory Usage (790248K) : backmetal1_pin has 0 polygons
2026-03-31 18:27:52 +0200: Memory Usage (790248K) : backmetal1_mask has 0 polygons
2026-03-31 18:27:52 +0200: Memory Usage (790248K) : backmetal1_filler has 0 polygons
2026-03-31 18:27:52 +0200: Memory Usage (790248K) : backmetal1_nofill has 0 polygons
2026-03-31 18:27:52 +0200: Memory Usage (790248K) : backmetal1_slit has 0 polygons
2026-03-31 18:27:52 +0200: Memory Usage (790248K) : backmetal1_text has 0 polygons
2026-03-31 18:27:52 +0200: Memory Usage (790248K) : backmetal1_opc has 0 polygons
2026-03-31 18:27:52 +0200: Memory Usage (790248K) : backmetal1_noqrc has 0 polygons
2026-03-31 18:27:52 +0200: Memory Usage (790248K) : backmetal1_res has 0 polygons
2026-03-31 18:27:52 +0200: Memory Usage (790248K) : backmetal1_iprobe has 0 polygons
2026-03-31 18:27:52 +0200: Memory Usage (790248K) : backmetal1_diffprb has 0 polygons
2026-03-31 18:27:52 +0200: Memory Usage (790248K) : backpassiv_drw has 0 polygons
2026-03-31 18:27:52 +0200: Memory Usage (790248K) : res_drw has 0 polygons
2026-03-31 18:27:52 +0200: Memory Usage (790248K) : sram_drw has 0 polygons
2026-03-31 18:27:52 +0200: Memory Usage (790248K) : trans_drw has 0 polygons
2026-03-31 18:27:52 +0200: Memory Usage (790248K) : ind_drw has 0 polygons
2026-03-31 18:27:52 +0200: Memory Usage (790248K) : ind_pin has 0 polygons
2026-03-31 18:27:52 +0200: Memory Usage (790248K) : ind_text has 0 polygons
2026-03-31 18:27:52 +0200: Memory Usage (790248K) : salblock_drw has 1125 polygons
2026-03-31 18:27:53 +0200: Memory Usage (795000K) : via2_drw has 688861 polygons
2026-03-31 18:27:53 +0200: Memory Usage (803976K) : metal3_drw has 331012 polygons
2026-03-31 18:27:53 +0200: Memory Usage (803976K) : metal3_pin has 1918 polygons
2026-03-31 18:27:53 +0200: Memory Usage (803976K) : metal3_mask has 0 polygons
2026-03-31 18:27:53 +0200: Memory Usage (803976K) : metal3_filler has 1636 polygons
2026-03-31 18:27:53 +0200: Memory Usage (803976K) : metal3_nofill has 0 polygons
2026-03-31 18:27:53 +0200: Memory Usage (803976K) : metal3_slit has 0 polygons
2026-03-31 18:27:53 +0200: Memory Usage (803976K) : metal3_text has 1467 polygons
2026-03-31 18:27:53 +0200: Memory Usage (803976K) : metal3_opc has 0 polygons
2026-03-31 18:27:53 +0200: Memory Usage (803976K) : metal3_noqrc has 0 polygons
2026-03-31 18:27:53 +0200: Memory Usage (803976K) : metal3_res has 0 polygons
2026-03-31 18:27:53 +0200: Memory Usage (803976K) : metal3_iprobe has 0 polygons
2026-03-31 18:27:53 +0200: Memory Usage (803976K) : metal3_diffprb has 0 polygons
2026-03-31 18:27:53 +0200: Memory Usage (803976K) : nwell_drw has 93113 polygons
2026-03-31 18:27:53 +0200: Memory Usage (803976K) : nwell_pin has 0 polygons
2026-03-31 18:27:53 +0200: Memory Usage (803976K) : nbulay_drw has 1974 polygons
2026-03-31 18:27:53 +0200: Memory Usage (803976K) : nbulay_pin has 0 polygons
2026-03-31 18:27:53 +0200: Memory Usage (803976K) : nbulay_block has 0 polygons
2026-03-31 18:27:53 +0200: Memory Usage (803976K) : emwind_drw has 0 polygons
2026-03-31 18:27:53 +0200: Memory Usage (803976K) : emwind_opc has 0 polygons
2026-03-31 18:27:53 +0200: Memory Usage (803976K) : deepco_drw has 0 polygons
2026-03-31 18:27:53 +0200: Memory Usage (803976K) : deepco_drw has 0 polygons
2026-03-31 18:27:53 +0200: Memory Usage (803976K) : mim_drw has 176 polygons
2026-03-31 18:27:53 +0200: Memory Usage (803976K) : edgeseal_drw has 24 polygons
2026-03-31 18:27:53 +0200: Memory Usage (803976K) : edgeseal_bound has 1 polygons
2026-03-31 18:27:53 +0200: Memory Usage (803976K) : substrate_drw has 6577 polygons
2026-03-31 18:27:53 +0200: Memory Usage (803976K) : substrate_text has 0 polygons
2026-03-31 18:27:53 +0200: Memory Usage (803976K) : dfpad_drw has 108 polygons
2026-03-31 18:27:53 +0200: Memory Usage (803976K) : dfpad_pillar has 0 polygons
2026-03-31 18:27:53 +0200: Memory Usage (803976K) : dfpad_sbump has 0 polygons
2026-03-31 18:27:53 +0200: Memory Usage (803976K) : thickgateox_drw has 197 polygons
2026-03-31 18:27:53 +0200: Memory Usage (803976K) : pldb_drw has 0 polygons
2026-03-31 18:27:53 +0200: Memory Usage (803976K) : pwell_drw has 0 polygons
2026-03-31 18:27:53 +0200: Memory Usage (803976K) : pwell_pin has 0 polygons
2026-03-31 18:27:53 +0200: Memory Usage (803976K) : pwell_block has 0 polygons
2026-03-31 18:27:53 +0200: Memory Usage (803976K) : ic_drw has 0 polygons
2026-03-31 18:27:53 +0200: Memory Usage (803976K) : via3_drw has 345358 polygons
2026-03-31 18:27:53 +0200: Memory Usage (803976K) : metal4_drw has 74299 polygons
2026-03-31 18:27:53 +0200: Memory Usage (803976K) : metal4_pin has 1805 polygons
2026-03-31 18:27:53 +0200: Memory Usage (803976K) : metal4_mask has 0 polygons
2026-03-31 18:27:53 +0200: Memory Usage (803976K) : metal4_filler has 21889 polygons
2026-03-31 18:27:53 +0200: Memory Usage (803976K) : metal4_nofill has 0 polygons
2026-03-31 18:27:53 +0200: Memory Usage (803976K) : metal4_slit has 0 polygons
2026-03-31 18:27:53 +0200: Memory Usage (803976K) : metal4_text has 1357 polygons
2026-03-31 18:27:53 +0200: Memory Usage (803976K) : metal4_opc has 0 polygons
2026-03-31 18:27:53 +0200: Memory Usage (803976K) : metal4_noqrc has 0 polygons
2026-03-31 18:27:53 +0200: Memory Usage (803976K) : metal4_res has 0 polygons
2026-03-31 18:27:53 +0200: Memory Usage (803976K) : metal4_iprobe has 0 polygons
2026-03-31 18:27:53 +0200: Memory Usage (803976K) : metal4_diffprb has 0 polygons
2026-03-31 18:27:54 +0200: Memory Usage (803976K) : heattrans_drw has 9084 polygons
2026-03-31 18:27:54 +0200: Memory Usage (803976K) : heatres_drw has 1042 polygons
2026-03-31 18:27:54 +0200: Memory Usage (803976K) : pempoly_drw has 0 polygons
2026-03-31 18:27:54 +0200: Memory Usage (803976K) : fbe_drw has 0 polygons
2026-03-31 18:27:54 +0200: Memory Usage (803976K) : empoly_drw has 0 polygons
2026-03-31 18:27:54 +0200: Memory Usage (803976K) : ldmos_drw has 0 polygons
2026-03-31 18:27:54 +0200: Memory Usage (803976K) : pbiwind_drw has 0 polygons
2026-03-31 18:27:54 +0200: Memory Usage (803976K) : digisub_drw has 0 polygons
2026-03-31 18:27:54 +0200: Memory Usage (803976K) : nodrc_drw has 0 polygons
2026-03-31 18:27:54 +0200: Memory Usage (803976K) : text_drw has 4679 polygons
2026-03-31 18:27:54 +0200: Memory Usage (805296K) : via4_drw has 329885 polygons
2026-03-31 18:27:54 +0200: Memory Usage (805296K) : metal5_drw has 33477 polygons
2026-03-31 18:27:54 +0200: Memory Usage (805296K) : metal5_pin has 1746 polygons
2026-03-31 18:27:54 +0200: Memory Usage (805296K) : metal5_mask has 0 polygons
2026-03-31 18:27:54 +0200: Memory Usage (805296K) : metal5_filler has 24498 polygons
2026-03-31 18:27:54 +0200: Memory Usage (805296K) : metal5_nofill has 0 polygons
2026-03-31 18:27:54 +0200: Memory Usage (805296K) : metal5_slit has 0 polygons
2026-03-31 18:27:54 +0200: Memory Usage (805296K) : metal5_text has 1298 polygons
2026-03-31 18:27:54 +0200: Memory Usage (805296K) : metal5_opc has 0 polygons
2026-03-31 18:27:54 +0200: Memory Usage (805296K) : metal5_noqrc has 0 polygons
2026-03-31 18:27:54 +0200: Memory Usage (805296K) : metal5_res has 0 polygons
2026-03-31 18:27:54 +0200: Memory Usage (805296K) : metal5_iprobe has 0 polygons
2026-03-31 18:27:54 +0200: Memory Usage (805296K) : metal5_diffprb has 0 polygons
2026-03-31 18:27:54 +0200: Memory Usage (805296K) : radhard_drw has 0 polygons
2026-03-31 18:27:54 +0200: Memory Usage (805296K) : memcap_drw has 0 polygons
2026-03-31 18:27:54 +0200: Memory Usage (805296K) : varicap_drw has 0 polygons
2026-03-31 18:27:54 +0200: Memory Usage (805296K) : flash_drw has 0 polygons
2026-03-31 18:27:54 +0200: Memory Usage (805296K) : intbondvia_drw has 0 polygons
2026-03-31 18:27:54 +0200: Memory Usage (805296K) : intbondmet_drw has 0 polygons
2026-03-31 18:27:54 +0200: Memory Usage (805296K) : devbondvia_drw has 0 polygons
2026-03-31 18:27:54 +0200: Memory Usage (805296K) : devbondmet_drw has 0 polygons
2026-03-31 18:27:54 +0200: Memory Usage (805296K) : devtrench_drw has 0 polygons
2026-03-31 18:27:54 +0200: Memory Usage (805296K) : redist_drw has 0 polygons
2026-03-31 18:27:54 +0200: Memory Usage (805296K) : graphbot_drw has 0 polygons
2026-03-31 18:27:54 +0200: Memory Usage (805296K) : graphtop_drw has 0 polygons
2026-03-31 18:27:54 +0200: Memory Usage (805296K) : antvia1_drw has 0 polygons
2026-03-31 18:27:54 +0200: Memory Usage (805296K) : antmetal2_drw has 0 polygons
2026-03-31 18:27:54 +0200: Memory Usage (805296K) : graphcont_drw has 0 polygons
2026-03-31 18:27:54 +0200: Memory Usage (805296K) : siwg_drw has 0 polygons
2026-03-31 18:27:54 +0200: Memory Usage (805296K) : siwg_filler has 0 polygons
2026-03-31 18:27:54 +0200: Memory Usage (805296K) : siwg_nofill has 0 polygons
2026-03-31 18:27:54 +0200: Memory Usage (805296K) : sigrating_drw has 0 polygons
2026-03-31 18:27:54 +0200: Memory Usage (805296K) : singrating_drw has 0 polygons
2026-03-31 18:27:54 +0200: Memory Usage (805296K) : graphpas_drw has 0 polygons
2026-03-31 18:27:54 +0200: Memory Usage (805296K) : emwind3_drw has 0 polygons
2026-03-31 18:27:54 +0200: Memory Usage (805296K) : emwihv3_drw has 0 polygons
2026-03-31 18:27:54 +0200: Memory Usage (805296K) : redbulay_drw has 0 polygons
2026-03-31 18:27:54 +0200: Memory Usage (805296K) : smos_drw has 0 polygons
2026-03-31 18:27:54 +0200: Memory Usage (805296K) : graphpad_drw has 0 polygons
2026-03-31 18:27:54 +0200: Memory Usage (805296K) : polimide_drw has 0 polygons
2026-03-31 18:27:54 +0200: Memory Usage (805296K) : polimide_pin has 0 polygons
2026-03-31 18:27:54 +0200: Memory Usage (805296K) : recog_drw has 0 polygons
2026-03-31 18:27:54 +0200: Memory Usage (805296K) : recog_pin has 0 polygons
2026-03-31 18:27:54 +0200: Memory Usage (805296K) : recog_esd has 0 polygons
2026-03-31 18:27:54 +0200: Memory Usage (805296K) : recog_diode has 537 polygons
2026-03-31 18:27:54 +0200: Memory Usage (805296K) : recog_tsv has 0 polygons
2026-03-31 18:27:54 +0200: Memory Usage (805296K) : recog_iprobe has 0 polygons
2026-03-31 18:27:54 +0200: Memory Usage (805296K) : recog_diffprb has 0 polygons
2026-03-31 18:27:54 +0200: Memory Usage (805296K) : recog_pillar has 0 polygons
2026-03-31 18:27:54 +0200: Memory Usage (805296K) : recog_sbump has 0 polygons
2026-03-31 18:27:54 +0200: Memory Usage (805296K) : recog_otp has 0 polygons
2026-03-31 18:27:54 +0200: Memory Usage (805296K) : recog_pdiode has 0 polygons
2026-03-31 18:27:54 +0200: Memory Usage (805296K) : recog_mom has 0 polygons
2026-03-31 18:27:54 +0200: Memory Usage (805296K) : recog_pcm has 0 polygons
2026-03-31 18:27:54 +0200: Memory Usage (805296K) : colopen_drw has 0 polygons
2026-03-31 18:27:54 +0200: Memory Usage (805296K) : graphmetal1_drw has 0 polygons
2026-03-31 18:27:54 +0200: Memory Usage (805296K) : graphmetal1_filler has 0 polygons
2026-03-31 18:27:54 +0200: Memory Usage (805296K) : graphmetal1_nofill has 0 polygons
2026-03-31 18:27:54 +0200: Memory Usage (805296K) : graphmetal1_slit has 0 polygons
2026-03-31 18:27:54 +0200: Memory Usage (805296K) : graphmetal1_opc has 0 polygons
2026-03-31 18:27:54 +0200: Memory Usage (805296K) : graphmet1l_drw has 0 polygons
2026-03-31 18:27:54 +0200: Memory Usage (805296K) : graphmet1l_filler has 0 polygons
2026-03-31 18:27:54 +0200: Memory Usage (805296K) : graphmet1l_nofill has 0 polygons
2026-03-31 18:27:54 +0200: Memory Usage (805296K) : graphmet1l_slit has 0 polygons
2026-03-31 18:27:54 +0200: Memory Usage (805296K) : graphmet1l_opc has 0 polygons
2026-03-31 18:27:54 +0200: Memory Usage (805296K) : extblock_drw has 475 polygons
2026-03-31 18:27:54 +0200: Memory Usage (805296K) : nldd_drw has 0 polygons
2026-03-31 18:27:54 +0200: Memory Usage (805296K) : pldd_drw has 0 polygons
2026-03-31 18:27:54 +0200: Memory Usage (805296K) : next_drw has 0 polygons
2026-03-31 18:27:54 +0200: Memory Usage (805296K) : pext_drw has 0 polygons
2026-03-31 18:27:54 +0200: Memory Usage (805296K) : nexthv_drw has 0 polygons
2026-03-31 18:27:54 +0200: Memory Usage (805296K) : pexthv_drw has 0 polygons
2026-03-31 18:27:54 +0200: Memory Usage (805296K) : graphgate_drw has 0 polygons
2026-03-31 18:27:54 +0200: Memory Usage (805296K) : sinwg_drw has 0 polygons
2026-03-31 18:27:54 +0200: Memory Usage (805296K) : sinwg_filler has 0 polygons
2026-03-31 18:27:54 +0200: Memory Usage (805296K) : sinwg_nofill has 0 polygons
2026-03-31 18:27:54 +0200: Memory Usage (805296K) : mempad_drw has 0 polygons
2026-03-31 18:27:54 +0200: Memory Usage (805560K) : topvia1_drw has 266080 polygons
2026-03-31 18:27:54 +0200: Memory Usage (805824K) : topmetal1_drw has 7868 polygons
2026-03-31 18:27:54 +0200: Memory Usage (806088K) : topmetal1_pin has 1915 polygons
2026-03-31 18:27:54 +0200: Memory Usage (806088K) : topmetal1_mask has 0 polygons
2026-03-31 18:27:54 +0200: Memory Usage (806088K) : topmetal1_filler has 5304 polygons
2026-03-31 18:27:54 +0200: Memory Usage (806352K) : topmetal1_nofill has 0 polygons
2026-03-31 18:27:54 +0200: Memory Usage (806352K) : topmetal1_slit has 0 polygons
2026-03-31 18:27:54 +0200: Memory Usage (806352K) : topmetal1_text has 1417 polygons
2026-03-31 18:27:54 +0200: Memory Usage (806352K) : topmetal1_noqrc has 0 polygons
2026-03-31 18:27:54 +0200: Memory Usage (806616K) : topmetal1_res has 0 polygons
2026-03-31 18:27:54 +0200: Memory Usage (806616K) : topmetal1_iprobe has 0 polygons
2026-03-31 18:27:54 +0200: Memory Usage (806616K) : topmetal1_diffprb has 0 polygons
2026-03-31 18:27:54 +0200: Memory Usage (806616K) : inldpwl_drw has 0 polygons
2026-03-31 18:27:54 +0200: Memory Usage (806616K) : polyres_drw has 1042 polygons
2026-03-31 18:27:54 +0200: Memory Usage (806880K) : polyres_pin has 0 polygons
2026-03-31 18:27:54 +0200: Memory Usage (806880K) : vmim_drw has 0 polygons
2026-03-31 18:27:54 +0200: Memory Usage (806880K) : nbulaycut_drw has 0 polygons
2026-03-31 18:27:54 +0200: Memory Usage (806880K) : antmetal1_drw has 0 polygons
2026-03-31 18:27:54 +0200: Memory Usage (807144K) : topvia2_drw has 175194 polygons
2026-03-31 18:27:54 +0200: Memory Usage (807408K) : topmetal2_drw has 2219 polygons
2026-03-31 18:27:54 +0200: Memory Usage (807408K) : topmetal2_pin has 1489 polygons
2026-03-31 18:27:54 +0200: Memory Usage (807408K) : topmetal2_mask has 0 polygons
2026-03-31 18:27:54 +0200: Memory Usage (807672K) : topmetal2_filler has 5280 polygons
2026-03-31 18:27:54 +0200: Memory Usage (807672K) : topmetal2_nofill has 0 polygons
2026-03-31 18:27:54 +0200: Memory Usage (807672K) : topmetal2_slit has 0 polygons
2026-03-31 18:27:54 +0200: Memory Usage (807672K) : topmetal2_text has 1457 polygons
2026-03-31 18:27:54 +0200: Memory Usage (807936K) : topmetal2_noqrc has 0 polygons
2026-03-31 18:27:54 +0200: Memory Usage (807936K) : topmetal2_res has 0 polygons
2026-03-31 18:27:54 +0200: Memory Usage (807936K) : topmetal2_iprobe has 0 polygons
2026-03-31 18:27:54 +0200: Memory Usage (807936K) : topmetal2_diffprb has 0 polygons
2026-03-31 18:27:54 +0200: Memory Usage (807936K) : snsring_drw has 0 polygons
2026-03-31 18:27:54 +0200: Memory Usage (808200K) : sensor_drw has 0 polygons
2026-03-31 18:27:54 +0200: Memory Usage (808200K) : snsarms_drw has 0 polygons
2026-03-31 18:27:54 +0200: Memory Usage (808200K) : snscmosvia_drw has 0 polygons
2026-03-31 18:27:54 +0200: Memory Usage (808200K) : colwind_drw has 0 polygons
2026-03-31 18:27:54 +0200: Memory Usage (808200K) : flm_drw has 0 polygons
2026-03-31 18:27:54 +0200: Memory Usage (808464K) : hafniumox_drw has 0 polygons
2026-03-31 18:27:54 +0200: Memory Usage (808464K) : memvia_drw has 0 polygons
2026-03-31 18:27:54 +0200: Memory Usage (808464K) : thinfilmres_drw has 0 polygons
2026-03-31 18:27:54 +0200: Memory Usage (808464K) : rfmem_drw has 0 polygons
2026-03-31 18:27:54 +0200: Memory Usage (808728K) : norcx_drw has 0 polygons
2026-03-31 18:27:54 +0200: Memory Usage (808728K) : norcx_m2m3 has 0 polygons
2026-03-31 18:27:54 +0200: Memory Usage (808728K) : norcx_m2m4 has 0 polygons
2026-03-31 18:27:54 +0200: Memory Usage (808728K) : norcx_m2m5 has 0 polygons
2026-03-31 18:27:54 +0200: Memory Usage (808728K) : norcx_m2tm1 has 0 polygons
2026-03-31 18:27:54 +0200: Memory Usage (808992K) : norcx_m2tm2 has 0 polygons
2026-03-31 18:27:54 +0200: Memory Usage (808992K) : norcx_m3m4 has 0 polygons
2026-03-31 18:27:54 +0200: Memory Usage (808992K) : norcx_m3m5 has 0 polygons
2026-03-31 18:27:54 +0200: Memory Usage (808992K) : norcx_m3tm1 has 0 polygons
2026-03-31 18:27:54 +0200: Memory Usage (808992K) : norcx_m3tm2 has 0 polygons
2026-03-31 18:27:54 +0200: Memory Usage (809256K) : norcx_m4m5 has 0 polygons
2026-03-31 18:27:54 +0200: Memory Usage (809256K) : norcx_m4tm1 has 0 polygons
2026-03-31 18:27:54 +0200: Memory Usage (809256K) : norcx_m4tm2 has 0 polygons
2026-03-31 18:27:54 +0200: Memory Usage (809256K) : norcx_m5tm1 has 0 polygons
2026-03-31 18:27:54 +0200: Memory Usage (809256K) : norcx_m5tm2 has 0 polygons
2026-03-31 18:27:54 +0200: Memory Usage (809520K) : norcx_tm1tm2 has 0 polygons
2026-03-31 18:27:54 +0200: Memory Usage (809520K) : norcx_m1sub has 0 polygons
2026-03-31 18:27:54 +0200: Memory Usage (809520K) : norcx_m2sub has 0 polygons
2026-03-31 18:27:54 +0200: Memory Usage (809520K) : norcx_m3sub has 0 polygons
2026-03-31 18:27:54 +0200: Memory Usage (809784K) : norcx_m4sub has 0 polygons
2026-03-31 18:27:54 +0200: Memory Usage (809784K) : norcx_m5sub has 0 polygons
2026-03-31 18:27:54 +0200: Memory Usage (809784K) : norcx_tm1sub has 0 polygons
2026-03-31 18:27:54 +0200: Memory Usage (809784K) : norcx_tm2sub has 0 polygons
2026-03-31 18:27:54 +0200: Memory Usage (809784K) : snsbotvia_drw has 0 polygons
2026-03-31 18:27:54 +0200: Memory Usage (810048K) : snstopvia_drw has 0 polygons
2026-03-31 18:27:54 +0200: Memory Usage (810048K) : deepvia_drw has 0 polygons
2026-03-31 18:27:54 +0200: Memory Usage (810048K) : fgetch_drw has 0 polygons
2026-03-31 18:27:54 +0200: Memory Usage (810048K) : ctrgat_drw has 0 polygons
2026-03-31 18:27:54 +0200: Memory Usage (810048K) : fgimp_drw has 0 polygons
2026-03-31 18:27:54 +0200: Memory Usage (810312K) : emwihv_drw has 0 polygons
2026-03-31 18:27:54 +0200: Memory Usage (810312K) : lbe_drw has 0 polygons
2026-03-31 18:27:54 +0200: Memory Usage (810312K) : alcustop_drw has 0 polygons
2026-03-31 18:27:54 +0200: Memory Usage (810312K) : nometfiller_drw has 0 polygons
2026-03-31 18:27:54 +0200: Memory Usage (810312K) : prboundary_drw has 0 polygons
2026-03-31 18:27:54 +0200: Memory Usage (810576K) : exchange0_drw has 0 polygons
2026-03-31 18:27:54 +0200: Memory Usage (810576K) : exchange0_pin has 0 polygons
2026-03-31 18:27:54 +0200: Memory Usage (810576K) : exchange0_text has 0 polygons
2026-03-31 18:27:54 +0200: Memory Usage (810576K) : exchange1_drw has 0 polygons
2026-03-31 18:27:54 +0200: Memory Usage (810576K) : exchange1_pin has 0 polygons
2026-03-31 18:27:54 +0200: Memory Usage (810840K) : exchange1_text has 0 polygons
2026-03-31 18:27:54 +0200: Memory Usage (810840K) : exchange2_drw has 0 polygons
2026-03-31 18:27:54 +0200: Memory Usage (810840K) : exchange2_pin has 0 polygons
2026-03-31 18:27:54 +0200: Memory Usage (810840K) : exchange2_text has 0 polygons
2026-03-31 18:27:54 +0200: Memory Usage (810840K) : exchange3_drw has 0 polygons
2026-03-31 18:27:54 +0200: Memory Usage (811104K) : exchange3_pin has 0 polygons
2026-03-31 18:27:54 +0200: Memory Usage (811104K) : exchange3_text has 0 polygons
2026-03-31 18:27:54 +0200: Memory Usage (811104K) : exchange4_drw has 0 polygons
2026-03-31 18:27:54 +0200: Memory Usage (811104K) : exchange4_pin has 0 polygons
2026-03-31 18:27:54 +0200: Memory Usage (811104K) : exchange4_text has 0 polygons
2026-03-31 18:27:54 +0200: Memory Usage (811368K) : isonwell_drw has 0 polygons
2026-03-31 18:27:54 +0200: Memory Usage (811368K) : Total no. of polygons in the design is 17247781
2026-03-31 18:27:54 +0200: Memory Usage (811368K) : Loaded TECH DRC rules values from /foss/pdks/ihp-sg13g2/libs.tech/klayout/python/sg13g2_pycell_lib/sg13g2_tech_mod.json
2026-03-31 18:27:54 +0200: Memory Usage (811368K) : Loaded default DRC rules values from /foss/pdks/ihp-sg13g2/libs.tech/klayout/tech/drc/rule_decks/sg13g2_tech_default.json
2026-03-31 18:27:54 +0200: Memory Usage (811368K) : The following rules values were missing in tech json and default values were used:
2026-03-31 18:27:54 +0200: Memory Usage (811368K) :   - NW_f1_digibnd
2026-03-31 18:27:54 +0200: Memory Usage (811368K) :   - Cnt_c_digibnd
2026-03-31 18:27:54 +0200: Memory Usage (811368K) :   - Cnt_c_sram
2026-03-31 18:27:54 +0200: Memory Usage (811368K) :   - Sdiod_b
2026-03-31 18:27:54 +0200: Memory Usage (811368K) :   - Sdiod_c
2026-03-31 18:27:54 +0200: Memory Usage (811632K) : Total area of the design is 11222500.0 um^2.
2026-03-31 18:27:54 +0200: Memory Usage (811632K) : The design dimensions are 3350.0 µm * 3350.0 µm.
2026-03-31 18:27:54 +0200: Memory Usage (811632K) : Starting general IHP-SG13G2 derivations.
2026-03-31 18:27:54 +0200: Memory Usage (811632K) : Starting Pwell derivations
2026-03-31 18:27:56 +0200: Memory Usage (849216K) : Starting n-Activ derivations
2026-03-31 18:28:02 +0200: Memory Usage (990908K) : Starting p-Activ derivations
2026-03-31 18:28:10 +0200: Memory Usage (1143008K) : Starting ptap derivations
2026-03-31 18:28:10 +0200: Memory Usage (1162780K) : Starting ntap derivations
2026-03-31 18:28:12 +0200: Memory Usage (1229028K) : Starting pact FET derivations
2026-03-31 18:28:14 +0200: Memory Usage (1291168K) : Starting nact FET derivations
2026-03-31 18:28:15 +0200: Memory Usage (1346648K) : Starting Gate derivations
2026-03-31 18:28:22 +0200: Memory Usage (1547380K) : Starting SVaricap general derivations
2026-03-31 18:28:30 +0200: Memory Usage (1674124K) : Starting IHP-SG13G2 DRC connectivity related derivations.
2026-03-31 18:28:31 +0200: Memory Usage (1682780K) : Starting IHP-SG13G2 DRC connectivity setup
2026-03-31 18:30:03 +0200: Memory Usage (2397520K) : Starting IHP-SG13G2 DRC rules.
2026-03-31 18:30:03 +0200: Memory Usage (2397520K) : Starting 5.3 nBuLay table
2026-03-31 18:30:03 +0200: Memory Usage (2397520K) : KLayout DRC run for tables 'nbulay' completed in 144.79 seconds
