# Logfile created on 2026-03-31 18:27:58 +0200 by logger.rb/v1.5.3
2026-03-31 18:27:58 +0200: Memory Usage (445528K) : Starting running IHP-SG13G2 KLayout DRC runset on /foss/designs/IHP__SoC7610/release/v.1.0.0/gds/octowave.gds
2026-03-31 18:27:58 +0200: Memory Usage (445528K) : Ruby Version for klayout: 3.2.3
2026-03-31 18:28:03 +0200: Memory Usage (660196K) : Loading database to memory is complete.
2026-03-31 18:28:03 +0200: Memory Usage (660196K) : IHP-SG13G2 KLayout DRC runset output at: /foss/designs/IHP__SoC7610/release/v.1.0.0/gds/drc_run_2026_03_31_16_27_33/octowave_octowave_angle.lyrdb
2026-03-31 18:28:03 +0200: Memory Usage (660196K) : Evaluate switches.
2026-03-31 18:28:03 +0200: Memory Usage (660196K) : tables selected: angle
2026-03-31 18:28:03 +0200: Memory Usage (660196K) : KLayout will use 32 thread(s) in tiling mode.
2026-03-31 18:28:03 +0200: Memory Usage (660196K) : deep mode is enabled.
2026-03-31 18:28:03 +0200: Memory Usage (660196K) : FEOL enabled: false
2026-03-31 18:28:03 +0200: Memory Usage (660196K) : BEOL enabled: false
2026-03-31 18:28:03 +0200: Memory Usage (660196K) : OFFGRID enabled: false
2026-03-31 18:28:03 +0200: Memory Usage (660196K) : ANGLE enabled: true
2026-03-31 18:28:03 +0200: Memory Usage (660196K) : PIN enabled: false
2026-03-31 18:28:03 +0200: Memory Usage (660196K) : FORBIDDEN enabled: false
2026-03-31 18:28:03 +0200: Memory Usage (660196K) : RECOMMENDED enabled: false
2026-03-31 18:28:03 +0200: Memory Usage (660196K) : PreCheck DRC enabled: true
2026-03-31 18:28:03 +0200: Memory Usage (660196K) : CONNECTIVITY_RULES enabled: false.
2026-03-31 18:28:03 +0200: Memory Usage (660196K) : Read in polygons from layers.
2026-03-31 18:28:03 +0200: Memory Usage (675812K) : activ_drw has 403323 polygons
2026-03-31 18:28:03 +0200: Memory Usage (675812K) : activ_pin has 0 polygons
2026-03-31 18:28:03 +0200: Memory Usage (675812K) : activ_mask has 0 polygons
2026-03-31 18:28:03 +0200: Memory Usage (675812K) : activ_filler has 0 polygons
2026-03-31 18:28:03 +0200: Memory Usage (675812K) : activ_nofill has 0 polygons
2026-03-31 18:28:03 +0200: Memory Usage (675812K) : activ_opc has 0 polygons
2026-03-31 18:28:03 +0200: Memory Usage (675812K) : activ_iopc has 0 polygons
2026-03-31 18:28:03 +0200: Memory Usage (675812K) : activ_noqrc has 0 polygons
2026-03-31 18:28:03 +0200: Memory Usage (675812K) : biwind_drw has 0 polygons
2026-03-31 18:28:03 +0200: Memory Usage (675812K) : biwind_opc has 0 polygons
2026-03-31 18:28:03 +0200: Memory Usage (675812K) : pemwind_drw has 0 polygons
2026-03-31 18:28:04 +0200: Memory Usage (685700K) : gatpoly_drw has 363609 polygons
2026-03-31 18:28:04 +0200: Memory Usage (685700K) : gatpoly_pin has 774 polygons
2026-03-31 18:28:04 +0200: Memory Usage (685700K) : gatpoly_filler has 0 polygons
2026-03-31 18:28:04 +0200: Memory Usage (685700K) : gatpoly_nofill has 0 polygons
2026-03-31 18:28:04 +0200: Memory Usage (685700K) : gatpoly_opc has 0 polygons
2026-03-31 18:28:04 +0200: Memory Usage (685700K) : gatpoly_iopc has 0 polygons
2026-03-31 18:28:04 +0200: Memory Usage (685700K) : gatpoly_noqrc has 0 polygons
2026-03-31 18:28:07 +0200: Memory Usage (753672K) : cont_drw has 11013776 polygons
2026-03-31 18:28:07 +0200: Memory Usage (753672K) : cont_opc has 0 polygons
2026-03-31 18:28:07 +0200: Memory Usage (753672K) : nsd_drw has 0 polygons
2026-03-31 18:28:07 +0200: Memory Usage (753672K) : nsd_block has 0 polygons
2026-03-31 18:28:10 +0200: Memory Usage (762300K) : metal1_drw has 833614 polygons
2026-03-31 18:28:10 +0200: Memory Usage (762300K) : metal1_pin has 347782 polygons
2026-03-31 18:28:10 +0200: Memory Usage (762300K) : metal1_mask has 0 polygons
2026-03-31 18:28:10 +0200: Memory Usage (762300K) : metal1_filler has 0 polygons
2026-03-31 18:28:10 +0200: Memory Usage (762300K) : metal1_nofill has 0 polygons
2026-03-31 18:28:10 +0200: Memory Usage (762300K) : metal1_slit has 0 polygons
2026-03-31 18:28:10 +0200: Memory Usage (767880K) : metal1_text has 338966 polygons
2026-03-31 18:28:10 +0200: Memory Usage (767880K) : metal1_opc has 0 polygons
2026-03-31 18:28:10 +0200: Memory Usage (767880K) : metal1_noqrc has 0 polygons
2026-03-31 18:28:10 +0200: Memory Usage (767880K) : metal1_res has 0 polygons
2026-03-31 18:28:10 +0200: Memory Usage (767880K) : metal1_iprobe has 0 polygons
2026-03-31 18:28:10 +0200: Memory Usage (767880K) : metal1_diffprb has 0 polygons
2026-03-31 18:28:10 +0200: Memory Usage (767880K) : passiv_drw has 120 polygons
2026-03-31 18:28:10 +0200: Memory Usage (767880K) : passiv_pin has 0 polygons
2026-03-31 18:28:10 +0200: Memory Usage (767880K) : passiv_sbump has 0 polygons
2026-03-31 18:28:10 +0200: Memory Usage (767880K) : passiv_pillar has 0 polygons
2026-03-31 18:28:10 +0200: Memory Usage (767880K) : passiv_pdl has 0 polygons
2026-03-31 18:28:11 +0200: Memory Usage (786096K) : metal2_drw has 659685 polygons
2026-03-31 18:28:11 +0200: Memory Usage (786096K) : metal2_pin has 2290 polygons
2026-03-31 18:28:11 +0200: Memory Usage (786096K) : metal2_mask has 0 polygons
2026-03-31 18:28:11 +0200: Memory Usage (786096K) : metal2_filler has 1143 polygons
2026-03-31 18:28:11 +0200: Memory Usage (786096K) : metal2_nofill has 0 polygons
2026-03-31 18:28:11 +0200: Memory Usage (786096K) : metal2_slit has 0 polygons
2026-03-31 18:28:11 +0200: Memory Usage (786096K) : metal2_text has 2158 polygons
2026-03-31 18:28:11 +0200: Memory Usage (786096K) : metal2_opc has 0 polygons
2026-03-31 18:28:11 +0200: Memory Usage (786096K) : metal2_noqrc has 0 polygons
2026-03-31 18:28:11 +0200: Memory Usage (786096K) : metal2_res has 0 polygons
2026-03-31 18:28:11 +0200: Memory Usage (786096K) : metal2_iprobe has 0 polygons
2026-03-31 18:28:11 +0200: Memory Usage (786096K) : metal2_diffprb has 0 polygons
2026-03-31 18:28:11 +0200: Memory Usage (786096K) : baspoly_drw has 0 polygons
2026-03-31 18:28:11 +0200: Memory Usage (786096K) : baspoly_pin has 0 polygons
2026-03-31 18:28:11 +0200: Memory Usage (786096K) : psd_drw has 190070 polygons
2026-03-31 18:28:11 +0200: Memory Usage (786096K) : nldb_drw has 0 polygons
2026-03-31 18:28:11 +0200: Memory Usage (786096K) : digibnd_drw has 0 polygons
2026-03-31 18:28:11 +0200: Memory Usage (792168K) : via1_drw has 641588 polygons
2026-03-31 18:28:11 +0200: Memory Usage (792168K) : backmetal1_drw has 0 polygons
2026-03-31 18:28:11 +0200: Memory Usage (792168K) : backmetal1_pin has 0 polygons
2026-03-31 18:28:11 +0200: Memory Usage (792168K) : backmetal1_mask has 0 polygons
2026-03-31 18:28:11 +0200: Memory Usage (792168K) : backmetal1_filler has 0 polygons
2026-03-31 18:28:11 +0200: Memory Usage (792168K) : backmetal1_nofill has 0 polygons
2026-03-31 18:28:11 +0200: Memory Usage (792168K) : backmetal1_slit has 0 polygons
2026-03-31 18:28:11 +0200: Memory Usage (792168K) : backmetal1_text has 0 polygons
2026-03-31 18:28:11 +0200: Memory Usage (792168K) : backmetal1_opc has 0 polygons
2026-03-31 18:28:11 +0200: Memory Usage (792168K) : backmetal1_noqrc has 0 polygons
2026-03-31 18:28:11 +0200: Memory Usage (792168K) : backmetal1_res has 0 polygons
2026-03-31 18:28:11 +0200: Memory Usage (792168K) : backmetal1_iprobe has 0 polygons
2026-03-31 18:28:11 +0200: Memory Usage (792168K) : backmetal1_diffprb has 0 polygons
2026-03-31 18:28:11 +0200: Memory Usage (792168K) : backpassiv_drw has 0 polygons
2026-03-31 18:28:11 +0200: Memory Usage (792168K) : res_drw has 0 polygons
2026-03-31 18:28:11 +0200: Memory Usage (792168K) : sram_drw has 0 polygons
2026-03-31 18:28:11 +0200: Memory Usage (792168K) : trans_drw has 0 polygons
2026-03-31 18:28:11 +0200: Memory Usage (792168K) : ind_drw has 0 polygons
2026-03-31 18:28:11 +0200: Memory Usage (792168K) : ind_pin has 0 polygons
2026-03-31 18:28:11 +0200: Memory Usage (792168K) : ind_text has 0 polygons
2026-03-31 18:28:11 +0200: Memory Usage (792168K) : salblock_drw has 1125 polygons
2026-03-31 18:28:11 +0200: Memory Usage (800880K) : via2_drw has 688861 polygons
2026-03-31 18:28:12 +0200: Memory Usage (805896K) : metal3_drw has 331012 polygons
2026-03-31 18:28:12 +0200: Memory Usage (805896K) : metal3_pin has 1918 polygons
2026-03-31 18:28:12 +0200: Memory Usage (805896K) : metal3_mask has 0 polygons
2026-03-31 18:28:12 +0200: Memory Usage (805896K) : metal3_filler has 1636 polygons
2026-03-31 18:28:12 +0200: Memory Usage (805896K) : metal3_nofill has 0 polygons
2026-03-31 18:28:12 +0200: Memory Usage (805896K) : metal3_slit has 0 polygons
2026-03-31 18:28:12 +0200: Memory Usage (805896K) : metal3_text has 1467 polygons
2026-03-31 18:28:12 +0200: Memory Usage (805896K) : metal3_opc has 0 polygons
2026-03-31 18:28:12 +0200: Memory Usage (805896K) : metal3_noqrc has 0 polygons
2026-03-31 18:28:12 +0200: Memory Usage (805896K) : metal3_res has 0 polygons
2026-03-31 18:28:12 +0200: Memory Usage (805896K) : metal3_iprobe has 0 polygons
2026-03-31 18:28:12 +0200: Memory Usage (805896K) : metal3_diffprb has 0 polygons
2026-03-31 18:28:12 +0200: Memory Usage (805896K) : nwell_drw has 93113 polygons
2026-03-31 18:28:12 +0200: Memory Usage (805896K) : nwell_pin has 0 polygons
2026-03-31 18:28:12 +0200: Memory Usage (805896K) : nbulay_drw has 1974 polygons
2026-03-31 18:28:12 +0200: Memory Usage (805896K) : nbulay_pin has 0 polygons
2026-03-31 18:28:12 +0200: Memory Usage (805896K) : nbulay_block has 0 polygons
2026-03-31 18:28:12 +0200: Memory Usage (805896K) : emwind_drw has 0 polygons
2026-03-31 18:28:12 +0200: Memory Usage (805896K) : emwind_opc has 0 polygons
2026-03-31 18:28:12 +0200: Memory Usage (805896K) : deepco_drw has 0 polygons
2026-03-31 18:28:12 +0200: Memory Usage (805896K) : deepco_drw has 0 polygons
2026-03-31 18:28:12 +0200: Memory Usage (805896K) : mim_drw has 176 polygons
2026-03-31 18:28:12 +0200: Memory Usage (805896K) : edgeseal_drw has 24 polygons
2026-03-31 18:28:12 +0200: Memory Usage (805896K) : edgeseal_bound has 1 polygons
2026-03-31 18:28:12 +0200: Memory Usage (805896K) : substrate_drw has 6577 polygons
2026-03-31 18:28:12 +0200: Memory Usage (805896K) : substrate_text has 0 polygons
2026-03-31 18:28:12 +0200: Memory Usage (805896K) : dfpad_drw has 108 polygons
2026-03-31 18:28:12 +0200: Memory Usage (805896K) : dfpad_pillar has 0 polygons
2026-03-31 18:28:12 +0200: Memory Usage (805896K) : dfpad_sbump has 0 polygons
2026-03-31 18:28:12 +0200: Memory Usage (805896K) : thickgateox_drw has 197 polygons
2026-03-31 18:28:12 +0200: Memory Usage (805896K) : pldb_drw has 0 polygons
2026-03-31 18:28:12 +0200: Memory Usage (805896K) : pwell_drw has 0 polygons
2026-03-31 18:28:12 +0200: Memory Usage (805896K) : pwell_pin has 0 polygons
2026-03-31 18:28:12 +0200: Memory Usage (805896K) : pwell_block has 0 polygons
2026-03-31 18:28:12 +0200: Memory Usage (805896K) : ic_drw has 0 polygons
2026-03-31 18:28:12 +0200: Memory Usage (805896K) : via3_drw has 345358 polygons
2026-03-31 18:28:12 +0200: Memory Usage (805896K) : metal4_drw has 74299 polygons
2026-03-31 18:28:12 +0200: Memory Usage (805896K) : metal4_pin has 1805 polygons
2026-03-31 18:28:12 +0200: Memory Usage (805896K) : metal4_mask has 0 polygons
2026-03-31 18:28:12 +0200: Memory Usage (805896K) : metal4_filler has 21889 polygons
2026-03-31 18:28:12 +0200: Memory Usage (805896K) : metal4_nofill has 0 polygons
2026-03-31 18:28:12 +0200: Memory Usage (805896K) : metal4_slit has 0 polygons
2026-03-31 18:28:12 +0200: Memory Usage (805896K) : metal4_text has 1357 polygons
2026-03-31 18:28:12 +0200: Memory Usage (805896K) : metal4_opc has 0 polygons
2026-03-31 18:28:12 +0200: Memory Usage (805896K) : metal4_noqrc has 0 polygons
2026-03-31 18:28:12 +0200: Memory Usage (805896K) : metal4_res has 0 polygons
2026-03-31 18:28:12 +0200: Memory Usage (805896K) : metal4_iprobe has 0 polygons
2026-03-31 18:28:12 +0200: Memory Usage (805896K) : metal4_diffprb has 0 polygons
2026-03-31 18:28:12 +0200: Memory Usage (805896K) : heattrans_drw has 9084 polygons
2026-03-31 18:28:12 +0200: Memory Usage (805896K) : heatres_drw has 1042 polygons
2026-03-31 18:28:12 +0200: Memory Usage (805896K) : pempoly_drw has 0 polygons
2026-03-31 18:28:12 +0200: Memory Usage (805896K) : fbe_drw has 0 polygons
2026-03-31 18:28:12 +0200: Memory Usage (805896K) : empoly_drw has 0 polygons
2026-03-31 18:28:12 +0200: Memory Usage (805896K) : ldmos_drw has 0 polygons
2026-03-31 18:28:12 +0200: Memory Usage (805896K) : pbiwind_drw has 0 polygons
2026-03-31 18:28:12 +0200: Memory Usage (805896K) : digisub_drw has 0 polygons
2026-03-31 18:28:12 +0200: Memory Usage (805896K) : nodrc_drw has 0 polygons
2026-03-31 18:28:12 +0200: Memory Usage (805896K) : text_drw has 4679 polygons
2026-03-31 18:28:12 +0200: Memory Usage (807216K) : via4_drw has 329885 polygons
2026-03-31 18:28:12 +0200: Memory Usage (807216K) : metal5_drw has 33477 polygons
2026-03-31 18:28:12 +0200: Memory Usage (807216K) : metal5_pin has 1746 polygons
2026-03-31 18:28:12 +0200: Memory Usage (807216K) : metal5_mask has 0 polygons
2026-03-31 18:28:12 +0200: Memory Usage (807216K) : metal5_filler has 24498 polygons
2026-03-31 18:28:12 +0200: Memory Usage (807216K) : metal5_nofill has 0 polygons
2026-03-31 18:28:12 +0200: Memory Usage (807216K) : metal5_slit has 0 polygons
2026-03-31 18:28:12 +0200: Memory Usage (807216K) : metal5_text has 1298 polygons
2026-03-31 18:28:12 +0200: Memory Usage (807216K) : metal5_opc has 0 polygons
2026-03-31 18:28:12 +0200: Memory Usage (807216K) : metal5_noqrc has 0 polygons
2026-03-31 18:28:12 +0200: Memory Usage (807216K) : metal5_res has 0 polygons
2026-03-31 18:28:12 +0200: Memory Usage (807216K) : metal5_iprobe has 0 polygons
2026-03-31 18:28:12 +0200: Memory Usage (807216K) : metal5_diffprb has 0 polygons
2026-03-31 18:28:12 +0200: Memory Usage (807216K) : radhard_drw has 0 polygons
2026-03-31 18:28:12 +0200: Memory Usage (807216K) : memcap_drw has 0 polygons
2026-03-31 18:28:12 +0200: Memory Usage (807216K) : varicap_drw has 0 polygons
2026-03-31 18:28:12 +0200: Memory Usage (807216K) : flash_drw has 0 polygons
2026-03-31 18:28:12 +0200: Memory Usage (807216K) : intbondvia_drw has 0 polygons
2026-03-31 18:28:12 +0200: Memory Usage (807216K) : intbondmet_drw has 0 polygons
2026-03-31 18:28:12 +0200: Memory Usage (807216K) : devbondvia_drw has 0 polygons
2026-03-31 18:28:12 +0200: Memory Usage (807216K) : devbondmet_drw has 0 polygons
2026-03-31 18:28:12 +0200: Memory Usage (807216K) : devtrench_drw has 0 polygons
2026-03-31 18:28:12 +0200: Memory Usage (807216K) : redist_drw has 0 polygons
2026-03-31 18:28:12 +0200: Memory Usage (807216K) : graphbot_drw has 0 polygons
2026-03-31 18:28:12 +0200: Memory Usage (807216K) : graphtop_drw has 0 polygons
2026-03-31 18:28:12 +0200: Memory Usage (807216K) : antvia1_drw has 0 polygons
2026-03-31 18:28:12 +0200: Memory Usage (807216K) : antmetal2_drw has 0 polygons
2026-03-31 18:28:12 +0200: Memory Usage (807216K) : graphcont_drw has 0 polygons
2026-03-31 18:28:12 +0200: Memory Usage (807216K) : siwg_drw has 0 polygons
2026-03-31 18:28:12 +0200: Memory Usage (807216K) : siwg_filler has 0 polygons
2026-03-31 18:28:12 +0200: Memory Usage (807216K) : siwg_nofill has 0 polygons
2026-03-31 18:28:12 +0200: Memory Usage (807216K) : sigrating_drw has 0 polygons
2026-03-31 18:28:12 +0200: Memory Usage (807216K) : singrating_drw has 0 polygons
2026-03-31 18:28:12 +0200: Memory Usage (807216K) : graphpas_drw has 0 polygons
2026-03-31 18:28:12 +0200: Memory Usage (807216K) : emwind3_drw has 0 polygons
2026-03-31 18:28:12 +0200: Memory Usage (807216K) : emwihv3_drw has 0 polygons
2026-03-31 18:28:12 +0200: Memory Usage (807216K) : redbulay_drw has 0 polygons
2026-03-31 18:28:12 +0200: Memory Usage (807216K) : smos_drw has 0 polygons
2026-03-31 18:28:12 +0200: Memory Usage (807216K) : graphpad_drw has 0 polygons
2026-03-31 18:28:12 +0200: Memory Usage (807216K) : polimide_drw has 0 polygons
2026-03-31 18:28:12 +0200: Memory Usage (807216K) : polimide_pin has 0 polygons
2026-03-31 18:28:12 +0200: Memory Usage (807216K) : recog_drw has 0 polygons
2026-03-31 18:28:12 +0200: Memory Usage (807216K) : recog_pin has 0 polygons
2026-03-31 18:28:12 +0200: Memory Usage (807216K) : recog_esd has 0 polygons
2026-03-31 18:28:12 +0200: Memory Usage (807216K) : recog_diode has 537 polygons
2026-03-31 18:28:12 +0200: Memory Usage (807216K) : recog_tsv has 0 polygons
2026-03-31 18:28:12 +0200: Memory Usage (807216K) : recog_iprobe has 0 polygons
2026-03-31 18:28:12 +0200: Memory Usage (807216K) : recog_diffprb has 0 polygons
2026-03-31 18:28:12 +0200: Memory Usage (807216K) : recog_pillar has 0 polygons
2026-03-31 18:28:12 +0200: Memory Usage (807216K) : recog_sbump has 0 polygons
2026-03-31 18:28:12 +0200: Memory Usage (807216K) : recog_otp has 0 polygons
2026-03-31 18:28:12 +0200: Memory Usage (807216K) : recog_pdiode has 0 polygons
2026-03-31 18:28:12 +0200: Memory Usage (807216K) : recog_mom has 0 polygons
2026-03-31 18:28:12 +0200: Memory Usage (807216K) : recog_pcm has 0 polygons
2026-03-31 18:28:12 +0200: Memory Usage (807216K) : colopen_drw has 0 polygons
2026-03-31 18:28:12 +0200: Memory Usage (807216K) : graphmetal1_drw has 0 polygons
2026-03-31 18:28:12 +0200: Memory Usage (807216K) : graphmetal1_filler has 0 polygons
2026-03-31 18:28:12 +0200: Memory Usage (807480K) : graphmetal1_nofill has 0 polygons
2026-03-31 18:28:12 +0200: Memory Usage (807480K) : graphmetal1_slit has 0 polygons
2026-03-31 18:28:12 +0200: Memory Usage (807480K) : graphmetal1_opc has 0 polygons
2026-03-31 18:28:12 +0200: Memory Usage (807480K) : graphmet1l_drw has 0 polygons
2026-03-31 18:28:12 +0200: Memory Usage (807480K) : graphmet1l_filler has 0 polygons
2026-03-31 18:28:12 +0200: Memory Usage (807480K) : graphmet1l_nofill has 0 polygons
2026-03-31 18:28:12 +0200: Memory Usage (807480K) : graphmet1l_slit has 0 polygons
2026-03-31 18:28:12 +0200: Memory Usage (807480K) : graphmet1l_opc has 0 polygons
2026-03-31 18:28:12 +0200: Memory Usage (807480K) : extblock_drw has 475 polygons
2026-03-31 18:28:12 +0200: Memory Usage (807744K) : nldd_drw has 0 polygons
2026-03-31 18:28:12 +0200: Memory Usage (807744K) : pldd_drw has 0 polygons
2026-03-31 18:28:12 +0200: Memory Usage (807744K) : next_drw has 0 polygons
2026-03-31 18:28:12 +0200: Memory Usage (807744K) : pext_drw has 0 polygons
2026-03-31 18:28:12 +0200: Memory Usage (807744K) : nexthv_drw has 0 polygons
2026-03-31 18:28:12 +0200: Memory Usage (808008K) : pexthv_drw has 0 polygons
2026-03-31 18:28:12 +0200: Memory Usage (808008K) : graphgate_drw has 0 polygons
2026-03-31 18:28:12 +0200: Memory Usage (808008K) : sinwg_drw has 0 polygons
2026-03-31 18:28:12 +0200: Memory Usage (808008K) : sinwg_filler has 0 polygons
2026-03-31 18:28:12 +0200: Memory Usage (808272K) : sinwg_nofill has 0 polygons
2026-03-31 18:28:12 +0200: Memory Usage (808272K) : mempad_drw has 0 polygons
2026-03-31 18:28:12 +0200: Memory Usage (808800K) : topvia1_drw has 266080 polygons
2026-03-31 18:28:12 +0200: Memory Usage (809064K) : topmetal1_drw has 7868 polygons
2026-03-31 18:28:12 +0200: Memory Usage (809064K) : topmetal1_pin has 1915 polygons
2026-03-31 18:28:12 +0200: Memory Usage (809328K) : topmetal1_mask has 0 polygons
2026-03-31 18:28:12 +0200: Memory Usage (809328K) : topmetal1_filler has 5304 polygons
2026-03-31 18:28:12 +0200: Memory Usage (809592K) : topmetal1_nofill has 0 polygons
2026-03-31 18:28:12 +0200: Memory Usage (809592K) : topmetal1_slit has 0 polygons
2026-03-31 18:28:12 +0200: Memory Usage (809592K) : topmetal1_text has 1417 polygons
2026-03-31 18:28:12 +0200: Memory Usage (809592K) : topmetal1_noqrc has 0 polygons
2026-03-31 18:28:12 +0200: Memory Usage (809592K) : topmetal1_res has 0 polygons
2026-03-31 18:28:12 +0200: Memory Usage (809592K) : topmetal1_iprobe has 0 polygons
2026-03-31 18:28:12 +0200: Memory Usage (809592K) : topmetal1_diffprb has 0 polygons
2026-03-31 18:28:12 +0200: Memory Usage (809856K) : inldpwl_drw has 0 polygons
2026-03-31 18:28:12 +0200: Memory Usage (809856K) : polyres_drw has 1042 polygons
2026-03-31 18:28:12 +0200: Memory Usage (809856K) : polyres_pin has 0 polygons
2026-03-31 18:28:12 +0200: Memory Usage (809856K) : vmim_drw has 0 polygons
2026-03-31 18:28:12 +0200: Memory Usage (809856K) : nbulaycut_drw has 0 polygons
2026-03-31 18:28:12 +0200: Memory Usage (810120K) : antmetal1_drw has 0 polygons
2026-03-31 18:28:12 +0200: Memory Usage (810120K) : topvia2_drw has 175194 polygons
2026-03-31 18:28:12 +0200: Memory Usage (810384K) : topmetal2_drw has 2219 polygons
2026-03-31 18:28:12 +0200: Memory Usage (810384K) : topmetal2_pin has 1489 polygons
2026-03-31 18:28:12 +0200: Memory Usage (810384K) : topmetal2_mask has 0 polygons
2026-03-31 18:28:12 +0200: Memory Usage (810648K) : topmetal2_filler has 5280 polygons
2026-03-31 18:28:12 +0200: Memory Usage (810912K) : topmetal2_nofill has 0 polygons
2026-03-31 18:28:12 +0200: Memory Usage (810912K) : topmetal2_slit has 0 polygons
2026-03-31 18:28:12 +0200: Memory Usage (810912K) : topmetal2_text has 1457 polygons
2026-03-31 18:28:12 +0200: Memory Usage (810912K) : topmetal2_noqrc has 0 polygons
2026-03-31 18:28:12 +0200: Memory Usage (810912K) : topmetal2_res has 0 polygons
2026-03-31 18:28:12 +0200: Memory Usage (810912K) : topmetal2_iprobe has 0 polygons
2026-03-31 18:28:12 +0200: Memory Usage (811176K) : topmetal2_diffprb has 0 polygons
2026-03-31 18:28:12 +0200: Memory Usage (811176K) : snsring_drw has 0 polygons
2026-03-31 18:28:12 +0200: Memory Usage (811176K) : sensor_drw has 0 polygons
2026-03-31 18:28:12 +0200: Memory Usage (811176K) : snsarms_drw has 0 polygons
2026-03-31 18:28:12 +0200: Memory Usage (811176K) : snscmosvia_drw has 0 polygons
2026-03-31 18:28:12 +0200: Memory Usage (811440K) : colwind_drw has 0 polygons
2026-03-31 18:28:12 +0200: Memory Usage (811440K) : flm_drw has 0 polygons
2026-03-31 18:28:12 +0200: Memory Usage (811440K) : hafniumox_drw has 0 polygons
2026-03-31 18:28:12 +0200: Memory Usage (811440K) : memvia_drw has 0 polygons
2026-03-31 18:28:12 +0200: Memory Usage (811440K) : thinfilmres_drw has 0 polygons
2026-03-31 18:28:12 +0200: Memory Usage (811704K) : rfmem_drw has 0 polygons
2026-03-31 18:28:12 +0200: Memory Usage (811704K) : norcx_drw has 0 polygons
2026-03-31 18:28:12 +0200: Memory Usage (811704K) : norcx_m2m3 has 0 polygons
2026-03-31 18:28:12 +0200: Memory Usage (811704K) : norcx_m2m4 has 0 polygons
2026-03-31 18:28:12 +0200: Memory Usage (811704K) : norcx_m2m5 has 0 polygons
2026-03-31 18:28:12 +0200: Memory Usage (811968K) : norcx_m2tm1 has 0 polygons
2026-03-31 18:28:12 +0200: Memory Usage (811968K) : norcx_m2tm2 has 0 polygons
2026-03-31 18:28:12 +0200: Memory Usage (811968K) : norcx_m3m4 has 0 polygons
2026-03-31 18:28:12 +0200: Memory Usage (811968K) : norcx_m3m5 has 0 polygons
2026-03-31 18:28:12 +0200: Memory Usage (812232K) : norcx_m3tm1 has 0 polygons
2026-03-31 18:28:12 +0200: Memory Usage (812232K) : norcx_m3tm2 has 0 polygons
2026-03-31 18:28:12 +0200: Memory Usage (812232K) : norcx_m4m5 has 0 polygons
2026-03-31 18:28:12 +0200: Memory Usage (812232K) : norcx_m4tm1 has 0 polygons
2026-03-31 18:28:12 +0200: Memory Usage (812232K) : norcx_m4tm2 has 0 polygons
2026-03-31 18:28:12 +0200: Memory Usage (812496K) : norcx_m5tm1 has 0 polygons
2026-03-31 18:28:12 +0200: Memory Usage (812496K) : norcx_m5tm2 has 0 polygons
2026-03-31 18:28:12 +0200: Memory Usage (812496K) : norcx_tm1tm2 has 0 polygons
2026-03-31 18:28:12 +0200: Memory Usage (812496K) : norcx_m1sub has 0 polygons
2026-03-31 18:28:12 +0200: Memory Usage (812496K) : norcx_m2sub has 0 polygons
2026-03-31 18:28:12 +0200: Memory Usage (812760K) : norcx_m3sub has 0 polygons
2026-03-31 18:28:12 +0200: Memory Usage (812760K) : norcx_m4sub has 0 polygons
2026-03-31 18:28:12 +0200: Memory Usage (812760K) : norcx_m5sub has 0 polygons
2026-03-31 18:28:12 +0200: Memory Usage (812760K) : norcx_tm1sub has 0 polygons
2026-03-31 18:28:12 +0200: Memory Usage (812760K) : norcx_tm2sub has 0 polygons
2026-03-31 18:28:12 +0200: Memory Usage (813024K) : snsbotvia_drw has 0 polygons
2026-03-31 18:28:12 +0200: Memory Usage (813024K) : snstopvia_drw has 0 polygons
2026-03-31 18:28:12 +0200: Memory Usage (813024K) : deepvia_drw has 0 polygons
2026-03-31 18:28:12 +0200: Memory Usage (813024K) : fgetch_drw has 0 polygons
2026-03-31 18:28:12 +0200: Memory Usage (813288K) : ctrgat_drw has 0 polygons
2026-03-31 18:28:12 +0200: Memory Usage (813288K) : fgimp_drw has 0 polygons
2026-03-31 18:28:12 +0200: Memory Usage (813288K) : emwihv_drw has 0 polygons
2026-03-31 18:28:12 +0200: Memory Usage (813288K) : lbe_drw has 0 polygons
2026-03-31 18:28:12 +0200: Memory Usage (813288K) : alcustop_drw has 0 polygons
2026-03-31 18:28:12 +0200: Memory Usage (813552K) : nometfiller_drw has 0 polygons
2026-03-31 18:28:12 +0200: Memory Usage (813552K) : prboundary_drw has 0 polygons
2026-03-31 18:28:12 +0200: Memory Usage (813552K) : exchange0_drw has 0 polygons
2026-03-31 18:28:12 +0200: Memory Usage (813552K) : exchange0_pin has 0 polygons
2026-03-31 18:28:12 +0200: Memory Usage (813552K) : exchange0_text has 0 polygons
2026-03-31 18:28:12 +0200: Memory Usage (813816K) : exchange1_drw has 0 polygons
2026-03-31 18:28:12 +0200: Memory Usage (813816K) : exchange1_pin has 0 polygons
2026-03-31 18:28:12 +0200: Memory Usage (813816K) : exchange1_text has 0 polygons
2026-03-31 18:28:12 +0200: Memory Usage (813816K) : exchange2_drw has 0 polygons
2026-03-31 18:28:12 +0200: Memory Usage (813816K) : exchange2_pin has 0 polygons
2026-03-31 18:28:12 +0200: Memory Usage (814080K) : exchange2_text has 0 polygons
2026-03-31 18:28:12 +0200: Memory Usage (814080K) : exchange3_drw has 0 polygons
2026-03-31 18:28:12 +0200: Memory Usage (814080K) : exchange3_pin has 0 polygons
2026-03-31 18:28:12 +0200: Memory Usage (814080K) : exchange3_text has 0 polygons
2026-03-31 18:28:12 +0200: Memory Usage (814080K) : exchange4_drw has 0 polygons
2026-03-31 18:28:12 +0200: Memory Usage (814344K) : exchange4_pin has 0 polygons
2026-03-31 18:28:12 +0200: Memory Usage (814344K) : exchange4_text has 0 polygons
2026-03-31 18:28:12 +0200: Memory Usage (814344K) : isonwell_drw has 0 polygons
2026-03-31 18:28:12 +0200: Memory Usage (814344K) : Total no. of polygons in the design is 17247781
2026-03-31 18:28:12 +0200: Memory Usage (814344K) : Loaded TECH DRC rules values from /foss/pdks/ihp-sg13g2/libs.tech/klayout/python/sg13g2_pycell_lib/sg13g2_tech_mod.json
2026-03-31 18:28:12 +0200: Memory Usage (814344K) : Loaded default DRC rules values from /foss/pdks/ihp-sg13g2/libs.tech/klayout/tech/drc/rule_decks/sg13g2_tech_default.json
2026-03-31 18:28:12 +0200: Memory Usage (814344K) : The following rules values were missing in tech json and default values were used:
2026-03-31 18:28:12 +0200: Memory Usage (814344K) :   - NW_f1_digibnd
2026-03-31 18:28:12 +0200: Memory Usage (814344K) :   - Cnt_c_digibnd
2026-03-31 18:28:12 +0200: Memory Usage (814344K) :   - Cnt_c_sram
2026-03-31 18:28:12 +0200: Memory Usage (814344K) :   - Sdiod_b
2026-03-31 18:28:12 +0200: Memory Usage (814344K) :   - Sdiod_c
2026-03-31 18:28:12 +0200: Memory Usage (814608K) : Total area of the design is 11222500.0 um^2.
2026-03-31 18:28:12 +0200: Memory Usage (814608K) : The design dimensions are 3350.0 µm * 3350.0 µm.
2026-03-31 18:28:12 +0200: Memory Usage (814608K) : Starting general IHP-SG13G2 derivations.
2026-03-31 18:28:12 +0200: Memory Usage (814608K) : Starting Pwell derivations
2026-03-31 18:28:13 +0200: Memory Usage (849996K) : Starting IHP-SG13G2 DRC rules.
2026-03-31 18:28:13 +0200: Memory Usage (849996K) : Starting 3.2. angle table
2026-03-31 18:28:13 +0200: Memory Usage (849996K) : Executing rule activ_drw_Acute
2026-03-31 18:28:17 +0200: Memory Usage (966504K) : Executing rule activ_pin_Acute
2026-03-31 18:28:17 +0200: Memory Usage (966504K) : Executing rule activ_mask_Acute
2026-03-31 18:28:17 +0200: Memory Usage (966504K) : Executing rule activ_filler_Acute
2026-03-31 18:28:17 +0200: Memory Usage (966504K) : Executing rule activ_nofill_Acute
2026-03-31 18:28:17 +0200: Memory Usage (966504K) : Executing rule activ_opc_Acute
2026-03-31 18:28:17 +0200: Memory Usage (966504K) : Executing rule activ_iopc_Acute
2026-03-31 18:28:17 +0200: Memory Usage (966504K) : Executing rule activ_noqrc_Acute
2026-03-31 18:28:17 +0200: Memory Usage (966504K) : Executing rule biwind_drw_Acute
2026-03-31 18:28:18 +0200: Memory Usage (966504K) : Executing rule biwind_opc_Acute
2026-03-31 18:28:18 +0200: Memory Usage (966504K) : Executing rule pemwind_drw_Acute
2026-03-31 18:28:18 +0200: Memory Usage (966504K) : Executing rule gatpoly_drw_Acute
2026-03-31 18:28:22 +0200: Memory Usage (1007016K) : Executing rule gatpoly_pin_Acute
2026-03-31 18:28:22 +0200: Memory Usage (1007016K) : Executing rule gatpoly_filler_Acute
2026-03-31 18:28:22 +0200: Memory Usage (1007016K) : Executing rule gatpoly_nofill_Acute
2026-03-31 18:28:22 +0200: Memory Usage (1007016K) : Executing rule gatpoly_opc_Acute
2026-03-31 18:28:22 +0200: Memory Usage (1007016K) : Executing rule gatpoly_iopc_Acute
2026-03-31 18:28:22 +0200: Memory Usage (1007016K) : Executing rule gatpoly_noqrc_Acute
2026-03-31 18:28:22 +0200: Memory Usage (1007016K) : Executing rule cont_drw_Acute
2026-03-31 18:29:39 +0200: Memory Usage (1939472K) : Executing rule cont_opc_Acute
2026-03-31 18:29:39 +0200: Memory Usage (1939472K) : Executing rule nsd_drw_Acute
2026-03-31 18:29:39 +0200: Memory Usage (1939472K) : Executing rule nsd_block_Acute
2026-03-31 18:29:39 +0200: Memory Usage (1939472K) : Executing rule metal1_drw_Acute
2026-03-31 18:29:54 +0200: Memory Usage (1675540K) : Executing rule metal1_pin_Acute
2026-03-31 18:29:57 +0200: Memory Usage (1675540K) : Executing rule metal1_mask_Acute
2026-03-31 18:29:57 +0200: Memory Usage (1675540K) : Executing rule metal1_filler_Acute
2026-03-31 18:29:57 +0200: Memory Usage (1675540K) : Executing rule metal1_nofill_Acute
2026-03-31 18:29:57 +0200: Memory Usage (1675540K) : Executing rule metal1_slit_Acute
2026-03-31 18:29:57 +0200: Memory Usage (1675540K) : Executing rule metal1_opc_Acute
2026-03-31 18:29:57 +0200: Memory Usage (1675540K) : Executing rule metal1_noqrc_Acute
2026-03-31 18:29:57 +0200: Memory Usage (1675540K) : Executing rule metal1_res_Acute
2026-03-31 18:29:57 +0200: Memory Usage (1675540K) : Executing rule metal1_iprobe_Acute
2026-03-31 18:29:57 +0200: Memory Usage (1675540K) : Executing rule metal1_diffprb_Acute
2026-03-31 18:29:57 +0200: Memory Usage (1675540K) : Executing rule passiv_drw_Acute
2026-03-31 18:29:57 +0200: Memory Usage (1675540K) : Executing rule passiv_pin_Acute
2026-03-31 18:29:57 +0200: Memory Usage (1675540K) : Executing rule passiv_pillar_Acute
2026-03-31 18:29:57 +0200: Memory Usage (1675540K) : Executing rule passiv_sbump_Acute
2026-03-31 18:29:57 +0200: Memory Usage (1675540K) : Executing rule passiv_pdl_Acute
2026-03-31 18:29:57 +0200: Memory Usage (1675540K) : Executing rule metal2_drw_Acute
2026-03-31 18:30:03 +0200: Memory Usage (1675540K) : Executing rule metal2_pin_Acute
2026-03-31 18:30:03 +0200: Memory Usage (1675540K) : Executing rule metal2_mask_Acute
2026-03-31 18:30:03 +0200: Memory Usage (1675540K) : Executing rule metal2_filler_Acute
2026-03-31 18:30:03 +0200: Memory Usage (1675540K) : Executing rule metal2_nofill_Acute
2026-03-31 18:30:03 +0200: Memory Usage (1675540K) : Executing rule metal2_slit_Acute
2026-03-31 18:30:03 +0200: Memory Usage (1675540K) : Executing rule metal2_opc_Acute
2026-03-31 18:30:03 +0200: Memory Usage (1675540K) : Executing rule metal2_noqrc_Acute
2026-03-31 18:30:03 +0200: Memory Usage (1675540K) : Executing rule metal2_res_Acute
2026-03-31 18:30:03 +0200: Memory Usage (1675540K) : Executing rule metal2_iprobe_Acute
2026-03-31 18:30:03 +0200: Memory Usage (1675540K) : Executing rule metal2_diffprb_Acute
2026-03-31 18:30:03 +0200: Memory Usage (1675540K) : Executing rule baspoly_drw_Acute
2026-03-31 18:30:03 +0200: Memory Usage (1675540K) : Executing rule baspoly_pin_Acute
2026-03-31 18:30:03 +0200: Memory Usage (1675540K) : Executing rule psd_drw_Acute
2026-03-31 18:30:04 +0200: Memory Usage (1675540K) : Executing rule nldb_drw_Acute
2026-03-31 18:30:04 +0200: Memory Usage (1675540K) : Executing rule via1_drw_Acute
2026-03-31 18:30:11 +0200: Memory Usage (1674900K) : Executing rule backmetal1_drw_Acute
2026-03-31 18:30:11 +0200: Memory Usage (1674900K) : Executing rule backmetal1_pin_Acute
2026-03-31 18:30:11 +0200: Memory Usage (1674900K) : Executing rule backmetal1_mask_Acute
2026-03-31 18:30:11 +0200: Memory Usage (1674900K) : Executing rule backmetal1_filler_Acute
2026-03-31 18:30:11 +0200: Memory Usage (1674900K) : Executing rule backmetal1_nofill_Acute
2026-03-31 18:30:11 +0200: Memory Usage (1674900K) : Executing rule backmetal1_slit_Acute
2026-03-31 18:30:11 +0200: Memory Usage (1674900K) : Executing rule backmetal1_opc_Acute
2026-03-31 18:30:11 +0200: Memory Usage (1674900K) : Executing rule backmetal1_noqrc_Acute
2026-03-31 18:30:11 +0200: Memory Usage (1674900K) : Executing rule backmetal1_res_Acute
2026-03-31 18:30:11 +0200: Memory Usage (1674900K) : Executing rule backmetal1_iprobe_Acute
2026-03-31 18:30:11 +0200: Memory Usage (1674900K) : Executing rule backmetal1_diffprb_Acute
2026-03-31 18:30:12 +0200: Memory Usage (1674900K) : Executing rule backpassiv_drw_Acute
2026-03-31 18:30:12 +0200: Memory Usage (1674900K) : Executing rule salblock_drw_Acute
2026-03-31 18:30:12 +0200: Memory Usage (1674900K) : Executing rule via2_drw_Acute
2026-03-31 18:30:18 +0200: Memory Usage (1677588K) : Executing rule metal3_drw_Acute
2026-03-31 18:30:21 +0200: Memory Usage (1676756K) : Executing rule metal3_pin_Acute
2026-03-31 18:30:21 +0200: Memory Usage (1676756K) : Executing rule metal3_mask_Acute
2026-03-31 18:30:21 +0200: Memory Usage (1676756K) : Executing rule metal3_filler_Acute
2026-03-31 18:30:21 +0200: Memory Usage (1676756K) : Executing rule metal3_nofill_Acute
2026-03-31 18:30:21 +0200: Memory Usage (1676756K) : Executing rule metal3_slit_Acute
2026-03-31 18:30:21 +0200: Memory Usage (1676756K) : Executing rule metal3_opc_Acute
2026-03-31 18:30:21 +0200: Memory Usage (1676756K) : Executing rule metal3_noqrc_Acute
2026-03-31 18:30:21 +0200: Memory Usage (1676756K) : Executing rule metal3_res_Acute
2026-03-31 18:30:21 +0200: Memory Usage (1676756K) : Executing rule metal3_iprobe_Acute
2026-03-31 18:30:21 +0200: Memory Usage (1676756K) : Executing rule metal3_diffprb_Acute
2026-03-31 18:30:21 +0200: Memory Usage (1676756K) : Executing rule nwell_drw_Acute
2026-03-31 18:30:22 +0200: Memory Usage (1676564K) : Executing rule nwell_pin_Acute
2026-03-31 18:30:22 +0200: Memory Usage (1676564K) : Executing rule nbulay_drw_Acute
2026-03-31 18:30:22 +0200: Memory Usage (1676564K) : Executing rule nbulay_pin_Acute
2026-03-31 18:30:22 +0200: Memory Usage (1676564K) : Executing rule nbulay_block_Acute
2026-03-31 18:30:22 +0200: Memory Usage (1676564K) : Executing rule pwell_drw_Acute
2026-03-31 18:30:22 +0200: Memory Usage (1676564K) : Executing rule pwell_pin_Acute
2026-03-31 18:30:22 +0200: Memory Usage (1676564K) : Executing rule pwell_block_Acute
2026-03-31 18:30:22 +0200: Memory Usage (1676564K) : Executing rule emwind_drw_Acute
2026-03-31 18:30:22 +0200: Memory Usage (1676564K) : Executing rule emwind_opc_Acute
2026-03-31 18:30:22 +0200: Memory Usage (1676564K) : Executing rule deepco_drw_Acute
2026-03-31 18:30:22 +0200: Memory Usage (1676564K) : Executing rule mim_drw_Acute
2026-03-31 18:30:22 +0200: Memory Usage (1676436K) : Executing rule substrate_drw_Acute
2026-03-31 18:30:22 +0200: Memory Usage (1676436K) : Executing rule ic_drw_Acute
2026-03-31 18:30:22 +0200: Memory Usage (1676436K) : Executing rule via3_drw_Acute
2026-03-31 18:30:25 +0200: Memory Usage (1676692K) : Executing rule pldb_drw_Acute
2026-03-31 18:30:25 +0200: Memory Usage (1676692K) : Executing rule metal4_drw_Acute
2026-03-31 18:30:26 +0200: Memory Usage (1672788K) : Executing rule metal4_pin_Acute
2026-03-31 18:30:26 +0200: Memory Usage (1672788K) : Executing rule metal4_mask_Acute
2026-03-31 18:30:26 +0200: Memory Usage (1672788K) : Executing rule metal4_filler_Acute
2026-03-31 18:30:26 +0200: Memory Usage (1672788K) : Executing rule metal4_nofill_Acute
2026-03-31 18:30:26 +0200: Memory Usage (1672788K) : Executing rule metal4_slit_Acute
2026-03-31 18:30:26 +0200: Memory Usage (1672788K) : Executing rule metal4_opc_Acute
2026-03-31 18:30:26 +0200: Memory Usage (1672788K) : Executing rule metal4_noqrc_Acute
2026-03-31 18:30:26 +0200: Memory Usage (1672788K) : Executing rule metal4_res_Acute
2026-03-31 18:30:26 +0200: Memory Usage (1672788K) : Executing rule metal4_iprobe_Acute
2026-03-31 18:30:26 +0200: Memory Usage (1672788K) : Executing rule metal4_diffprb_Acute
2026-03-31 18:30:26 +0200: Memory Usage (1672788K) : Executing rule via4_drw_Acute
2026-03-31 18:30:28 +0200: Memory Usage (1680212K) : Executing rule metal5_drw_Acute
2026-03-31 18:30:29 +0200: Memory Usage (1680212K) : Executing rule metal5_pin_Acute
2026-03-31 18:30:29 +0200: Memory Usage (1680212K) : Executing rule metal5_mask_Acute
2026-03-31 18:30:29 +0200: Memory Usage (1680212K) : Executing rule metal5_filler_Acute
2026-03-31 18:30:29 +0200: Memory Usage (1677460K) : Executing rule metal5_nofill_Acute
2026-03-31 18:30:29 +0200: Memory Usage (1677460K) : Executing rule metal5_slit_Acute
2026-03-31 18:30:29 +0200: Memory Usage (1677460K) : Executing rule metal5_opc_Acute
2026-03-31 18:30:29 +0200: Memory Usage (1677460K) : Executing rule metal5_noqrc_Acute
2026-03-31 18:30:29 +0200: Memory Usage (1677460K) : Executing rule metal5_res_Acute
2026-03-31 18:30:29 +0200: Memory Usage (1677460K) : Executing rule metal5_iprobe_Acute
2026-03-31 18:30:29 +0200: Memory Usage (1677460K) : Executing rule metal5_diffprb_Acute
2026-03-31 18:30:29 +0200: Memory Usage (1677460K) : Executing rule prboundary_drw_Acute
2026-03-31 18:30:29 +0200: Memory Usage (1677460K) : Executing rule exchange0_drw_Acute
2026-03-31 18:30:29 +0200: Memory Usage (1677460K) : Executing rule exchange0_pin_Acute
2026-03-31 18:30:29 +0200: Memory Usage (1677460K) : Executing rule exchange1_drw_Acute
2026-03-31 18:30:29 +0200: Memory Usage (1677460K) : Executing rule exchange1_pin_Acute
2026-03-31 18:30:29 +0200: Memory Usage (1677460K) : Executing rule exchange2_drw_Acute
2026-03-31 18:30:29 +0200: Memory Usage (1677460K) : Executing rule exchange2_pin_Acute
2026-03-31 18:30:29 +0200: Memory Usage (1677460K) : Executing rule exchange3_drw_Acute
2026-03-31 18:30:29 +0200: Memory Usage (1677460K) : Executing rule exchange3_pin_Acute
2026-03-31 18:30:29 +0200: Memory Usage (1677460K) : Executing rule exchange4_drw_Acute
2026-03-31 18:30:29 +0200: Memory Usage (1677460K) : Executing rule exchange4_pin_Acute
2026-03-31 18:30:29 +0200: Memory Usage (1677460K) : Executing rule isonwell_drw_Acute
2026-03-31 18:30:29 +0200: Memory Usage (1677460K) : Executing rule thickgateox_drw_Acute
2026-03-31 18:30:29 +0200: Memory Usage (1677460K) : Executing rule pempoly_drw_Acute
2026-03-31 18:30:29 +0200: Memory Usage (1677460K) : Executing rule fbe_drw_Acute
2026-03-31 18:30:29 +0200: Memory Usage (1677460K) : Executing rule empoly_drw_Acute
2026-03-31 18:30:29 +0200: Memory Usage (1677460K) : Executing rule ldmos_drw_Acute
2026-03-31 18:30:29 +0200: Memory Usage (1677460K) : Executing rule pbiwind_drw_Acute
2026-03-31 18:30:29 +0200: Memory Usage (1677460K) : Executing rule colopen_drw_Acute
2026-03-31 18:30:29 +0200: Memory Usage (1677460K) : Executing rule extblock_drw_Acute
2026-03-31 18:30:29 +0200: Memory Usage (1677460K) : Executing rule nldd_drw_Acute
2026-03-31 18:30:29 +0200: Memory Usage (1677460K) : Executing rule pldd_drw_Acute
2026-03-31 18:30:29 +0200: Memory Usage (1677460K) : Executing rule next_drw_Acute
2026-03-31 18:30:29 +0200: Memory Usage (1677460K) : Executing rule pext_drw_Acute
2026-03-31 18:30:29 +0200: Memory Usage (1677460K) : Executing rule nexthv_drw_Acute
2026-03-31 18:30:29 +0200: Memory Usage (1677460K) : Executing rule pexthv_drw_Acute
2026-03-31 18:30:29 +0200: Memory Usage (1677460K) : Executing rule graphgate_drw_Acute
2026-03-31 18:30:29 +0200: Memory Usage (1677460K) : Executing rule mempad_drw_Acute
2026-03-31 18:30:29 +0200: Memory Usage (1677460K) : Executing rule topvia1_drw_Acute
2026-03-31 18:30:30 +0200: Memory Usage (1679316K) : Executing rule topmetal1_drw_Acute
2026-03-31 18:30:30 +0200: Memory Usage (1679316K) : Executing rule topmetal1_pin_Acute
2026-03-31 18:30:31 +0200: Memory Usage (1679316K) : Executing rule topmetal1_mask_Acute
2026-03-31 18:30:31 +0200: Memory Usage (1679316K) : Executing rule topmetal1_filler_Acute
2026-03-31 18:30:31 +0200: Memory Usage (1675284K) : Executing rule topmetal1_nofill_Acute
2026-03-31 18:30:31 +0200: Memory Usage (1675284K) : Executing rule topmetal1_slit_Acute
2026-03-31 18:30:31 +0200: Memory Usage (1675284K) : Executing rule topmetal1_noqrc_Acute
2026-03-31 18:30:31 +0200: Memory Usage (1675284K) : Executing rule topmetal1_res_Acute
2026-03-31 18:30:31 +0200: Memory Usage (1675284K) : Executing rule topmetal1_iprobe_Acute
2026-03-31 18:30:31 +0200: Memory Usage (1675284K) : Executing rule topmetal1_diffprb_Acute
2026-03-31 18:30:31 +0200: Memory Usage (1675284K) : Executing rule inldpwl_drw_Acute
2026-03-31 18:30:31 +0200: Memory Usage (1675284K) : Executing rule polyres_drw_Acute
2026-03-31 18:30:31 +0200: Memory Usage (1675284K) : Executing rule polyres_pin_Acute
2026-03-31 18:30:31 +0200: Memory Usage (1675284K) : Executing rule vmim_drw_Acute
2026-03-31 18:30:31 +0200: Memory Usage (1675284K) : Executing rule nbulaycut_drw_Acute
2026-03-31 18:30:31 +0200: Memory Usage (1675284K) : Executing rule antmetal1_drw_Acute
2026-03-31 18:30:31 +0200: Memory Usage (1675284K) : Executing rule topvia2_drw_Acute
2026-03-31 18:30:31 +0200: Memory Usage (1679380K) : Executing rule topmetal2_drw_Acute
2026-03-31 18:30:31 +0200: Memory Usage (1679380K) : Executing rule topmetal2_pin_Acute
2026-03-31 18:30:31 +0200: Memory Usage (1679380K) : Executing rule topmetal2_mask_Acute
2026-03-31 18:30:31 +0200: Memory Usage (1679380K) : Executing rule topmetal2_filler_Acute
2026-03-31 18:30:32 +0200: Memory Usage (1679380K) : Executing rule topmetal2_nofill_Acute
2026-03-31 18:30:32 +0200: Memory Usage (1679380K) : Executing rule topmetal2_slit_Acute
2026-03-31 18:30:32 +0200: Memory Usage (1679380K) : Executing rule topmetal2_noqrc_Acute
2026-03-31 18:30:32 +0200: Memory Usage (1679380K) : Executing rule topmetal2_res_Acute
2026-03-31 18:30:32 +0200: Memory Usage (1679380K) : Executing rule topmetal2_iprobe_Acute
2026-03-31 18:30:32 +0200: Memory Usage (1679380K) : Executing rule topmetal2_diffprb_Acute
2026-03-31 18:30:32 +0200: Memory Usage (1679380K) : Executing rule snsring_drw_Acute
2026-03-31 18:30:32 +0200: Memory Usage (1679380K) : Executing rule sensor_drw_Acute
2026-03-31 18:30:32 +0200: Memory Usage (1679380K) : Executing rule snsarms_drw_Acute
2026-03-31 18:30:32 +0200: Memory Usage (1679380K) : Executing rule snscmosvia_drw_Acute
2026-03-31 18:30:32 +0200: Memory Usage (1679380K) : Executing rule colwind_drw_Acute
2026-03-31 18:30:32 +0200: Memory Usage (1679380K) : Executing rule flm_drw_Acute
2026-03-31 18:30:32 +0200: Memory Usage (1679380K) : Executing rule hafniumox_drw_Acute
2026-03-31 18:30:32 +0200: Memory Usage (1679380K) : Executing rule memvia_drw_Acute
2026-03-31 18:30:32 +0200: Memory Usage (1679380K) : Executing rule thinfilmres_drw_Acute
2026-03-31 18:30:32 +0200: Memory Usage (1679380K) : Executing rule rfmem_drw_Acute
2026-03-31 18:30:32 +0200: Memory Usage (1679380K) : Executing rule snsbotvia_drw_Acute
2026-03-31 18:30:32 +0200: Memory Usage (1679380K) : Executing rule snstopvia_drw_Acute
2026-03-31 18:30:32 +0200: Memory Usage (1679380K) : Executing rule deepvia_drw_Acute
2026-03-31 18:30:32 +0200: Memory Usage (1679380K) : Executing rule fgetch_drw_Acute
2026-03-31 18:30:32 +0200: Memory Usage (1679380K) : Executing rule ctrgat_drw_Acute
2026-03-31 18:30:32 +0200: Memory Usage (1679380K) : Executing rule fgimp_drw_Acute
2026-03-31 18:30:32 +0200: Memory Usage (1679380K) : Executing rule emwihv_drw_Acute
2026-03-31 18:30:32 +0200: Memory Usage (1679380K) : Executing rule lbe_drw_Acute
2026-03-31 18:30:32 +0200: Memory Usage (1679380K) : Executing rule alcustop_drw_Acute
2026-03-31 18:30:32 +0200: Memory Usage (1679380K) : Executing rule cont_drw_Angle90
2026-03-31 18:32:08 +0200: Memory Usage (5183424K) : Executing rule via1_drw_Angle90
2026-03-31 18:32:19 +0200: Memory Usage (5238884K) : Executing rule via2_drw_Angle90
2026-03-31 18:32:28 +0200: Memory Usage (5293268K) : Executing rule via3_drw_Angle90
2026-03-31 18:32:33 +0200: Memory Usage (5354216K) : Executing rule via4_drw_Angle90
2026-03-31 18:32:36 +0200: Memory Usage (5389304K) : Executing rule vmim_drw_Angle90
2026-03-31 18:32:36 +0200: Memory Usage (5389304K) : Executing rule topvia1_drw_Angle90
2026-03-31 18:32:37 +0200: Memory Usage (4990820K) : Executing rule topvia2_drw_Angle90
2026-03-31 18:32:38 +0200: Memory Usage (4533392K) : Executing rule gatpoly_drw_Angle45
2026-03-31 18:32:49 +0200: Memory Usage (4549808K) : Executing rule activ_drw_Angle45
2026-03-31 18:33:02 +0200: Memory Usage (4597000K) : Executing rule metal1_drw_Angle45
2026-03-31 18:33:57 +0200: Memory Usage (4964696K) : Executing rule metal2_drw_Angle45
2026-03-31 18:34:19 +0200: Memory Usage (5180704K) : Executing rule metal3_drw_Angle45
2026-03-31 18:34:27 +0200: Memory Usage (5347872K) : Executing rule metal4_drw_Angle45
2026-03-31 18:34:29 +0200: Memory Usage (5375316K) : Executing rule metal5_drw_Angle45
2026-03-31 18:34:30 +0200: Memory Usage (5385204K) : Executing rule topmetal1_drw_Angle45
2026-03-31 18:34:30 +0200: Memory Usage (5387464K) : Executing rule topmetal2_drw_Angle45
2026-03-31 18:34:30 +0200: Memory Usage (5387524K) : KLayout DRC run for tables 'angle' completed in 392.44 seconds
