# Logfile created on 2026-03-31 18:27:56 +0200 by logger.rb/v1.5.3
2026-03-31 18:27:56 +0200: Memory Usage (445512K) : Starting running IHP-SG13G2 KLayout DRC runset on /foss/designs/IHP__SoC7610/release/v.1.0.0/gds/octowave.gds
2026-03-31 18:27:56 +0200: Memory Usage (445512K) : Ruby Version for klayout: 3.2.3
2026-03-31 18:28:00 +0200: Memory Usage (660476K) : Loading database to memory is complete.
2026-03-31 18:28:00 +0200: Memory Usage (660476K) : IHP-SG13G2 KLayout DRC runset output at: /foss/designs/IHP__SoC7610/release/v.1.0.0/gds/drc_run_2026_03_31_16_27_33/octowave_octowave_lbe.lyrdb
2026-03-31 18:28:00 +0200: Memory Usage (660476K) : Evaluate switches.
2026-03-31 18:28:00 +0200: Memory Usage (660476K) : tables selected: lbe
2026-03-31 18:28:00 +0200: Memory Usage (660476K) : KLayout will use 32 thread(s) in tiling mode.
2026-03-31 18:28:00 +0200: Memory Usage (660476K) : deep mode is enabled.
2026-03-31 18:28:00 +0200: Memory Usage (660476K) : FEOL enabled: false
2026-03-31 18:28:00 +0200: Memory Usage (660476K) : BEOL enabled: false
2026-03-31 18:28:00 +0200: Memory Usage (660476K) : OFFGRID enabled: false
2026-03-31 18:28:00 +0200: Memory Usage (660476K) : ANGLE enabled: true
2026-03-31 18:28:00 +0200: Memory Usage (660476K) : PIN enabled: false
2026-03-31 18:28:00 +0200: Memory Usage (660476K) : FORBIDDEN enabled: false
2026-03-31 18:28:00 +0200: Memory Usage (660476K) : RECOMMENDED enabled: false
2026-03-31 18:28:00 +0200: Memory Usage (660476K) : PreCheck DRC enabled: true
2026-03-31 18:28:00 +0200: Memory Usage (660476K) : CONNECTIVITY_RULES enabled: false.
2026-03-31 18:28:00 +0200: Memory Usage (660476K) : Read in polygons from layers.
2026-03-31 18:28:00 +0200: Memory Usage (676160K) : activ_drw has 403323 polygons
2026-03-31 18:28:00 +0200: Memory Usage (676160K) : activ_pin has 0 polygons
2026-03-31 18:28:00 +0200: Memory Usage (676160K) : activ_mask has 0 polygons
2026-03-31 18:28:00 +0200: Memory Usage (676160K) : activ_filler has 0 polygons
2026-03-31 18:28:00 +0200: Memory Usage (676160K) : activ_nofill has 0 polygons
2026-03-31 18:28:00 +0200: Memory Usage (676160K) : activ_opc has 0 polygons
2026-03-31 18:28:00 +0200: Memory Usage (676160K) : activ_iopc has 0 polygons
2026-03-31 18:28:00 +0200: Memory Usage (676160K) : activ_noqrc has 0 polygons
2026-03-31 18:28:00 +0200: Memory Usage (676160K) : biwind_drw has 0 polygons
2026-03-31 18:28:00 +0200: Memory Usage (676160K) : biwind_opc has 0 polygons
2026-03-31 18:28:00 +0200: Memory Usage (676160K) : pemwind_drw has 0 polygons
2026-03-31 18:28:01 +0200: Memory Usage (685928K) : gatpoly_drw has 363609 polygons
2026-03-31 18:28:01 +0200: Memory Usage (685928K) : gatpoly_pin has 774 polygons
2026-03-31 18:28:01 +0200: Memory Usage (685928K) : gatpoly_filler has 0 polygons
2026-03-31 18:28:01 +0200: Memory Usage (685928K) : gatpoly_nofill has 0 polygons
2026-03-31 18:28:01 +0200: Memory Usage (685928K) : gatpoly_opc has 0 polygons
2026-03-31 18:28:01 +0200: Memory Usage (685928K) : gatpoly_iopc has 0 polygons
2026-03-31 18:28:01 +0200: Memory Usage (685928K) : gatpoly_noqrc has 0 polygons
2026-03-31 18:28:05 +0200: Memory Usage (753892K) : cont_drw has 11013776 polygons
2026-03-31 18:28:05 +0200: Memory Usage (753892K) : cont_opc has 0 polygons
2026-03-31 18:28:05 +0200: Memory Usage (753892K) : nsd_drw has 0 polygons
2026-03-31 18:28:05 +0200: Memory Usage (753892K) : nsd_block has 0 polygons
2026-03-31 18:28:07 +0200: Memory Usage (762460K) : metal1_drw has 833614 polygons
2026-03-31 18:28:08 +0200: Memory Usage (762460K) : metal1_pin has 347782 polygons
2026-03-31 18:28:08 +0200: Memory Usage (762460K) : metal1_mask has 0 polygons
2026-03-31 18:28:08 +0200: Memory Usage (762460K) : metal1_filler has 0 polygons
2026-03-31 18:28:08 +0200: Memory Usage (762460K) : metal1_nofill has 0 polygons
2026-03-31 18:28:08 +0200: Memory Usage (762460K) : metal1_slit has 0 polygons
2026-03-31 18:28:08 +0200: Memory Usage (767980K) : metal1_text has 338966 polygons
2026-03-31 18:28:08 +0200: Memory Usage (767980K) : metal1_opc has 0 polygons
2026-03-31 18:28:08 +0200: Memory Usage (767980K) : metal1_noqrc has 0 polygons
2026-03-31 18:28:08 +0200: Memory Usage (767980K) : metal1_res has 0 polygons
2026-03-31 18:28:08 +0200: Memory Usage (767980K) : metal1_iprobe has 0 polygons
2026-03-31 18:28:08 +0200: Memory Usage (767980K) : metal1_diffprb has 0 polygons
2026-03-31 18:28:08 +0200: Memory Usage (767980K) : passiv_drw has 120 polygons
2026-03-31 18:28:08 +0200: Memory Usage (767980K) : passiv_pin has 0 polygons
2026-03-31 18:28:08 +0200: Memory Usage (767980K) : passiv_sbump has 0 polygons
2026-03-31 18:28:08 +0200: Memory Usage (767980K) : passiv_pillar has 0 polygons
2026-03-31 18:28:08 +0200: Memory Usage (767980K) : passiv_pdl has 0 polygons
2026-03-31 18:28:09 +0200: Memory Usage (786196K) : metal2_drw has 659685 polygons
2026-03-31 18:28:09 +0200: Memory Usage (786196K) : metal2_pin has 2290 polygons
2026-03-31 18:28:09 +0200: Memory Usage (786196K) : metal2_mask has 0 polygons
2026-03-31 18:28:09 +0200: Memory Usage (786196K) : metal2_filler has 1143 polygons
2026-03-31 18:28:09 +0200: Memory Usage (786196K) : metal2_nofill has 0 polygons
2026-03-31 18:28:09 +0200: Memory Usage (786196K) : metal2_slit has 0 polygons
2026-03-31 18:28:09 +0200: Memory Usage (786196K) : metal2_text has 2158 polygons
2026-03-31 18:28:09 +0200: Memory Usage (786196K) : metal2_opc has 0 polygons
2026-03-31 18:28:09 +0200: Memory Usage (786196K) : metal2_noqrc has 0 polygons
2026-03-31 18:28:09 +0200: Memory Usage (786196K) : metal2_res has 0 polygons
2026-03-31 18:28:09 +0200: Memory Usage (786196K) : metal2_iprobe has 0 polygons
2026-03-31 18:28:09 +0200: Memory Usage (786196K) : metal2_diffprb has 0 polygons
2026-03-31 18:28:09 +0200: Memory Usage (786196K) : baspoly_drw has 0 polygons
2026-03-31 18:28:09 +0200: Memory Usage (786196K) : baspoly_pin has 0 polygons
2026-03-31 18:28:09 +0200: Memory Usage (786196K) : psd_drw has 190070 polygons
2026-03-31 18:28:09 +0200: Memory Usage (786196K) : nldb_drw has 0 polygons
2026-03-31 18:28:09 +0200: Memory Usage (786196K) : digibnd_drw has 0 polygons
2026-03-31 18:28:09 +0200: Memory Usage (792268K) : via1_drw has 641588 polygons
2026-03-31 18:28:09 +0200: Memory Usage (792268K) : backmetal1_drw has 0 polygons
2026-03-31 18:28:09 +0200: Memory Usage (792268K) : backmetal1_pin has 0 polygons
2026-03-31 18:28:09 +0200: Memory Usage (792268K) : backmetal1_mask has 0 polygons
2026-03-31 18:28:09 +0200: Memory Usage (792268K) : backmetal1_filler has 0 polygons
2026-03-31 18:28:09 +0200: Memory Usage (792268K) : backmetal1_nofill has 0 polygons
2026-03-31 18:28:09 +0200: Memory Usage (792268K) : backmetal1_slit has 0 polygons
2026-03-31 18:28:09 +0200: Memory Usage (792268K) : backmetal1_text has 0 polygons
2026-03-31 18:28:09 +0200: Memory Usage (792268K) : backmetal1_opc has 0 polygons
2026-03-31 18:28:09 +0200: Memory Usage (792268K) : backmetal1_noqrc has 0 polygons
2026-03-31 18:28:09 +0200: Memory Usage (792268K) : backmetal1_res has 0 polygons
2026-03-31 18:28:09 +0200: Memory Usage (792268K) : backmetal1_iprobe has 0 polygons
2026-03-31 18:28:09 +0200: Memory Usage (792268K) : backmetal1_diffprb has 0 polygons
2026-03-31 18:28:09 +0200: Memory Usage (792268K) : backpassiv_drw has 0 polygons
2026-03-31 18:28:09 +0200: Memory Usage (792268K) : res_drw has 0 polygons
2026-03-31 18:28:09 +0200: Memory Usage (792268K) : sram_drw has 0 polygons
2026-03-31 18:28:09 +0200: Memory Usage (792268K) : trans_drw has 0 polygons
2026-03-31 18:28:09 +0200: Memory Usage (792268K) : ind_drw has 0 polygons
2026-03-31 18:28:09 +0200: Memory Usage (792268K) : ind_pin has 0 polygons
2026-03-31 18:28:09 +0200: Memory Usage (792268K) : ind_text has 0 polygons
2026-03-31 18:28:09 +0200: Memory Usage (792268K) : salblock_drw has 1125 polygons
2026-03-31 18:28:10 +0200: Memory Usage (797020K) : via2_drw has 688861 polygons
2026-03-31 18:28:10 +0200: Memory Usage (805996K) : metal3_drw has 331012 polygons
2026-03-31 18:28:10 +0200: Memory Usage (805996K) : metal3_pin has 1918 polygons
2026-03-31 18:28:10 +0200: Memory Usage (805996K) : metal3_mask has 0 polygons
2026-03-31 18:28:10 +0200: Memory Usage (805996K) : metal3_filler has 1636 polygons
2026-03-31 18:28:10 +0200: Memory Usage (805996K) : metal3_nofill has 0 polygons
2026-03-31 18:28:10 +0200: Memory Usage (805996K) : metal3_slit has 0 polygons
2026-03-31 18:28:10 +0200: Memory Usage (805996K) : metal3_text has 1467 polygons
2026-03-31 18:28:10 +0200: Memory Usage (805996K) : metal3_opc has 0 polygons
2026-03-31 18:28:10 +0200: Memory Usage (805996K) : metal3_noqrc has 0 polygons
2026-03-31 18:28:10 +0200: Memory Usage (805996K) : metal3_res has 0 polygons
2026-03-31 18:28:10 +0200: Memory Usage (805996K) : metal3_iprobe has 0 polygons
2026-03-31 18:28:10 +0200: Memory Usage (805996K) : metal3_diffprb has 0 polygons
2026-03-31 18:28:10 +0200: Memory Usage (805996K) : nwell_drw has 93113 polygons
2026-03-31 18:28:10 +0200: Memory Usage (805996K) : nwell_pin has 0 polygons
2026-03-31 18:28:10 +0200: Memory Usage (805996K) : nbulay_drw has 1974 polygons
2026-03-31 18:28:10 +0200: Memory Usage (805996K) : nbulay_pin has 0 polygons
2026-03-31 18:28:10 +0200: Memory Usage (805996K) : nbulay_block has 0 polygons
2026-03-31 18:28:10 +0200: Memory Usage (805996K) : emwind_drw has 0 polygons
2026-03-31 18:28:10 +0200: Memory Usage (805996K) : emwind_opc has 0 polygons
2026-03-31 18:28:10 +0200: Memory Usage (805996K) : deepco_drw has 0 polygons
2026-03-31 18:28:10 +0200: Memory Usage (805996K) : deepco_drw has 0 polygons
2026-03-31 18:28:10 +0200: Memory Usage (805996K) : mim_drw has 176 polygons
2026-03-31 18:28:10 +0200: Memory Usage (805996K) : edgeseal_drw has 24 polygons
2026-03-31 18:28:10 +0200: Memory Usage (805996K) : edgeseal_bound has 1 polygons
2026-03-31 18:28:10 +0200: Memory Usage (805996K) : substrate_drw has 6577 polygons
2026-03-31 18:28:10 +0200: Memory Usage (805996K) : substrate_text has 0 polygons
2026-03-31 18:28:10 +0200: Memory Usage (805996K) : dfpad_drw has 108 polygons
2026-03-31 18:28:10 +0200: Memory Usage (805996K) : dfpad_pillar has 0 polygons
2026-03-31 18:28:10 +0200: Memory Usage (805996K) : dfpad_sbump has 0 polygons
2026-03-31 18:28:10 +0200: Memory Usage (805996K) : thickgateox_drw has 197 polygons
2026-03-31 18:28:10 +0200: Memory Usage (805996K) : pldb_drw has 0 polygons
2026-03-31 18:28:10 +0200: Memory Usage (805996K) : pwell_drw has 0 polygons
2026-03-31 18:28:10 +0200: Memory Usage (805996K) : pwell_pin has 0 polygons
2026-03-31 18:28:10 +0200: Memory Usage (805996K) : pwell_block has 0 polygons
2026-03-31 18:28:10 +0200: Memory Usage (805996K) : ic_drw has 0 polygons
2026-03-31 18:28:10 +0200: Memory Usage (805996K) : via3_drw has 345358 polygons
2026-03-31 18:28:10 +0200: Memory Usage (805996K) : metal4_drw has 74299 polygons
2026-03-31 18:28:10 +0200: Memory Usage (805996K) : metal4_pin has 1805 polygons
2026-03-31 18:28:10 +0200: Memory Usage (805996K) : metal4_mask has 0 polygons
2026-03-31 18:28:10 +0200: Memory Usage (805996K) : metal4_filler has 21889 polygons
2026-03-31 18:28:10 +0200: Memory Usage (805996K) : metal4_nofill has 0 polygons
2026-03-31 18:28:10 +0200: Memory Usage (805996K) : metal4_slit has 0 polygons
2026-03-31 18:28:10 +0200: Memory Usage (805996K) : metal4_text has 1357 polygons
2026-03-31 18:28:10 +0200: Memory Usage (805996K) : metal4_opc has 0 polygons
2026-03-31 18:28:10 +0200: Memory Usage (805996K) : metal4_noqrc has 0 polygons
2026-03-31 18:28:10 +0200: Memory Usage (805996K) : metal4_res has 0 polygons
2026-03-31 18:28:10 +0200: Memory Usage (805996K) : metal4_iprobe has 0 polygons
2026-03-31 18:28:10 +0200: Memory Usage (805996K) : metal4_diffprb has 0 polygons
2026-03-31 18:28:10 +0200: Memory Usage (805996K) : heattrans_drw has 9084 polygons
2026-03-31 18:28:10 +0200: Memory Usage (805996K) : heatres_drw has 1042 polygons
2026-03-31 18:28:10 +0200: Memory Usage (805996K) : pempoly_drw has 0 polygons
2026-03-31 18:28:10 +0200: Memory Usage (805996K) : fbe_drw has 0 polygons
2026-03-31 18:28:10 +0200: Memory Usage (805996K) : empoly_drw has 0 polygons
2026-03-31 18:28:10 +0200: Memory Usage (805996K) : ldmos_drw has 0 polygons
2026-03-31 18:28:10 +0200: Memory Usage (805996K) : pbiwind_drw has 0 polygons
2026-03-31 18:28:10 +0200: Memory Usage (805996K) : digisub_drw has 0 polygons
2026-03-31 18:28:10 +0200: Memory Usage (805996K) : nodrc_drw has 0 polygons
2026-03-31 18:28:10 +0200: Memory Usage (805996K) : text_drw has 4679 polygons
2026-03-31 18:28:11 +0200: Memory Usage (807316K) : via4_drw has 329885 polygons
2026-03-31 18:28:11 +0200: Memory Usage (807316K) : metal5_drw has 33477 polygons
2026-03-31 18:28:11 +0200: Memory Usage (807316K) : metal5_pin has 1746 polygons
2026-03-31 18:28:11 +0200: Memory Usage (807316K) : metal5_mask has 0 polygons
2026-03-31 18:28:11 +0200: Memory Usage (807316K) : metal5_filler has 24498 polygons
2026-03-31 18:28:11 +0200: Memory Usage (807316K) : metal5_nofill has 0 polygons
2026-03-31 18:28:11 +0200: Memory Usage (807316K) : metal5_slit has 0 polygons
2026-03-31 18:28:11 +0200: Memory Usage (807316K) : metal5_text has 1298 polygons
2026-03-31 18:28:11 +0200: Memory Usage (807316K) : metal5_opc has 0 polygons
2026-03-31 18:28:11 +0200: Memory Usage (807316K) : metal5_noqrc has 0 polygons
2026-03-31 18:28:11 +0200: Memory Usage (807316K) : metal5_res has 0 polygons
2026-03-31 18:28:11 +0200: Memory Usage (807316K) : metal5_iprobe has 0 polygons
2026-03-31 18:28:11 +0200: Memory Usage (807316K) : metal5_diffprb has 0 polygons
2026-03-31 18:28:11 +0200: Memory Usage (807316K) : radhard_drw has 0 polygons
2026-03-31 18:28:11 +0200: Memory Usage (807316K) : memcap_drw has 0 polygons
2026-03-31 18:28:11 +0200: Memory Usage (807316K) : varicap_drw has 0 polygons
2026-03-31 18:28:11 +0200: Memory Usage (807316K) : flash_drw has 0 polygons
2026-03-31 18:28:11 +0200: Memory Usage (807316K) : intbondvia_drw has 0 polygons
2026-03-31 18:28:11 +0200: Memory Usage (807316K) : intbondmet_drw has 0 polygons
2026-03-31 18:28:11 +0200: Memory Usage (807316K) : devbondvia_drw has 0 polygons
2026-03-31 18:28:11 +0200: Memory Usage (807316K) : devbondmet_drw has 0 polygons
2026-03-31 18:28:11 +0200: Memory Usage (807316K) : devtrench_drw has 0 polygons
2026-03-31 18:28:11 +0200: Memory Usage (807316K) : redist_drw has 0 polygons
2026-03-31 18:28:11 +0200: Memory Usage (807316K) : graphbot_drw has 0 polygons
2026-03-31 18:28:11 +0200: Memory Usage (807316K) : graphtop_drw has 0 polygons
2026-03-31 18:28:11 +0200: Memory Usage (807316K) : antvia1_drw has 0 polygons
2026-03-31 18:28:11 +0200: Memory Usage (807316K) : antmetal2_drw has 0 polygons
2026-03-31 18:28:11 +0200: Memory Usage (807316K) : graphcont_drw has 0 polygons
2026-03-31 18:28:11 +0200: Memory Usage (807316K) : siwg_drw has 0 polygons
2026-03-31 18:28:11 +0200: Memory Usage (807316K) : siwg_filler has 0 polygons
2026-03-31 18:28:11 +0200: Memory Usage (807316K) : siwg_nofill has 0 polygons
2026-03-31 18:28:11 +0200: Memory Usage (807316K) : sigrating_drw has 0 polygons
2026-03-31 18:28:11 +0200: Memory Usage (807316K) : singrating_drw has 0 polygons
2026-03-31 18:28:11 +0200: Memory Usage (807316K) : graphpas_drw has 0 polygons
2026-03-31 18:28:11 +0200: Memory Usage (807316K) : emwind3_drw has 0 polygons
2026-03-31 18:28:11 +0200: Memory Usage (807316K) : emwihv3_drw has 0 polygons
2026-03-31 18:28:11 +0200: Memory Usage (807316K) : redbulay_drw has 0 polygons
2026-03-31 18:28:11 +0200: Memory Usage (807316K) : smos_drw has 0 polygons
2026-03-31 18:28:11 +0200: Memory Usage (807316K) : graphpad_drw has 0 polygons
2026-03-31 18:28:11 +0200: Memory Usage (807316K) : polimide_drw has 0 polygons
2026-03-31 18:28:11 +0200: Memory Usage (807316K) : polimide_pin has 0 polygons
2026-03-31 18:28:11 +0200: Memory Usage (807316K) : recog_drw has 0 polygons
2026-03-31 18:28:11 +0200: Memory Usage (807316K) : recog_pin has 0 polygons
2026-03-31 18:28:11 +0200: Memory Usage (807316K) : recog_esd has 0 polygons
2026-03-31 18:28:11 +0200: Memory Usage (807316K) : recog_diode has 537 polygons
2026-03-31 18:28:11 +0200: Memory Usage (807316K) : recog_tsv has 0 polygons
2026-03-31 18:28:11 +0200: Memory Usage (807316K) : recog_iprobe has 0 polygons
2026-03-31 18:28:11 +0200: Memory Usage (807316K) : recog_diffprb has 0 polygons
2026-03-31 18:28:11 +0200: Memory Usage (807316K) : recog_pillar has 0 polygons
2026-03-31 18:28:11 +0200: Memory Usage (807316K) : recog_sbump has 0 polygons
2026-03-31 18:28:11 +0200: Memory Usage (807316K) : recog_otp has 0 polygons
2026-03-31 18:28:11 +0200: Memory Usage (807316K) : recog_pdiode has 0 polygons
2026-03-31 18:28:11 +0200: Memory Usage (807316K) : recog_mom has 0 polygons
2026-03-31 18:28:11 +0200: Memory Usage (807316K) : recog_pcm has 0 polygons
2026-03-31 18:28:11 +0200: Memory Usage (807316K) : colopen_drw has 0 polygons
2026-03-31 18:28:11 +0200: Memory Usage (807316K) : graphmetal1_drw has 0 polygons
2026-03-31 18:28:11 +0200: Memory Usage (807316K) : graphmetal1_filler has 0 polygons
2026-03-31 18:28:11 +0200: Memory Usage (807316K) : graphmetal1_nofill has 0 polygons
2026-03-31 18:28:11 +0200: Memory Usage (807316K) : graphmetal1_slit has 0 polygons
2026-03-31 18:28:11 +0200: Memory Usage (807316K) : graphmetal1_opc has 0 polygons
2026-03-31 18:28:11 +0200: Memory Usage (807316K) : graphmet1l_drw has 0 polygons
2026-03-31 18:28:11 +0200: Memory Usage (807316K) : graphmet1l_filler has 0 polygons
2026-03-31 18:28:11 +0200: Memory Usage (807316K) : graphmet1l_nofill has 0 polygons
2026-03-31 18:28:11 +0200: Memory Usage (807316K) : graphmet1l_slit has 0 polygons
2026-03-31 18:28:11 +0200: Memory Usage (807316K) : graphmet1l_opc has 0 polygons
2026-03-31 18:28:11 +0200: Memory Usage (807316K) : extblock_drw has 475 polygons
2026-03-31 18:28:11 +0200: Memory Usage (807316K) : nldd_drw has 0 polygons
2026-03-31 18:28:11 +0200: Memory Usage (807316K) : pldd_drw has 0 polygons
2026-03-31 18:28:11 +0200: Memory Usage (807316K) : next_drw has 0 polygons
2026-03-31 18:28:11 +0200: Memory Usage (807316K) : pext_drw has 0 polygons
2026-03-31 18:28:11 +0200: Memory Usage (807316K) : nexthv_drw has 0 polygons
2026-03-31 18:28:11 +0200: Memory Usage (807316K) : pexthv_drw has 0 polygons
2026-03-31 18:28:11 +0200: Memory Usage (807316K) : graphgate_drw has 0 polygons
2026-03-31 18:28:11 +0200: Memory Usage (807316K) : sinwg_drw has 0 polygons
2026-03-31 18:28:11 +0200: Memory Usage (807316K) : sinwg_filler has 0 polygons
2026-03-31 18:28:11 +0200: Memory Usage (807316K) : sinwg_nofill has 0 polygons
2026-03-31 18:28:11 +0200: Memory Usage (807316K) : mempad_drw has 0 polygons
2026-03-31 18:28:11 +0200: Memory Usage (807580K) : topvia1_drw has 266080 polygons
2026-03-31 18:28:11 +0200: Memory Usage (807844K) : topmetal1_drw has 7868 polygons
2026-03-31 18:28:11 +0200: Memory Usage (807844K) : topmetal1_pin has 1915 polygons
2026-03-31 18:28:11 +0200: Memory Usage (808108K) : topmetal1_mask has 0 polygons
2026-03-31 18:28:11 +0200: Memory Usage (808108K) : topmetal1_filler has 5304 polygons
2026-03-31 18:28:11 +0200: Memory Usage (808372K) : topmetal1_nofill has 0 polygons
2026-03-31 18:28:11 +0200: Memory Usage (808372K) : topmetal1_slit has 0 polygons
2026-03-31 18:28:11 +0200: Memory Usage (808372K) : topmetal1_text has 1417 polygons
2026-03-31 18:28:11 +0200: Memory Usage (808372K) : topmetal1_noqrc has 0 polygons
2026-03-31 18:28:11 +0200: Memory Usage (808372K) : topmetal1_res has 0 polygons
2026-03-31 18:28:11 +0200: Memory Usage (808372K) : topmetal1_iprobe has 0 polygons
2026-03-31 18:28:11 +0200: Memory Usage (808372K) : topmetal1_diffprb has 0 polygons
2026-03-31 18:28:11 +0200: Memory Usage (808636K) : inldpwl_drw has 0 polygons
2026-03-31 18:28:11 +0200: Memory Usage (808636K) : polyres_drw has 1042 polygons
2026-03-31 18:28:11 +0200: Memory Usage (808636K) : polyres_pin has 0 polygons
2026-03-31 18:28:11 +0200: Memory Usage (808636K) : vmim_drw has 0 polygons
2026-03-31 18:28:11 +0200: Memory Usage (808900K) : nbulaycut_drw has 0 polygons
2026-03-31 18:28:11 +0200: Memory Usage (808900K) : antmetal1_drw has 0 polygons
2026-03-31 18:28:11 +0200: Memory Usage (808900K) : topvia2_drw has 175194 polygons
2026-03-31 18:28:11 +0200: Memory Usage (809164K) : topmetal2_drw has 2219 polygons
2026-03-31 18:28:11 +0200: Memory Usage (809164K) : topmetal2_pin has 1489 polygons
2026-03-31 18:28:11 +0200: Memory Usage (809428K) : topmetal2_mask has 0 polygons
2026-03-31 18:28:11 +0200: Memory Usage (809428K) : topmetal2_filler has 5280 polygons
2026-03-31 18:28:11 +0200: Memory Usage (809692K) : topmetal2_nofill has 0 polygons
2026-03-31 18:28:11 +0200: Memory Usage (809692K) : topmetal2_slit has 0 polygons
2026-03-31 18:28:11 +0200: Memory Usage (809692K) : topmetal2_text has 1457 polygons
2026-03-31 18:28:11 +0200: Memory Usage (809692K) : topmetal2_noqrc has 0 polygons
2026-03-31 18:28:11 +0200: Memory Usage (809692K) : topmetal2_res has 0 polygons
2026-03-31 18:28:11 +0200: Memory Usage (809692K) : topmetal2_iprobe has 0 polygons
2026-03-31 18:28:11 +0200: Memory Usage (809956K) : topmetal2_diffprb has 0 polygons
2026-03-31 18:28:11 +0200: Memory Usage (809956K) : snsring_drw has 0 polygons
2026-03-31 18:28:11 +0200: Memory Usage (809956K) : sensor_drw has 0 polygons
2026-03-31 18:28:11 +0200: Memory Usage (809956K) : snsarms_drw has 0 polygons
2026-03-31 18:28:11 +0200: Memory Usage (810220K) : snscmosvia_drw has 0 polygons
2026-03-31 18:28:11 +0200: Memory Usage (810220K) : colwind_drw has 0 polygons
2026-03-31 18:28:11 +0200: Memory Usage (810220K) : flm_drw has 0 polygons
2026-03-31 18:28:11 +0200: Memory Usage (810220K) : hafniumox_drw has 0 polygons
2026-03-31 18:28:11 +0200: Memory Usage (810220K) : memvia_drw has 0 polygons
2026-03-31 18:28:11 +0200: Memory Usage (810484K) : thinfilmres_drw has 0 polygons
2026-03-31 18:28:11 +0200: Memory Usage (810484K) : rfmem_drw has 0 polygons
2026-03-31 18:28:11 +0200: Memory Usage (810484K) : norcx_drw has 0 polygons
2026-03-31 18:28:11 +0200: Memory Usage (810484K) : norcx_m2m3 has 0 polygons
2026-03-31 18:28:11 +0200: Memory Usage (810484K) : norcx_m2m4 has 0 polygons
2026-03-31 18:28:11 +0200: Memory Usage (810748K) : norcx_m2m5 has 0 polygons
2026-03-31 18:28:11 +0200: Memory Usage (810748K) : norcx_m2tm1 has 0 polygons
2026-03-31 18:28:11 +0200: Memory Usage (810748K) : norcx_m2tm2 has 0 polygons
2026-03-31 18:28:11 +0200: Memory Usage (810748K) : norcx_m3m4 has 0 polygons
2026-03-31 18:28:11 +0200: Memory Usage (810748K) : norcx_m3m5 has 0 polygons
2026-03-31 18:28:11 +0200: Memory Usage (811012K) : norcx_m3tm1 has 0 polygons
2026-03-31 18:28:11 +0200: Memory Usage (811012K) : norcx_m3tm2 has 0 polygons
2026-03-31 18:28:11 +0200: Memory Usage (811012K) : norcx_m4m5 has 0 polygons
2026-03-31 18:28:11 +0200: Memory Usage (811012K) : norcx_m4tm1 has 0 polygons
2026-03-31 18:28:11 +0200: Memory Usage (811012K) : norcx_m4tm2 has 0 polygons
2026-03-31 18:28:11 +0200: Memory Usage (811276K) : norcx_m5tm1 has 0 polygons
2026-03-31 18:28:11 +0200: Memory Usage (811276K) : norcx_m5tm2 has 0 polygons
2026-03-31 18:28:11 +0200: Memory Usage (811276K) : norcx_tm1tm2 has 0 polygons
2026-03-31 18:28:11 +0200: Memory Usage (811276K) : norcx_m1sub has 0 polygons
2026-03-31 18:28:11 +0200: Memory Usage (811540K) : norcx_m2sub has 0 polygons
2026-03-31 18:28:11 +0200: Memory Usage (811540K) : norcx_m3sub has 0 polygons
2026-03-31 18:28:11 +0200: Memory Usage (811540K) : norcx_m4sub has 0 polygons
2026-03-31 18:28:11 +0200: Memory Usage (811540K) : norcx_m5sub has 0 polygons
2026-03-31 18:28:11 +0200: Memory Usage (811540K) : norcx_tm1sub has 0 polygons
2026-03-31 18:28:11 +0200: Memory Usage (811804K) : norcx_tm2sub has 0 polygons
2026-03-31 18:28:11 +0200: Memory Usage (811804K) : snsbotvia_drw has 0 polygons
2026-03-31 18:28:11 +0200: Memory Usage (811804K) : snstopvia_drw has 0 polygons
2026-03-31 18:28:11 +0200: Memory Usage (811804K) : deepvia_drw has 0 polygons
2026-03-31 18:28:11 +0200: Memory Usage (811804K) : fgetch_drw has 0 polygons
2026-03-31 18:28:11 +0200: Memory Usage (812068K) : ctrgat_drw has 0 polygons
2026-03-31 18:28:11 +0200: Memory Usage (812068K) : fgimp_drw has 0 polygons
2026-03-31 18:28:11 +0200: Memory Usage (812068K) : emwihv_drw has 0 polygons
2026-03-31 18:28:11 +0200: Memory Usage (812068K) : lbe_drw has 0 polygons
2026-03-31 18:28:11 +0200: Memory Usage (812068K) : alcustop_drw has 0 polygons
2026-03-31 18:28:11 +0200: Memory Usage (812332K) : nometfiller_drw has 0 polygons
2026-03-31 18:28:11 +0200: Memory Usage (812332K) : prboundary_drw has 0 polygons
2026-03-31 18:28:11 +0200: Memory Usage (812332K) : exchange0_drw has 0 polygons
2026-03-31 18:28:11 +0200: Memory Usage (812332K) : exchange0_pin has 0 polygons
2026-03-31 18:28:11 +0200: Memory Usage (812332K) : exchange0_text has 0 polygons
2026-03-31 18:28:11 +0200: Memory Usage (812596K) : exchange1_drw has 0 polygons
2026-03-31 18:28:11 +0200: Memory Usage (812596K) : exchange1_pin has 0 polygons
2026-03-31 18:28:11 +0200: Memory Usage (812596K) : exchange1_text has 0 polygons
2026-03-31 18:28:11 +0200: Memory Usage (812596K) : exchange2_drw has 0 polygons
2026-03-31 18:28:11 +0200: Memory Usage (812596K) : exchange2_pin has 0 polygons
2026-03-31 18:28:11 +0200: Memory Usage (812860K) : exchange2_text has 0 polygons
2026-03-31 18:28:11 +0200: Memory Usage (812860K) : exchange3_drw has 0 polygons
2026-03-31 18:28:11 +0200: Memory Usage (812860K) : exchange3_pin has 0 polygons
2026-03-31 18:28:11 +0200: Memory Usage (812860K) : exchange3_text has 0 polygons
2026-03-31 18:28:11 +0200: Memory Usage (812860K) : exchange4_drw has 0 polygons
2026-03-31 18:28:11 +0200: Memory Usage (813124K) : exchange4_pin has 0 polygons
2026-03-31 18:28:11 +0200: Memory Usage (813124K) : exchange4_text has 0 polygons
2026-03-31 18:28:11 +0200: Memory Usage (813124K) : isonwell_drw has 0 polygons
2026-03-31 18:28:11 +0200: Memory Usage (813124K) : Total no. of polygons in the design is 17247781
2026-03-31 18:28:11 +0200: Memory Usage (813124K) : Loaded TECH DRC rules values from /foss/pdks/ihp-sg13g2/libs.tech/klayout/python/sg13g2_pycell_lib/sg13g2_tech_mod.json
2026-03-31 18:28:11 +0200: Memory Usage (813124K) : Loaded default DRC rules values from /foss/pdks/ihp-sg13g2/libs.tech/klayout/tech/drc/rule_decks/sg13g2_tech_default.json
2026-03-31 18:28:11 +0200: Memory Usage (813124K) : The following rules values were missing in tech json and default values were used:
2026-03-31 18:28:11 +0200: Memory Usage (813124K) :   - NW_f1_digibnd
2026-03-31 18:28:11 +0200: Memory Usage (813124K) :   - Cnt_c_digibnd
2026-03-31 18:28:11 +0200: Memory Usage (813124K) :   - Cnt_c_sram
2026-03-31 18:28:11 +0200: Memory Usage (813124K) :   - Sdiod_b
2026-03-31 18:28:11 +0200: Memory Usage (813124K) :   - Sdiod_c
2026-03-31 18:28:11 +0200: Memory Usage (814612K) : Total area of the design is 11222500.0 um^2.
2026-03-31 18:28:11 +0200: Memory Usage (814612K) : The design dimensions are 3350.0 µm * 3350.0 µm.
2026-03-31 18:28:11 +0200: Memory Usage (814612K) : Starting general IHP-SG13G2 derivations.
2026-03-31 18:28:11 +0200: Memory Usage (814612K) : Starting Pwell derivations
2026-03-31 18:28:12 +0200: Memory Usage (848676K) : Starting IHP-SG13G2 DRC rules.
2026-03-31 18:28:12 +0200: Memory Usage (848676K) : Starting 9.1. LBE table
2026-03-31 18:28:12 +0200: Memory Usage (848676K) : Executing rule LBE.a
2026-03-31 18:28:12 +0200: Memory Usage (848676K) : Executing rule LBE.b
2026-03-31 18:28:12 +0200: Memory Usage (848676K) : Executing rule LBE.b1
2026-03-31 18:28:12 +0200: Memory Usage (848676K) : Executing rule LBE.c
2026-03-31 18:28:12 +0200: Memory Usage (848676K) : Executing rule LBE.d
2026-03-31 18:28:12 +0200: Memory Usage (848676K) : Executing rule LBE.h
2026-03-31 18:28:12 +0200: Memory Usage (848676K) : KLayout DRC run for tables 'lbe' completed in 15.74 seconds
